[2021/06/26 13:56:54.200] - Starting server with initial configuration: {"gasLimit":1,"gasPrice":0,"hardfork":"muirGlacier","hostname":"127.0.0.1","port":8545,"network_id":5777,"default_balance_ether":0,"total_accounts":8,"unlocked_accounts":[],"locked":false,"vmErrorsOnRPCResponse":true,"verbose":true,"db_path":"C:\\Users\\shaii\\AppData\\Roaming\\Ganache\\workspaces\\MrC_final\\chaindata","logDirectory":"C:\\Users\\shaii\\Desktop\\projects\\MrC\\network"}
[2021/06/26 13:56:54.471] - eth_getCode
[2021/06/26 13:56:54.473] -    > {
   >   "jsonrpc": "2.0",
   >   "id": 4,
   >   "method": "eth_getCode",
   >   "params": [
   >     "0x8c8a5c06f335f8d4bec7c3cabb23c8c2253a1cbd",
   >     "latest"
   >   ]
   > }
[2021/06/26 13:56:54.476] - eth_subscribe
[2021/06/26 13:56:54.477] -    > {
   >   "jsonrpc": "2.0",
   >   "id": 1,
   >   "method": "eth_subscribe",
   >   "params": [
   >     "newHeads"
   >   ]
   > }
[2021/06/26 13:56:54.480] - eth_getLogs
[2021/06/26 13:56:54.481] -    > {
   >   "jsonrpc": "2.0",
   >   "id": 2,
   >   "method": "eth_getLogs",
   >   "params": [
   >     {
   >       "topics": []
   >     }
   >   ]
   > }
[2021/06/26 13:56:54.483] - eth_subscribe
[2021/06/26 13:56:54.484] -    > {
   >   "jsonrpc": "2.0",
   >   "id": 3,
   >   "method": "eth_subscribe",
   >   "params": [
   >     "logs",
   >     {
   >       "topics": []
   >     }
   >   ]
   > }
[2021/06/26 13:56:54.489] -  <   {
 <     "id": 4,
 <     "jsonrpc": "2.0",
 <     "result": "0x"
 <   }
[2021/06/26 13:56:54.493] -  <   {
 <     "id": 1,
 <     "jsonrpc": "2.0",
 <     "result": "0x1"
 <   }
[2021/06/26 13:56:54.532] -  <   {
 <     "id": 2,
 <     "jsonrpc": "2.0",
 <     "result": []
 <   }
[2021/06/26 13:56:54.539] -  <   {
 <     "id": 3,
 <     "jsonrpc": "2.0",
 <     "result": "0x2"
 <   }
[2021/06/26 13:56:54.691] - eth_subscribe
[2021/06/26 13:56:54.692] -    > {
   >   "jsonrpc": "2.0",
   >   "id": 5,
   >   "method": "eth_subscribe",
   >   "params": [
   >     "newHeads"
   >   ]
   > }
[2021/06/26 13:56:54.694] - eth_getLogs
[2021/06/26 13:56:54.695] -    > {
   >   "jsonrpc": "2.0",
   >   "id": 6,
   >   "method": "eth_getLogs",
   >   "params": [
   >     {
   >       "topics": []
   >     }
   >   ]
   > }
[2021/06/26 13:56:54.696] - eth_subscribe
[2021/06/26 13:56:54.697] -    > {
   >   "jsonrpc": "2.0",
   >   "id": 7,
   >   "method": "eth_subscribe",
   >   "params": [
   >     "logs",
   >     {
   >       "topics": []
   >     }
   >   ]
   > }
[2021/06/26 13:56:54.699] -  <   {
 <     "id": 5,
 <     "jsonrpc": "2.0",
 <     "result": "0x3"
 <   }
[2021/06/26 13:56:54.708] -  <   {
 <     "id": 6,
 <     "jsonrpc": "2.0",
 <     "result": []
 <   }
[2021/06/26 13:56:54.723] -  <   {
 <     "id": 7,
 <     "jsonrpc": "2.0",
 <     "result": "0x4"
 <   }
[2021/06/26 13:56:55.083] - eth_accounts
[2021/06/26 13:56:55.085] -    > {
   >   "jsonrpc": "2.0",
   >   "id": 2,
   >   "method": "eth_accounts",
   >   "params": [],
   >   "internal": true
   > }
[2021/06/26 13:56:55.089] - eth_gasPrice
[2021/06/26 13:56:55.090] -    > {
   >   "jsonrpc": "2.0",
   >   "id": 3,
   >   "method": "eth_gasPrice",
   >   "params": [],
   >   "internal": true
   > }
[2021/06/26 13:56:55.091] - eth_blockNumber
[2021/06/26 13:56:55.092] -    > {
   >   "jsonrpc": "2.0",
   >   "id": 6,
   >   "method": "eth_blockNumber",
   >   "params": [],
   >   "internal": true
   > }
[2021/06/26 13:56:55.094] - eth_getBlockByNumber
[2021/06/26 13:56:55.095] -    > {
   >   "jsonrpc": "2.0",
   >   "id": 4,
   >   "method": "eth_getBlockByNumber",
   >   "params": [
   >     "latest",
   >     false
   >   ],
   >   "internal": true
   > }
[2021/06/26 13:56:55.098] - eth_accounts
[2021/06/26 13:56:55.099] -    > {
   >   "jsonrpc": "2.0",
   >   "id": 7,
   >   "method": "eth_accounts",
   >   "params": [],
   >   "internal": true
   > }
[2021/06/26 13:56:55.101] -  <   {
 <     "id": 2,
 <     "jsonrpc": "2.0",
 <     "result": [
 <       "0x07c5d61ec390b60f0f8fed65dc953297cd67d778",
 <       "0x15ffb213452e8e6051fcf7b6499c4132f3d2ecae",
 <       "0x016ca0fb7f715a0ef87859b3c6bbbac7e9c4a564",
 <       "0xc2eb28c3364deb7e94fdc16e91445f89f44457dd",
 <       "0x291dbf031dacfd88b2068c1ed3acc9497489baef",
 <       "0x971d8353a95d38ba480d6c839c0772f6c9b8afcf",
 <       "0xd75ced5686ff56a1fce78b84449dce7dbbf4e618",
 <       "0x73242b04fa08d1c2f356a4902223115077319140"
 <     ]
 <   }
[2021/06/26 13:56:55.103] - eth_subscribe
[2021/06/26 13:56:55.104] -    > {
   >   "jsonrpc": "2.0",
   >   "id": 5,
   >   "method": "eth_subscribe",
   >   "params": [
   >     "newHeads"
   >   ],
   >   "internal": true
   > }
[2021/06/26 13:56:55.105] - eth_gasPrice
[2021/06/26 13:56:55.106] -    > {
   >   "jsonrpc": "2.0",
   >   "id": 8,
   >   "method": "eth_gasPrice",
   >   "params": [],
   >   "internal": true
   > }
[2021/06/26 13:56:55.107] -  <   {
 <     "id": 3,
 <     "jsonrpc": "2.0",
 <     "result": "0x0"
 <   }
[2021/06/26 13:56:55.109] - eth_blockNumber
[2021/06/26 13:56:55.110] -    > {
   >   "jsonrpc": "2.0",
   >   "id": 1,
   >   "method": "eth_blockNumber",
   >   "params": [],
   >   "internal": true
   > }
[2021/06/26 13:56:55.111] - eth_getBlockByNumber
[2021/06/26 13:56:55.112] -    > {
   >   "jsonrpc": "2.0",
   >   "id": 9,
   >   "method": "eth_getBlockByNumber",
   >   "params": [
   >     "latest",
   >     false
   >   ],
   >   "internal": true
   > }
[2021/06/26 13:56:55.114] -  <   {
 <     "id": 6,
 <     "jsonrpc": "2.0",
 <     "result": "0x0"
 <   }
[2021/06/26 13:56:55.115] - eth_subscribe
[2021/06/26 13:56:55.116] -    > {
   >   "jsonrpc": "2.0",
   >   "id": 10,
   >   "method": "eth_subscribe",
   >   "params": [
   >     "newHeads"
   >   ],
   >   "internal": true
   > }
[2021/06/26 13:56:55.120] -  <   {
 <     "id": 4,
 <     "jsonrpc": "2.0",
 <     "result": {
 <       "number": "0x0",
 <       "hash": "0x2104914efb5486e45fb3142cb6c3c08883b761b6ee3d55fb6bfaa2494e16024e",
 <       "parentHash": "0x0000000000000000000000000000000000000000000000000000000000000000",
 <       "mixHash": "0x0000000000000000000000000000000000000000000000000000000000000000",
 <       "nonce": "0x0000000000000000",
 <       "sha3Uncles": "0x1dcc4de8dec75d7aab85b567b6ccd41ad312451b948a7413f0a142fd40d49347",
 <       "logsBloom": "0x00000000000000000000000000000000000000000000000000000000000000000000000000000000000000000000000000000000000000000000000000000000000000000000000000000000000000000000000000000000000000000000000000000000000000000000000000000000000000000000000000000000000000000000000000000000000000000000000000000000000000000000000000000000000000000000000000000000000000000000000000000000000000000000000000000000000000000000000000000000000000000000000000000000000000000000000000000000000000000000000000000000000000000000000000000000",
 <       "transactionsRoot": "0x56e81f171bcc55a6ff8345e692c0f86e5b48e01b996cadc001622fb5e363b421",
 <       "stateRoot": "0xea59925e89d4eebe290b842c3f08a711adeab7951cc472346ea77665a0eed224",
 <       "receiptsRoot": "0x56e81f171bcc55a6ff8345e692c0f86e5b48e01b996cadc001622fb5e363b421",
 <       "miner": "0x0000000000000000000000000000000000000000",
 <       "difficulty": "0x0",
 <       "totalDifficulty": "0x0",
 <       "extraData": "0x",
 <       "size": "0x3e8",
 <       "gasLimit": "0x1",
 <       "gasUsed": "0x0",
 <       "timestamp": "0x60d5d578",
 <       "transactions": [],
 <       "uncles": []
 <     }
 <   }
[2021/06/26 13:56:55.127] -  <   {
 <     "id": 7,
 <     "jsonrpc": "2.0",
 <     "result": [
 <       "0x07c5d61ec390b60f0f8fed65dc953297cd67d778",
 <       "0x15ffb213452e8e6051fcf7b6499c4132f3d2ecae",
 <       "0x016ca0fb7f715a0ef87859b3c6bbbac7e9c4a564",
 <       "0xc2eb28c3364deb7e94fdc16e91445f89f44457dd",
 <       "0x291dbf031dacfd88b2068c1ed3acc9497489baef",
 <       "0x971d8353a95d38ba480d6c839c0772f6c9b8afcf",
 <       "0xd75ced5686ff56a1fce78b84449dce7dbbf4e618",
 <       "0x73242b04fa08d1c2f356a4902223115077319140"
 <     ]
 <   }
[2021/06/26 13:56:55.143] -  <   {
 <     "id": 5,
 <     "jsonrpc": "2.0",
 <     "result": "0x5"
 <   }
[2021/06/26 13:56:55.158] -  <   {
 <     "id": 8,
 <     "jsonrpc": "2.0",
 <     "result": "0x0"
 <   }
[2021/06/26 13:56:55.175] -  <   {
 <     "id": 1,
 <     "jsonrpc": "2.0",
 <     "result": "0x0"
 <   }
[2021/06/26 13:56:55.191] -  <   {
 <     "id": 9,
 <     "jsonrpc": "2.0",
 <     "result": {
 <       "number": "0x0",
 <       "hash": "0x2104914efb5486e45fb3142cb6c3c08883b761b6ee3d55fb6bfaa2494e16024e",
 <       "parentHash": "0x0000000000000000000000000000000000000000000000000000000000000000",
 <       "mixHash": "0x0000000000000000000000000000000000000000000000000000000000000000",
 <       "nonce": "0x0000000000000000",
 <       "sha3Uncles": "0x1dcc4de8dec75d7aab85b567b6ccd41ad312451b948a7413f0a142fd40d49347",
 <       "logsBloom": "0x00000000000000000000000000000000000000000000000000000000000000000000000000000000000000000000000000000000000000000000000000000000000000000000000000000000000000000000000000000000000000000000000000000000000000000000000000000000000000000000000000000000000000000000000000000000000000000000000000000000000000000000000000000000000000000000000000000000000000000000000000000000000000000000000000000000000000000000000000000000000000000000000000000000000000000000000000000000000000000000000000000000000000000000000000000000",
 <       "transactionsRoot": "0x56e81f171bcc55a6ff8345e692c0f86e5b48e01b996cadc001622fb5e363b421",
 <       "stateRoot": "0xea59925e89d4eebe290b842c3f08a711adeab7951cc472346ea77665a0eed224",
 <       "receiptsRoot": "0x56e81f171bcc55a6ff8345e692c0f86e5b48e01b996cadc001622fb5e363b421",
 <       "miner": "0x0000000000000000000000000000000000000000",
 <       "difficulty": "0x0",
 <       "totalDifficulty": "0x0",
 <       "extraData": "0x",
 <       "size": "0x3e8",
 <       "gasLimit": "0x1",
 <       "gasUsed": "0x0",
 <       "timestamp": "0x60d5d578",
 <       "transactions": [],
 <       "uncles": []
 <     }
 <   }
[2021/06/26 13:56:55.205] -  <   {
 <     "id": 10,
 <     "jsonrpc": "2.0",
 <     "result": "0x6"
 <   }
[2021/06/26 13:56:55.238] - eth_getBalance
[2021/06/26 13:56:55.239] -    > {
   >   "jsonrpc": "2.0",
   >   "id": 11,
   >   "method": "eth_getBalance",
   >   "params": [
   >     "0x07c5d61ec390b60f0f8fed65dc953297cd67d778",
   >     "latest"
   >   ],
   >   "internal": true
   > }
[2021/06/26 13:56:55.262] -  <   {
 <     "id": 11,
 <     "jsonrpc": "2.0",
 <     "result": "0x0"
 <   }
[2021/06/26 13:56:55.263] - eth_getTransactionCount
[2021/06/26 13:56:55.264] -    > {
   >   "jsonrpc": "2.0",
   >   "id": 12,
   >   "method": "eth_getTransactionCount",
   >   "params": [
   >     "0x07c5d61ec390b60f0f8fed65dc953297cd67d778",
   >     "latest"
   >   ],
   >   "internal": true
   > }
[2021/06/26 13:56:55.272] -  <   {
 <     "id": 12,
 <     "jsonrpc": "2.0",
 <     "result": "0x0"
 <   }
[2021/06/26 13:56:55.286] - eth_getBalance
[2021/06/26 13:56:55.288] -    > {
   >   "jsonrpc": "2.0",
   >   "id": 13,
   >   "method": "eth_getBalance",
   >   "params": [
   >     "0x15ffb213452e8e6051fcf7b6499c4132f3d2ecae",
   >     "latest"
   >   ],
   >   "internal": true
   > }
[2021/06/26 13:56:55.305] -  <   {
 <     "id": 13,
 <     "jsonrpc": "2.0",
 <     "result": "0x0"
 <   }
[2021/06/26 13:56:55.309] - eth_getTransactionCount
[2021/06/26 13:56:55.310] -    > {
   >   "jsonrpc": "2.0",
   >   "id": 14,
   >   "method": "eth_getTransactionCount",
   >   "params": [
   >     "0x15ffb213452e8e6051fcf7b6499c4132f3d2ecae",
   >     "latest"
   >   ],
   >   "internal": true
   > }
[2021/06/26 13:56:55.321] -  <   {
 <     "id": 14,
 <     "jsonrpc": "2.0",
 <     "result": "0x0"
 <   }
[2021/06/26 13:56:55.337] - eth_getBalance
[2021/06/26 13:56:55.338] -    > {
   >   "jsonrpc": "2.0",
   >   "id": 15,
   >   "method": "eth_getBalance",
   >   "params": [
   >     "0x016ca0fb7f715a0ef87859b3c6bbbac7e9c4a564",
   >     "latest"
   >   ],
   >   "internal": true
   > }
[2021/06/26 13:56:55.351] -  <   {
 <     "id": 15,
 <     "jsonrpc": "2.0",
 <     "result": "0x0"
 <   }
[2021/06/26 13:56:55.370] - eth_getTransactionCount
[2021/06/26 13:56:55.371] -    > {
   >   "jsonrpc": "2.0",
   >   "id": 16,
   >   "method": "eth_getTransactionCount",
   >   "params": [
   >     "0x016ca0fb7f715a0ef87859b3c6bbbac7e9c4a564",
   >     "latest"
   >   ],
   >   "internal": true
   > }
[2021/06/26 13:56:55.382] -  <   {
 <     "id": 16,
 <     "jsonrpc": "2.0",
 <     "result": "0x0"
 <   }
[2021/06/26 13:56:55.394] - eth_getBalance
[2021/06/26 13:56:55.396] -    > {
   >   "jsonrpc": "2.0",
   >   "id": 17,
   >   "method": "eth_getBalance",
   >   "params": [
   >     "0xc2eb28c3364deb7e94fdc16e91445f89f44457dd",
   >     "latest"
   >   ],
   >   "internal": true
   > }
[2021/06/26 13:56:55.415] -  <   {
 <     "id": 17,
 <     "jsonrpc": "2.0",
 <     "result": "0x0"
 <   }
[2021/06/26 13:56:55.417] - eth_getTransactionCount
[2021/06/26 13:56:55.418] -    > {
   >   "jsonrpc": "2.0",
   >   "id": 18,
   >   "method": "eth_getTransactionCount",
   >   "params": [
   >     "0xc2eb28c3364deb7e94fdc16e91445f89f44457dd",
   >     "latest"
   >   ],
   >   "internal": true
   > }
[2021/06/26 13:56:55.430] -  <   {
 <     "id": 18,
 <     "jsonrpc": "2.0",
 <     "result": "0x0"
 <   }
[2021/06/26 13:56:55.443] - eth_getBalance
[2021/06/26 13:56:55.444] -    > {
   >   "jsonrpc": "2.0",
   >   "id": 19,
   >   "method": "eth_getBalance",
   >   "params": [
   >     "0x291dbf031dacfd88b2068c1ed3acc9497489baef",
   >     "latest"
   >   ],
   >   "internal": true
   > }
[2021/06/26 13:56:55.462] -  <   {
 <     "id": 19,
 <     "jsonrpc": "2.0",
 <     "result": "0x0"
 <   }
[2021/06/26 13:56:55.470] - eth_getTransactionCount
[2021/06/26 13:56:55.471] -    > {
   >   "jsonrpc": "2.0",
   >   "id": 20,
   >   "method": "eth_getTransactionCount",
   >   "params": [
   >     "0x291dbf031dacfd88b2068c1ed3acc9497489baef",
   >     "latest"
   >   ],
   >   "internal": true
   > }
[2021/06/26 13:56:55.477] -  <   {
 <     "id": 20,
 <     "jsonrpc": "2.0",
 <     "result": "0x0"
 <   }
[2021/06/26 13:56:55.495] - eth_getBalance
[2021/06/26 13:56:55.496] -    > {
   >   "jsonrpc": "2.0",
   >   "id": 21,
   >   "method": "eth_getBalance",
   >   "params": [
   >     "0x971d8353a95d38ba480d6c839c0772f6c9b8afcf",
   >     "latest"
   >   ],
   >   "internal": true
   > }
[2021/06/26 13:56:55.510] -  <   {
 <     "id": 21,
 <     "jsonrpc": "2.0",
 <     "result": "0x0"
 <   }
[2021/06/26 13:56:55.516] - eth_getTransactionCount
[2021/06/26 13:56:55.517] -    > {
   >   "jsonrpc": "2.0",
   >   "id": 22,
   >   "method": "eth_getTransactionCount",
   >   "params": [
   >     "0x971d8353a95d38ba480d6c839c0772f6c9b8afcf",
   >     "latest"
   >   ],
   >   "internal": true
   > }
[2021/06/26 13:56:55.524] -  <   {
 <     "id": 22,
 <     "jsonrpc": "2.0",
 <     "result": "0x0"
 <   }
[2021/06/26 13:56:55.537] - eth_getBalance
[2021/06/26 13:56:55.539] -    > {
   >   "jsonrpc": "2.0",
   >   "id": 23,
   >   "method": "eth_getBalance",
   >   "params": [
   >     "0xd75ced5686ff56a1fce78b84449dce7dbbf4e618",
   >     "latest"
   >   ],
   >   "internal": true
   > }
[2021/06/26 13:56:55.559] -  <   {
 <     "id": 23,
 <     "jsonrpc": "2.0",
 <     "result": "0x0"
 <   }
[2021/06/26 13:56:55.565] - eth_getTransactionCount
[2021/06/26 13:56:55.566] -    > {
   >   "jsonrpc": "2.0",
   >   "id": 24,
   >   "method": "eth_getTransactionCount",
   >   "params": [
   >     "0xd75ced5686ff56a1fce78b84449dce7dbbf4e618",
   >     "latest"
   >   ],
   >   "internal": true
   > }
[2021/06/26 13:56:55.572] -  <   {
 <     "id": 24,
 <     "jsonrpc": "2.0",
 <     "result": "0x0"
 <   }
[2021/06/26 13:56:55.594] - eth_getBalance
[2021/06/26 13:56:55.595] -    > {
   >   "jsonrpc": "2.0",
   >   "id": 25,
   >   "method": "eth_getBalance",
   >   "params": [
   >     "0x73242b04fa08d1c2f356a4902223115077319140",
   >     "latest"
   >   ],
   >   "internal": true
   > }
[2021/06/26 13:56:55.606] -  <   {
 <     "id": 25,
 <     "jsonrpc": "2.0",
 <     "result": "0x0"
 <   }
[2021/06/26 13:56:55.615] - eth_getTransactionCount
[2021/06/26 13:56:55.617] -    > {
   >   "jsonrpc": "2.0",
   >   "id": 26,
   >   "method": "eth_getTransactionCount",
   >   "params": [
   >     "0x73242b04fa08d1c2f356a4902223115077319140",
   >     "latest"
   >   ],
   >   "internal": true
   > }
[2021/06/26 13:56:55.635] -  <   {
 <     "id": 26,
 <     "jsonrpc": "2.0",
 <     "result": "0x0"
 <   }
[2021/06/26 13:56:55.904] - eth_getBalance
[2021/06/26 13:56:55.906] -    > {
   >   "jsonrpc": "2.0",
   >   "id": 28,
   >   "method": "eth_getBalance",
   >   "params": [
   >     "0x07c5d61ec390b60f0f8fed65dc953297cd67d778",
   >     "latest"
   >   ],
   >   "internal": true
   > }
[2021/06/26 13:56:55.919] -  <   {
 <     "id": 28,
 <     "jsonrpc": "2.0",
 <     "result": "0x0"
 <   }
[2021/06/26 13:56:55.925] - eth_getTransactionCount
[2021/06/26 13:56:55.927] -    > {
   >   "jsonrpc": "2.0",
   >   "id": 29,
   >   "method": "eth_getTransactionCount",
   >   "params": [
   >     "0x07c5d61ec390b60f0f8fed65dc953297cd67d778",
   >     "latest"
   >   ],
   >   "internal": true
   > }
[2021/06/26 13:56:55.936] -  <   {
 <     "id": 29,
 <     "jsonrpc": "2.0",
 <     "result": "0x0"
 <   }
[2021/06/26 13:56:55.953] - eth_getBalance
[2021/06/26 13:56:55.955] -    > {
   >   "jsonrpc": "2.0",
   >   "id": 30,
   >   "method": "eth_getBalance",
   >   "params": [
   >     "0x15ffb213452e8e6051fcf7b6499c4132f3d2ecae",
   >     "latest"
   >   ],
   >   "internal": true
   > }
[2021/06/26 13:56:55.967] -  <   {
 <     "id": 30,
 <     "jsonrpc": "2.0",
 <     "result": "0x0"
 <   }
[2021/06/26 13:56:55.978] - eth_getTransactionCount
[2021/06/26 13:56:55.979] -    > {
   >   "jsonrpc": "2.0",
   >   "id": 31,
   >   "method": "eth_getTransactionCount",
   >   "params": [
   >     "0x15ffb213452e8e6051fcf7b6499c4132f3d2ecae",
   >     "latest"
   >   ],
   >   "internal": true
   > }
[2021/06/26 13:56:55.997] -  <   {
 <     "id": 31,
 <     "jsonrpc": "2.0",
 <     "result": "0x0"
 <   }
[2021/06/26 13:56:55.999] - eth_getBalance
[2021/06/26 13:56:56.000] -    > {
   >   "jsonrpc": "2.0",
   >   "id": 32,
   >   "method": "eth_getBalance",
   >   "params": [
   >     "0x016ca0fb7f715a0ef87859b3c6bbbac7e9c4a564",
   >     "latest"
   >   ],
   >   "internal": true
   > }
[2021/06/26 13:56:56.013] -  <   {
 <     "id": 32,
 <     "jsonrpc": "2.0",
 <     "result": "0x0"
 <   }
[2021/06/26 13:56:56.016] - eth_getTransactionCount
[2021/06/26 13:56:56.018] -    > {
   >   "jsonrpc": "2.0",
   >   "id": 33,
   >   "method": "eth_getTransactionCount",
   >   "params": [
   >     "0x016ca0fb7f715a0ef87859b3c6bbbac7e9c4a564",
   >     "latest"
   >   ],
   >   "internal": true
   > }
[2021/06/26 13:56:56.028] -  <   {
 <     "id": 33,
 <     "jsonrpc": "2.0",
 <     "result": "0x0"
 <   }
[2021/06/26 13:56:56.043] - eth_getBalance
[2021/06/26 13:56:56.044] -    > {
   >   "jsonrpc": "2.0",
   >   "id": 34,
   >   "method": "eth_getBalance",
   >   "params": [
   >     "0xc2eb28c3364deb7e94fdc16e91445f89f44457dd",
   >     "latest"
   >   ],
   >   "internal": true
   > }
[2021/06/26 13:56:56.058] -  <   {
 <     "id": 34,
 <     "jsonrpc": "2.0",
 <     "result": "0x0"
 <   }
[2021/06/26 13:56:56.063] - eth_getTransactionCount
[2021/06/26 13:56:56.064] -    > {
   >   "jsonrpc": "2.0",
   >   "id": 35,
   >   "method": "eth_getTransactionCount",
   >   "params": [
   >     "0xc2eb28c3364deb7e94fdc16e91445f89f44457dd",
   >     "latest"
   >   ],
   >   "internal": true
   > }
[2021/06/26 13:56:56.074] -  <   {
 <     "id": 35,
 <     "jsonrpc": "2.0",
 <     "result": "0x0"
 <   }
[2021/06/26 13:56:56.086] - eth_getBalance
[2021/06/26 13:56:56.088] -    > {
   >   "jsonrpc": "2.0",
   >   "id": 36,
   >   "method": "eth_getBalance",
   >   "params": [
   >     "0x291dbf031dacfd88b2068c1ed3acc9497489baef",
   >     "latest"
   >   ],
   >   "internal": true
   > }
[2021/06/26 13:56:56.106] -  <   {
 <     "id": 36,
 <     "jsonrpc": "2.0",
 <     "result": "0x0"
 <   }
[2021/06/26 13:56:56.108] - eth_getTransactionCount
[2021/06/26 13:56:56.109] -    > {
   >   "jsonrpc": "2.0",
   >   "id": 37,
   >   "method": "eth_getTransactionCount",
   >   "params": [
   >     "0x291dbf031dacfd88b2068c1ed3acc9497489baef",
   >     "latest"
   >   ],
   >   "internal": true
   > }
[2021/06/26 13:56:56.112] -  <   {
 <     "id": 37,
 <     "jsonrpc": "2.0",
 <     "result": "0x0"
 <   }
[2021/06/26 13:56:56.126] - eth_getBalance
[2021/06/26 13:56:56.127] -    > {
   >   "jsonrpc": "2.0",
   >   "id": 38,
   >   "method": "eth_getBalance",
   >   "params": [
   >     "0x971d8353a95d38ba480d6c839c0772f6c9b8afcf",
   >     "latest"
   >   ],
   >   "internal": true
   > }
[2021/06/26 13:56:56.138] -  <   {
 <     "id": 38,
 <     "jsonrpc": "2.0",
 <     "result": "0x0"
 <   }
[2021/06/26 13:56:56.145] - eth_getTransactionCount
[2021/06/26 13:56:56.147] -    > {
   >   "jsonrpc": "2.0",
   >   "id": 39,
   >   "method": "eth_getTransactionCount",
   >   "params": [
   >     "0x971d8353a95d38ba480d6c839c0772f6c9b8afcf",
   >     "latest"
   >   ],
   >   "internal": true
   > }
[2021/06/26 13:56:56.153] -  <   {
 <     "id": 39,
 <     "jsonrpc": "2.0",
 <     "result": "0x0"
 <   }
[2021/06/26 13:56:56.161] - eth_getBalance
[2021/06/26 13:56:56.162] -    > {
   >   "jsonrpc": "2.0",
   >   "id": 40,
   >   "method": "eth_getBalance",
   >   "params": [
   >     "0xd75ced5686ff56a1fce78b84449dce7dbbf4e618",
   >     "latest"
   >   ],
   >   "internal": true
   > }
[2021/06/26 13:56:56.168] -  <   {
 <     "id": 40,
 <     "jsonrpc": "2.0",
 <     "result": "0x0"
 <   }
[2021/06/26 13:56:56.181] - eth_getTransactionCount
[2021/06/26 13:56:56.182] -    > {
   >   "jsonrpc": "2.0",
   >   "id": 41,
   >   "method": "eth_getTransactionCount",
   >   "params": [
   >     "0xd75ced5686ff56a1fce78b84449dce7dbbf4e618",
   >     "latest"
   >   ],
   >   "internal": true
   > }
[2021/06/26 13:56:56.200] -  <   {
 <     "id": 41,
 <     "jsonrpc": "2.0",
 <     "result": "0x0"
 <   }
[2021/06/26 13:56:56.202] - eth_getBalance
[2021/06/26 13:56:56.203] -    > {
   >   "jsonrpc": "2.0",
   >   "id": 42,
   >   "method": "eth_getBalance",
   >   "params": [
   >     "0x73242b04fa08d1c2f356a4902223115077319140",
   >     "latest"
   >   ],
   >   "internal": true
   > }
[2021/06/26 13:56:56.216] -  <   {
 <     "id": 42,
 <     "jsonrpc": "2.0",
 <     "result": "0x0"
 <   }
[2021/06/26 13:56:56.223] - eth_getTransactionCount
[2021/06/26 13:56:56.224] -    > {
   >   "jsonrpc": "2.0",
   >   "id": 43,
   >   "method": "eth_getTransactionCount",
   >   "params": [
   >     "0x73242b04fa08d1c2f356a4902223115077319140",
   >     "latest"
   >   ],
   >   "internal": true
   > }
[2021/06/26 13:56:56.232] -  <   {
 <     "id": 43,
 <     "jsonrpc": "2.0",
 <     "result": "0x0"
 <   }
[2021/06/26 13:56:56.244] - eth_getBalance
[2021/06/26 13:56:56.246] -    > {
   >   "jsonrpc": "2.0",
   >   "id": 44,
   >   "method": "eth_getBalance",
   >   "params": [
   >     "0x07c5d61ec390b60f0f8fed65dc953297cd67d778",
   >     "latest"
   >   ],
   >   "internal": true
   > }
[2021/06/26 13:56:56.265] -  <   {
 <     "id": 44,
 <     "jsonrpc": "2.0",
 <     "result": "0x0"
 <   }
[2021/06/26 13:56:56.266] - eth_getTransactionCount
[2021/06/26 13:56:56.267] -    > {
   >   "jsonrpc": "2.0",
   >   "id": 45,
   >   "method": "eth_getTransactionCount",
   >   "params": [
   >     "0x07c5d61ec390b60f0f8fed65dc953297cd67d778",
   >     "latest"
   >   ],
   >   "internal": true
   > }
[2021/06/26 13:56:56.281] -  <   {
 <     "id": 45,
 <     "jsonrpc": "2.0",
 <     "result": "0x0"
 <   }
[2021/06/26 13:56:56.284] - eth_getBalance
[2021/06/26 13:56:56.285] -    > {
   >   "jsonrpc": "2.0",
   >   "id": 46,
   >   "method": "eth_getBalance",
   >   "params": [
   >     "0x15ffb213452e8e6051fcf7b6499c4132f3d2ecae",
   >     "latest"
   >   ],
   >   "internal": true
   > }
[2021/06/26 13:56:56.297] -  <   {
 <     "id": 46,
 <     "jsonrpc": "2.0",
 <     "result": "0x0"
 <   }
[2021/06/26 13:56:56.305] - eth_getTransactionCount
[2021/06/26 13:56:56.306] -    > {
   >   "jsonrpc": "2.0",
   >   "id": 47,
   >   "method": "eth_getTransactionCount",
   >   "params": [
   >     "0x15ffb213452e8e6051fcf7b6499c4132f3d2ecae",
   >     "latest"
   >   ],
   >   "internal": true
   > }
[2021/06/26 13:56:56.313] -  <   {
 <     "id": 47,
 <     "jsonrpc": "2.0",
 <     "result": "0x0"
 <   }
[2021/06/26 13:56:56.322] - eth_getBalance
[2021/06/26 13:56:56.323] -    > {
   >   "jsonrpc": "2.0",
   >   "id": 48,
   >   "method": "eth_getBalance",
   >   "params": [
   >     "0x016ca0fb7f715a0ef87859b3c6bbbac7e9c4a564",
   >     "latest"
   >   ],
   >   "internal": true
   > }
[2021/06/26 13:56:56.329] -  <   {
 <     "id": 48,
 <     "jsonrpc": "2.0",
 <     "result": "0x0"
 <   }
[2021/06/26 13:56:56.340] - eth_getTransactionCount
[2021/06/26 13:56:56.342] -    > {
   >   "jsonrpc": "2.0",
   >   "id": 49,
   >   "method": "eth_getTransactionCount",
   >   "params": [
   >     "0x016ca0fb7f715a0ef87859b3c6bbbac7e9c4a564",
   >     "latest"
   >   ],
   >   "internal": true
   > }
[2021/06/26 13:56:56.361] -  <   {
 <     "id": 49,
 <     "jsonrpc": "2.0",
 <     "result": "0x0"
 <   }
[2021/06/26 13:56:56.362] - eth_getBalance
[2021/06/26 13:56:56.363] -    > {
   >   "jsonrpc": "2.0",
   >   "id": 50,
   >   "method": "eth_getBalance",
   >   "params": [
   >     "0xc2eb28c3364deb7e94fdc16e91445f89f44457dd",
   >     "latest"
   >   ],
   >   "internal": true
   > }
[2021/06/26 13:56:56.377] -  <   {
 <     "id": 50,
 <     "jsonrpc": "2.0",
 <     "result": "0x0"
 <   }
[2021/06/26 13:56:56.379] - eth_getTransactionCount
[2021/06/26 13:56:56.380] -    > {
   >   "jsonrpc": "2.0",
   >   "id": 51,
   >   "method": "eth_getTransactionCount",
   >   "params": [
   >     "0xc2eb28c3364deb7e94fdc16e91445f89f44457dd",
   >     "latest"
   >   ],
   >   "internal": true
   > }
[2021/06/26 13:56:56.393] -  <   {
 <     "id": 51,
 <     "jsonrpc": "2.0",
 <     "result": "0x0"
 <   }
[2021/06/26 13:56:56.402] - eth_getBalance
[2021/06/26 13:56:56.403] -    > {
   >   "jsonrpc": "2.0",
   >   "id": 52,
   >   "method": "eth_getBalance",
   >   "params": [
   >     "0x291dbf031dacfd88b2068c1ed3acc9497489baef",
   >     "latest"
   >   ],
   >   "internal": true
   > }
[2021/06/26 13:56:56.407] -  <   {
 <     "id": 52,
 <     "jsonrpc": "2.0",
 <     "result": "0x0"
 <   }
[2021/06/26 13:56:56.418] - eth_getTransactionCount
[2021/06/26 13:56:56.419] -    > {
   >   "jsonrpc": "2.0",
   >   "id": 53,
   >   "method": "eth_getTransactionCount",
   >   "params": [
   >     "0x291dbf031dacfd88b2068c1ed3acc9497489baef",
   >     "latest"
   >   ],
   >   "internal": true
   > }
[2021/06/26 13:56:56.423] -  <   {
 <     "id": 53,
 <     "jsonrpc": "2.0",
 <     "result": "0x0"
 <   }
[2021/06/26 13:56:56.438] - eth_getBalance
[2021/06/26 13:56:56.440] -    > {
   >   "jsonrpc": "2.0",
   >   "id": 54,
   >   "method": "eth_getBalance",
   >   "params": [
   >     "0x971d8353a95d38ba480d6c839c0772f6c9b8afcf",
   >     "latest"
   >   ],
   >   "internal": true
   > }
[2021/06/26 13:56:56.455] -  <   {
 <     "id": 54,
 <     "jsonrpc": "2.0",
 <     "result": "0x0"
 <   }
[2021/06/26 13:56:56.458] - eth_getTransactionCount
[2021/06/26 13:56:56.459] -    > {
   >   "jsonrpc": "2.0",
   >   "id": 55,
   >   "method": "eth_getTransactionCount",
   >   "params": [
   >     "0x971d8353a95d38ba480d6c839c0772f6c9b8afcf",
   >     "latest"
   >   ],
   >   "internal": true
   > }
[2021/06/26 13:56:56.471] -  <   {
 <     "id": 55,
 <     "jsonrpc": "2.0",
 <     "result": "0x0"
 <   }
[2021/06/26 13:56:56.477] - eth_getBalance
[2021/06/26 13:56:56.479] -    > {
   >   "jsonrpc": "2.0",
   >   "id": 56,
   >   "method": "eth_getBalance",
   >   "params": [
   >     "0xd75ced5686ff56a1fce78b84449dce7dbbf4e618",
   >     "latest"
   >   ],
   >   "internal": true
   > }
[2021/06/26 13:56:56.486] -  <   {
 <     "id": 56,
 <     "jsonrpc": "2.0",
 <     "result": "0x0"
 <   }
[2021/06/26 13:56:56.499] - eth_getTransactionCount
[2021/06/26 13:56:56.501] -    > {
   >   "jsonrpc": "2.0",
   >   "id": 57,
   >   "method": "eth_getTransactionCount",
   >   "params": [
   >     "0xd75ced5686ff56a1fce78b84449dce7dbbf4e618",
   >     "latest"
   >   ],
   >   "internal": true
   > }
[2021/06/26 13:56:56.517] -  <   {
 <     "id": 57,
 <     "jsonrpc": "2.0",
 <     "result": "0x0"
 <   }
[2021/06/26 13:56:56.519] - eth_getBalance
[2021/06/26 13:56:56.520] -    > {
   >   "jsonrpc": "2.0",
   >   "id": 58,
   >   "method": "eth_getBalance",
   >   "params": [
   >     "0x73242b04fa08d1c2f356a4902223115077319140",
   >     "latest"
   >   ],
   >   "internal": true
   > }
[2021/06/26 13:56:56.534] -  <   {
 <     "id": 58,
 <     "jsonrpc": "2.0",
 <     "result": "0x0"
 <   }
[2021/06/26 13:56:56.552] - eth_getTransactionCount
[2021/06/26 13:56:56.553] -    > {
   >   "jsonrpc": "2.0",
   >   "id": 59,
   >   "method": "eth_getTransactionCount",
   >   "params": [
   >     "0x73242b04fa08d1c2f356a4902223115077319140",
   >     "latest"
   >   ],
   >   "internal": true
   > }
[2021/06/26 13:56:56.567] -  <   {
 <     "id": 59,
 <     "jsonrpc": "2.0",
 <     "result": "0x0"
 <   }
[2021/06/26 13:56:56.879] - eth_getBalance
[2021/06/26 13:56:56.880] -    > {
   >   "jsonrpc": "2.0",
   >   "id": 61,
   >   "method": "eth_getBalance",
   >   "params": [
   >     "0x07c5d61ec390b60f0f8fed65dc953297cd67d778",
   >     "latest"
   >   ],
   >   "internal": true
   > }
[2021/06/26 13:56:56.886] -  <   {
 <     "id": 61,
 <     "jsonrpc": "2.0",
 <     "result": "0x0"
 <   }
[2021/06/26 13:56:56.900] - eth_getTransactionCount
[2021/06/26 13:56:56.901] -    > {
   >   "jsonrpc": "2.0",
   >   "id": 62,
   >   "method": "eth_getTransactionCount",
   >   "params": [
   >     "0x07c5d61ec390b60f0f8fed65dc953297cd67d778",
   >     "latest"
   >   ],
   >   "internal": true
   > }
[2021/06/26 13:56:56.907] -  <   {
 <     "id": 62,
 <     "jsonrpc": "2.0",
 <     "result": "0x0"
 <   }
[2021/06/26 13:56:56.920] - eth_getBalance
[2021/06/26 13:56:56.921] -    > {
   >   "jsonrpc": "2.0",
   >   "id": 63,
   >   "method": "eth_getBalance",
   >   "params": [
   >     "0x15ffb213452e8e6051fcf7b6499c4132f3d2ecae",
   >     "latest"
   >   ],
   >   "internal": true
   > }
[2021/06/26 13:56:56.933] -  <   {
 <     "id": 63,
 <     "jsonrpc": "2.0",
 <     "result": "0x0"
 <   }
[2021/06/26 13:56:56.939] - eth_getTransactionCount
[2021/06/26 13:56:56.940] -    > {
   >   "jsonrpc": "2.0",
   >   "id": 64,
   >   "method": "eth_getTransactionCount",
   >   "params": [
   >     "0x15ffb213452e8e6051fcf7b6499c4132f3d2ecae",
   >     "latest"
   >   ],
   >   "internal": true
   > }
[2021/06/26 13:56:56.950] -  <   {
 <     "id": 64,
 <     "jsonrpc": "2.0",
 <     "result": "0x0"
 <   }
[2021/06/26 13:56:56.960] - eth_getBalance
[2021/06/26 13:56:56.961] -    > {
   >   "jsonrpc": "2.0",
   >   "id": 65,
   >   "method": "eth_getBalance",
   >   "params": [
   >     "0x016ca0fb7f715a0ef87859b3c6bbbac7e9c4a564",
   >     "latest"
   >   ],
   >   "internal": true
   > }
[2021/06/26 13:56:56.965] -  <   {
 <     "id": 65,
 <     "jsonrpc": "2.0",
 <     "result": "0x0"
 <   }
[2021/06/26 13:56:56.983] - eth_getTransactionCount
[2021/06/26 13:56:56.984] -    > {
   >   "jsonrpc": "2.0",
   >   "id": 66,
   >   "method": "eth_getTransactionCount",
   >   "params": [
   >     "0x016ca0fb7f715a0ef87859b3c6bbbac7e9c4a564",
   >     "latest"
   >   ],
   >   "internal": true
   > }
[2021/06/26 13:56:56.998] -  <   {
 <     "id": 66,
 <     "jsonrpc": "2.0",
 <     "result": "0x0"
 <   }
[2021/06/26 13:56:57.004] - eth_getBalance
[2021/06/26 13:56:57.005] -    > {
   >   "jsonrpc": "2.0",
   >   "id": 67,
   >   "method": "eth_getBalance",
   >   "params": [
   >     "0xc2eb28c3364deb7e94fdc16e91445f89f44457dd",
   >     "latest"
   >   ],
   >   "internal": true
   > }
[2021/06/26 13:56:57.013] -  <   {
 <     "id": 67,
 <     "jsonrpc": "2.0",
 <     "result": "0x0"
 <   }
[2021/06/26 13:56:57.022] - eth_getTransactionCount
[2021/06/26 13:56:57.023] -    > {
   >   "jsonrpc": "2.0",
   >   "id": 68,
   >   "method": "eth_getTransactionCount",
   >   "params": [
   >     "0xc2eb28c3364deb7e94fdc16e91445f89f44457dd",
   >     "latest"
   >   ],
   >   "internal": true
   > }
[2021/06/26 13:56:57.029] -  <   {
 <     "id": 68,
 <     "jsonrpc": "2.0",
 <     "result": "0x0"
 <   }
[2021/06/26 13:56:57.039] - eth_getBalance
[2021/06/26 13:56:57.040] -    > {
   >   "jsonrpc": "2.0",
   >   "id": 69,
   >   "method": "eth_getBalance",
   >   "params": [
   >     "0x291dbf031dacfd88b2068c1ed3acc9497489baef",
   >     "latest"
   >   ],
   >   "internal": true
   > }
[2021/06/26 13:56:57.045] -  <   {
 <     "id": 69,
 <     "jsonrpc": "2.0",
 <     "result": "0x0"
 <   }
[2021/06/26 13:56:57.056] - eth_getTransactionCount
[2021/06/26 13:56:57.057] -    > {
   >   "jsonrpc": "2.0",
   >   "id": 70,
   >   "method": "eth_getTransactionCount",
   >   "params": [
   >     "0x291dbf031dacfd88b2068c1ed3acc9497489baef",
   >     "latest"
   >   ],
   >   "internal": true
   > }
[2021/06/26 13:56:57.073] -  <   {
 <     "id": 70,
 <     "jsonrpc": "2.0",
 <     "result": "0x0"
 <   }
[2021/06/26 13:56:57.075] - eth_getBalance
[2021/06/26 13:56:57.076] -    > {
   >   "jsonrpc": "2.0",
   >   "id": 71,
   >   "method": "eth_getBalance",
   >   "params": [
   >     "0x971d8353a95d38ba480d6c839c0772f6c9b8afcf",
   >     "latest"
   >   ],
   >   "internal": true
   > }
[2021/06/26 13:56:57.090] -  <   {
 <     "id": 71,
 <     "jsonrpc": "2.0",
 <     "result": "0x0"
 <   }
[2021/06/26 13:56:57.091] - eth_getTransactionCount
[2021/06/26 13:56:57.092] -    > {
   >   "jsonrpc": "2.0",
   >   "id": 72,
   >   "method": "eth_getTransactionCount",
   >   "params": [
   >     "0x971d8353a95d38ba480d6c839c0772f6c9b8afcf",
   >     "latest"
   >   ],
   >   "internal": true
   > }
[2021/06/26 13:56:57.103] -  <   {
 <     "id": 72,
 <     "jsonrpc": "2.0",
 <     "result": "0x0"
 <   }
[2021/06/26 13:56:57.104] - eth_getBalance
[2021/06/26 13:56:57.105] -    > {
   >   "jsonrpc": "2.0",
   >   "id": 73,
   >   "method": "eth_getBalance",
   >   "params": [
   >     "0xd75ced5686ff56a1fce78b84449dce7dbbf4e618",
   >     "latest"
   >   ],
   >   "internal": true
   > }
[2021/06/26 13:56:57.117] -  <   {
 <     "id": 73,
 <     "jsonrpc": "2.0",
 <     "result": "0x0"
 <   }
[2021/06/26 13:56:57.119] - eth_getTransactionCount
[2021/06/26 13:56:57.120] -    > {
   >   "jsonrpc": "2.0",
   >   "id": 74,
   >   "method": "eth_getTransactionCount",
   >   "params": [
   >     "0xd75ced5686ff56a1fce78b84449dce7dbbf4e618",
   >     "latest"
   >   ],
   >   "internal": true
   > }
[2021/06/26 13:56:57.124] -  <   {
 <     "id": 74,
 <     "jsonrpc": "2.0",
 <     "result": "0x0"
 <   }
[2021/06/26 13:56:57.135] - eth_getBalance
[2021/06/26 13:56:57.137] -    > {
   >   "jsonrpc": "2.0",
   >   "id": 75,
   >   "method": "eth_getBalance",
   >   "params": [
   >     "0x73242b04fa08d1c2f356a4902223115077319140",
   >     "latest"
   >   ],
   >   "internal": true
   > }
[2021/06/26 13:56:57.151] -  <   {
 <     "id": 75,
 <     "jsonrpc": "2.0",
 <     "result": "0x0"
 <   }
[2021/06/26 13:56:57.152] - eth_getTransactionCount
[2021/06/26 13:56:57.153] -    > {
   >   "jsonrpc": "2.0",
   >   "id": 76,
   >   "method": "eth_getTransactionCount",
   >   "params": [
   >     "0x73242b04fa08d1c2f356a4902223115077319140",
   >     "latest"
   >   ],
   >   "internal": true
   > }
[2021/06/26 13:56:57.171] -  <   {
 <     "id": 76,
 <     "jsonrpc": "2.0",
 <     "result": "0x0"
 <   }
[2021/06/26 13:57:01.897] - eth_unsubscribe
[2021/06/26 13:57:01.898] -    > {
   >   "jsonrpc": "2.0",
   >   "id": 8,
   >   "method": "eth_unsubscribe",
   >   "params": [
   >     "0x3"
   >   ]
   > }
[2021/06/26 13:57:01.899] - eth_unsubscribe
[2021/06/26 13:57:01.900] -    > {
   >   "jsonrpc": "2.0",
   >   "id": 9,
   >   "method": "eth_unsubscribe",
   >   "params": [
   >     "0x4"
   >   ]
   > }
[2021/06/26 13:57:01.904] -  <   {
 <     "id": 8,
 <     "jsonrpc": "2.0",
 <     "result": true
 <   }
[2021/06/26 13:57:01.914] -    > {
   >   "jsonrpc": "2.0",
   >   "method": "eth_unsubscribe",
   >   "params": [
   >     "0x6"
   >   ],
   >   "id": 1624705021914
   > }
[2021/06/26 13:57:01.915] -    > {
   >   "jsonrpc": "2.0",
   >   "method": "eth_unsubscribe",
   >   "params": [
   >     "0x5"
   >   ],
   >   "id": 1624705021915
   > }
[2021/06/26 13:57:01.917] -    > {
   >   "jsonrpc": "2.0",
   >   "method": "eth_unsubscribe",
   >   "params": [
   >     "0x4"
   >   ],
   >   "id": 1624705021917
   > }
[2021/06/26 13:57:01.919] -    > {
   >   "jsonrpc": "2.0",
   >   "method": "eth_unsubscribe",
   >   "params": [
   >     "0x1"
   >   ],
   >   "id": 1624705021918
   > }
[2021/06/26 13:57:01.920] -    > {
   >   "jsonrpc": "2.0",
   >   "method": "eth_unsubscribe",
   >   "params": [
   >     "0x2"
   >   ],
   >   "id": 1624705021920
   > }
[2021/06/26 13:57:01.922] -  <   {
 <     "id": 9,
 <     "jsonrpc": "2.0",
 <     "result": true
 <   }
[2021/06/26 13:57:01.935] -  <   {
 <     "id": 1624705021914,
 <     "jsonrpc": "2.0",
 <     "result": true
 <   }
[2021/06/26 13:57:01.942] -  <   {
 <     "id": 1624705021915,
 <     "jsonrpc": "2.0",
 <     "result": true
 <   }
[2021/06/26 13:57:01.963] -  <   {
 <     "id": 1624705021917,
 <     "jsonrpc": "2.0",
 <     "error": {
 <       "message": "Subscription ID 0x4 not found.",
 <       "code": -32000,
 <       "data": {
 <         "stack": "Error: Subscription ID 0x4 not found.\n    at SubscriptionSubprovider.eth_unsubscribe (C:\\Program Files\\WindowsApps\\GanacheUI_2.5.4.0_x64__5dg5pnz03psnj\\app\\resources\\static\\node\\node_modules\\ganache-core\\node_modules\\web3-provider-engine\\subproviders\\subscriptions.js:78:8)\n    at SubscriptionSubprovider.handleRequest (C:\\Program Files\\WindowsApps\\GanacheUI_2.5.4.0_x64__5dg5pnz03psnj\\app\\resources\\static\\node\\node_modules\\ganache-core\\node_modules\\web3-provider-engine\\subproviders\\subscriptions.js:134:12)\n    at next (C:\\Program Files\\WindowsApps\\GanacheUI_2.5.4.0_x64__5dg5pnz03psnj\\app\\resources\\static\\node\\node_modules\\ganache-core\\node_modules\\web3-provider-engine\\index.js:136:18)\n    at DelayedBlockFilter.handleRequest (C:\\Program Files\\WindowsApps\\GanacheUI_2.5.4.0_x64__5dg5pnz03psnj\\app\\resources\\static\\node\\node_modules\\ganache-core\\lib\\subproviders\\delayedblockfilter.js:31:3)\n    at next (C:\\Program Files\\WindowsApps\\GanacheUI_2.5.4.0_x64__5dg5pnz03psnj\\app\\resources\\static\\node\\node_modules\\ganache-core\\node_modules\\web3-provider-engine\\index.js:136:18)\n    at RequestFunnel.handleRequest (C:\\Program Files\\WindowsApps\\GanacheUI_2.5.4.0_x64__5dg5pnz03psnj\\app\\resources\\static\\node\\node_modules\\ganache-core\\lib\\subproviders\\requestfunnel.js:32:12)\n    at next (C:\\Program Files\\WindowsApps\\GanacheUI_2.5.4.0_x64__5dg5pnz03psnj\\app\\resources\\static\\node\\node_modules\\ganache-core\\node_modules\\web3-provider-engine\\index.js:136:18)\n    at Web3ProviderEngine._handleAsync (C:\\Program Files\\WindowsApps\\GanacheUI_2.5.4.0_x64__5dg5pnz03psnj\\app\\resources\\static\\node\\node_modules\\ganache-core\\node_modules\\web3-provider-engine\\index.js:123:3)\n    at Timeout._onTimeout (C:\\Program Files\\WindowsApps\\GanacheUI_2.5.4.0_x64__5dg5pnz03psnj\\app\\resources\\static\\node\\node_modules\\ganache-core\\node_modules\\web3-provider-engine\\index.js:107:12)\n    at listOnTimeout (internal/timers.js:531:17)\n    at processTimers (internal/timers.js:475:7)",
 <         "name": "Error"
 <       }
 <     }
 <   }
[2021/06/26 13:57:01.971] -  <   {
 <     "id": 1624705021918,
 <     "jsonrpc": "2.0",
 <     "result": true
 <   }
[2021/06/26 13:57:01.987] -  <   {
 <     "id": 1624705021920,
 <     "jsonrpc": "2.0",
 <     "result": true
 <   }
