[2021/06/25 17:32:12.420] - Starting server with initial configuration: {"gasLimit":1,"gasPrice":0,"hardfork":"muirGlacier","hostname":"127.0.0.1","port":8545,"network_id":5777,"default_balance_ether":0,"total_accounts":8,"unlocked_accounts":[],"locked":false,"vmErrorsOnRPCResponse":true,"verbose":true,"db_path":"C:\\Users\\shaii\\AppData\\Roaming\\Ganache\\workspaces\\MrC_final\\chaindata","logDirectory":"C:\\Users\\shaii\\Desktop\\projects\\MrC\\network"}
[2021/06/25 17:32:12.610] - eth_blockNumber
[2021/06/25 17:32:12.612] -    > {
   >   "id": 4636522450055191,
   >   "jsonrpc": "2.0",
   >   "method": "eth_blockNumber",
   >   "params": []
   > }
[2021/06/25 17:32:12.623] -  <   {
 <     "id": 4636522450055191,
 <     "jsonrpc": "2.0",
 <     "result": "0x0"
 <   }
[2021/06/25 17:32:12.686] - eth_getCode
[2021/06/25 17:32:12.687] -    > {
   >   "jsonrpc": "2.0",
   >   "id": 4,
   >   "method": "eth_getCode",
   >   "params": [
   >     "0x8c8a5c06f335f8d4bec7c3cabb23c8c2253a1cbd",
   >     "latest"
   >   ]
   > }
[2021/06/25 17:32:12.689] - eth_subscribe
[2021/06/25 17:32:12.689] -    > {
   >   "jsonrpc": "2.0",
   >   "id": 1,
   >   "method": "eth_subscribe",
   >   "params": [
   >     "newHeads"
   >   ]
   > }
[2021/06/25 17:32:12.690] - eth_getLogs
[2021/06/25 17:32:12.692] -    > {
   >   "jsonrpc": "2.0",
   >   "id": 2,
   >   "method": "eth_getLogs",
   >   "params": [
   >     {
   >       "topics": []
   >     }
   >   ]
   > }
[2021/06/25 17:32:12.695] -  <   {
 <     "id": 4,
 <     "jsonrpc": "2.0",
 <     "result": "0x"
 <   }
[2021/06/25 17:32:12.696] - eth_subscribe
[2021/06/25 17:32:12.697] -    > {
   >   "jsonrpc": "2.0",
   >   "id": 3,
   >   "method": "eth_subscribe",
   >   "params": [
   >     "logs",
   >     {
   >       "topics": []
   >     }
   >   ]
   > }
[2021/06/25 17:32:12.700] -  <   {
 <     "id": 1,
 <     "jsonrpc": "2.0",
 <     "result": "0x1"
 <   }
[2021/06/25 17:32:12.713] -  <   {
 <     "id": 2,
 <     "jsonrpc": "2.0",
 <     "result": []
 <   }
[2021/06/25 17:32:12.720] -  <   {
 <     "id": 3,
 <     "jsonrpc": "2.0",
 <     "result": "0x2"
 <   }
[2021/06/25 17:32:12.811] - eth_subscribe
[2021/06/25 17:32:12.812] -    > {
   >   "jsonrpc": "2.0",
   >   "id": 5,
   >   "method": "eth_subscribe",
   >   "params": [
   >     "newHeads"
   >   ]
   > }
[2021/06/25 17:32:12.813] - eth_getLogs
[2021/06/25 17:32:12.814] -    > {
   >   "jsonrpc": "2.0",
   >   "id": 6,
   >   "method": "eth_getLogs",
   >   "params": [
   >     {
   >       "topics": []
   >     }
   >   ]
   > }
[2021/06/25 17:32:12.816] - eth_subscribe
[2021/06/25 17:32:12.817] -    > {
   >   "jsonrpc": "2.0",
   >   "id": 7,
   >   "method": "eth_subscribe",
   >   "params": [
   >     "logs",
   >     {
   >       "topics": []
   >     }
   >   ]
   > }
[2021/06/25 17:32:12.818] -  <   {
 <     "id": 5,
 <     "jsonrpc": "2.0",
 <     "result": "0x3"
 <   }
[2021/06/25 17:32:12.827] -  <   {
 <     "id": 6,
 <     "jsonrpc": "2.0",
 <     "result": []
 <   }
[2021/06/25 17:32:12.834] -  <   {
 <     "id": 7,
 <     "jsonrpc": "2.0",
 <     "result": "0x4"
 <   }
[2021/06/25 17:32:13.113] - eth_blockNumber
[2021/06/25 17:32:13.114] -    > {
   >   "jsonrpc": "2.0",
   >   "id": 6,
   >   "method": "eth_blockNumber",
   >   "params": [],
   >   "internal": true
   > }
[2021/06/25 17:32:13.115] - eth_accounts
[2021/06/25 17:32:13.116] -    > {
   >   "jsonrpc": "2.0",
   >   "id": 7,
   >   "method": "eth_accounts",
   >   "params": [],
   >   "internal": true
   > }
[2021/06/25 17:32:13.117] - eth_blockNumber
[2021/06/25 17:32:13.118] -    > {
   >   "jsonrpc": "2.0",
   >   "id": 1,
   >   "method": "eth_blockNumber",
   >   "params": [],
   >   "internal": true
   > }
[2021/06/25 17:32:13.119] - eth_gasPrice
[2021/06/25 17:32:13.120] -    > {
   >   "jsonrpc": "2.0",
   >   "id": 8,
   >   "method": "eth_gasPrice",
   >   "params": [],
   >   "internal": true
   > }
[2021/06/25 17:32:13.120] - eth_accounts
[2021/06/25 17:32:13.121] -    > {
   >   "jsonrpc": "2.0",
   >   "id": 2,
   >   "method": "eth_accounts",
   >   "params": [],
   >   "internal": true
   > }
[2021/06/25 17:32:13.122] -  <   {
 <     "id": 6,
 <     "jsonrpc": "2.0",
 <     "result": "0x0"
 <   }
[2021/06/25 17:32:13.124] - eth_getBlockByNumber
[2021/06/25 17:32:13.125] -    > {
   >   "jsonrpc": "2.0",
   >   "id": 9,
   >   "method": "eth_getBlockByNumber",
   >   "params": [
   >     "latest",
   >     false
   >   ],
   >   "internal": true
   > }
[2021/06/25 17:32:13.126] - eth_gasPrice
[2021/06/25 17:32:13.127] -    > {
   >   "jsonrpc": "2.0",
   >   "id": 3,
   >   "method": "eth_gasPrice",
   >   "params": [],
   >   "internal": true
   > }
[2021/06/25 17:32:13.128] -  <   {
 <     "id": 7,
 <     "jsonrpc": "2.0",
 <     "result": [
 <       "0x07c5d61ec390b60f0f8fed65dc953297cd67d778",
 <       "0x15ffb213452e8e6051fcf7b6499c4132f3d2ecae",
 <       "0x016ca0fb7f715a0ef87859b3c6bbbac7e9c4a564",
 <       "0xc2eb28c3364deb7e94fdc16e91445f89f44457dd",
 <       "0x291dbf031dacfd88b2068c1ed3acc9497489baef",
 <       "0x971d8353a95d38ba480d6c839c0772f6c9b8afcf",
 <       "0xd75ced5686ff56a1fce78b84449dce7dbbf4e618",
 <       "0x73242b04fa08d1c2f356a4902223115077319140"
 <     ]
 <   }
[2021/06/25 17:32:13.131] - eth_subscribe
[2021/06/25 17:32:13.132] -    > {
   >   "jsonrpc": "2.0",
   >   "id": 10,
   >   "method": "eth_subscribe",
   >   "params": [
   >     "newHeads"
   >   ],
   >   "internal": true
   > }
[2021/06/25 17:32:13.133] - eth_getBlockByNumber
[2021/06/25 17:32:13.134] -    > {
   >   "jsonrpc": "2.0",
   >   "id": 4,
   >   "method": "eth_getBlockByNumber",
   >   "params": [
   >     "latest",
   >     false
   >   ],
   >   "internal": true
   > }
[2021/06/25 17:32:13.134] -  <   {
 <     "id": 1,
 <     "jsonrpc": "2.0",
 <     "result": "0x0"
 <   }
[2021/06/25 17:32:13.135] - eth_subscribe
[2021/06/25 17:32:13.136] -    > {
   >   "jsonrpc": "2.0",
   >   "id": 5,
   >   "method": "eth_subscribe",
   >   "params": [
   >     "newHeads"
   >   ],
   >   "internal": true
   > }
[2021/06/25 17:32:13.137] -  <   {
 <     "id": 8,
 <     "jsonrpc": "2.0",
 <     "result": "0x0"
 <   }
[2021/06/25 17:32:13.150] -  <   {
 <     "id": 2,
 <     "jsonrpc": "2.0",
 <     "result": [
 <       "0x07c5d61ec390b60f0f8fed65dc953297cd67d778",
 <       "0x15ffb213452e8e6051fcf7b6499c4132f3d2ecae",
 <       "0x016ca0fb7f715a0ef87859b3c6bbbac7e9c4a564",
 <       "0xc2eb28c3364deb7e94fdc16e91445f89f44457dd",
 <       "0x291dbf031dacfd88b2068c1ed3acc9497489baef",
 <       "0x971d8353a95d38ba480d6c839c0772f6c9b8afcf",
 <       "0xd75ced5686ff56a1fce78b84449dce7dbbf4e618",
 <       "0x73242b04fa08d1c2f356a4902223115077319140"
 <     ]
 <   }
[2021/06/25 17:32:13.166] -  <   {
 <     "id": 9,
 <     "jsonrpc": "2.0",
 <     "result": {
 <       "number": "0x0",
 <       "hash": "0x2104914efb5486e45fb3142cb6c3c08883b761b6ee3d55fb6bfaa2494e16024e",
 <       "parentHash": "0x0000000000000000000000000000000000000000000000000000000000000000",
 <       "mixHash": "0x0000000000000000000000000000000000000000000000000000000000000000",
 <       "nonce": "0x0000000000000000",
 <       "sha3Uncles": "0x1dcc4de8dec75d7aab85b567b6ccd41ad312451b948a7413f0a142fd40d49347",
 <       "logsBloom": "0x00000000000000000000000000000000000000000000000000000000000000000000000000000000000000000000000000000000000000000000000000000000000000000000000000000000000000000000000000000000000000000000000000000000000000000000000000000000000000000000000000000000000000000000000000000000000000000000000000000000000000000000000000000000000000000000000000000000000000000000000000000000000000000000000000000000000000000000000000000000000000000000000000000000000000000000000000000000000000000000000000000000000000000000000000000000",
 <       "transactionsRoot": "0x56e81f171bcc55a6ff8345e692c0f86e5b48e01b996cadc001622fb5e363b421",
 <       "stateRoot": "0xea59925e89d4eebe290b842c3f08a711adeab7951cc472346ea77665a0eed224",
 <       "receiptsRoot": "0x56e81f171bcc55a6ff8345e692c0f86e5b48e01b996cadc001622fb5e363b421",
 <       "miner": "0x0000000000000000000000000000000000000000",
 <       "difficulty": "0x0",
 <       "totalDifficulty": "0x0",
 <       "extraData": "0x",
 <       "size": "0x3e8",
 <       "gasLimit": "0x1",
 <       "gasUsed": "0x0",
 <       "timestamp": "0x60d5d578",
 <       "transactions": [],
 <       "uncles": []
 <     }
 <   }
[2021/06/25 17:32:13.176] -  <   {
 <     "id": 3,
 <     "jsonrpc": "2.0",
 <     "result": "0x0"
 <   }
[2021/06/25 17:32:13.178] - eth_accounts
[2021/06/25 17:32:13.178] -    > {
   >   "jsonrpc": "2.0",
   >   "id": 11,
   >   "method": "eth_accounts",
   >   "params": [],
   >   "internal": true
   > }
[2021/06/25 17:32:13.181] -  <   {
 <     "id": 10,
 <     "jsonrpc": "2.0",
 <     "result": "0x5"
 <   }
[2021/06/25 17:32:13.199] -  <   {
 <     "id": 4,
 <     "jsonrpc": "2.0",
 <     "result": {
 <       "number": "0x0",
 <       "hash": "0x2104914efb5486e45fb3142cb6c3c08883b761b6ee3d55fb6bfaa2494e16024e",
 <       "parentHash": "0x0000000000000000000000000000000000000000000000000000000000000000",
 <       "mixHash": "0x0000000000000000000000000000000000000000000000000000000000000000",
 <       "nonce": "0x0000000000000000",
 <       "sha3Uncles": "0x1dcc4de8dec75d7aab85b567b6ccd41ad312451b948a7413f0a142fd40d49347",
 <       "logsBloom": "0x00000000000000000000000000000000000000000000000000000000000000000000000000000000000000000000000000000000000000000000000000000000000000000000000000000000000000000000000000000000000000000000000000000000000000000000000000000000000000000000000000000000000000000000000000000000000000000000000000000000000000000000000000000000000000000000000000000000000000000000000000000000000000000000000000000000000000000000000000000000000000000000000000000000000000000000000000000000000000000000000000000000000000000000000000000000",
 <       "transactionsRoot": "0x56e81f171bcc55a6ff8345e692c0f86e5b48e01b996cadc001622fb5e363b421",
 <       "stateRoot": "0xea59925e89d4eebe290b842c3f08a711adeab7951cc472346ea77665a0eed224",
 <       "receiptsRoot": "0x56e81f171bcc55a6ff8345e692c0f86e5b48e01b996cadc001622fb5e363b421",
 <       "miner": "0x0000000000000000000000000000000000000000",
 <       "difficulty": "0x0",
 <       "totalDifficulty": "0x0",
 <       "extraData": "0x",
 <       "size": "0x3e8",
 <       "gasLimit": "0x1",
 <       "gasUsed": "0x0",
 <       "timestamp": "0x60d5d578",
 <       "transactions": [],
 <       "uncles": []
 <     }
 <   }
[2021/06/25 17:32:13.200] -  <   {
 <     "id": 5,
 <     "jsonrpc": "2.0",
 <     "result": "0x6"
 <   }
[2021/06/25 17:32:13.213] -  <   {
 <     "id": 11,
 <     "jsonrpc": "2.0",
 <     "result": [
 <       "0x07c5d61ec390b60f0f8fed65dc953297cd67d778",
 <       "0x15ffb213452e8e6051fcf7b6499c4132f3d2ecae",
 <       "0x016ca0fb7f715a0ef87859b3c6bbbac7e9c4a564",
 <       "0xc2eb28c3364deb7e94fdc16e91445f89f44457dd",
 <       "0x291dbf031dacfd88b2068c1ed3acc9497489baef",
 <       "0x971d8353a95d38ba480d6c839c0772f6c9b8afcf",
 <       "0xd75ced5686ff56a1fce78b84449dce7dbbf4e618",
 <       "0x73242b04fa08d1c2f356a4902223115077319140"
 <     ]
 <   }
[2021/06/25 17:32:13.325] - eth_getBalance
[2021/06/25 17:32:13.326] -    > {
   >   "jsonrpc": "2.0",
   >   "id": 12,
   >   "method": "eth_getBalance",
   >   "params": [
   >     "0x07c5d61ec390b60f0f8fed65dc953297cd67d778",
   >     "latest"
   >   ],
   >   "internal": true
   > }
[2021/06/25 17:32:13.337] -  <   {
 <     "id": 12,
 <     "jsonrpc": "2.0",
 <     "result": "0x0"
 <   }
[2021/06/25 17:32:13.339] - eth_getTransactionCount
[2021/06/25 17:32:13.340] -    > {
   >   "jsonrpc": "2.0",
   >   "id": 13,
   >   "method": "eth_getTransactionCount",
   >   "params": [
   >     "0x07c5d61ec390b60f0f8fed65dc953297cd67d778",
   >     "latest"
   >   ],
   >   "internal": true
   > }
[2021/06/25 17:32:13.352] -  <   {
 <     "id": 13,
 <     "jsonrpc": "2.0",
 <     "result": "0x0"
 <   }
[2021/06/25 17:32:13.353] - eth_getBalance
[2021/06/25 17:32:13.354] -    > {
   >   "jsonrpc": "2.0",
   >   "id": 14,
   >   "method": "eth_getBalance",
   >   "params": [
   >     "0x15ffb213452e8e6051fcf7b6499c4132f3d2ecae",
   >     "latest"
   >   ],
   >   "internal": true
   > }
[2021/06/25 17:32:13.368] - eth_getTransactionCount
[2021/06/25 17:32:13.368] -    > {
   >   "jsonrpc": "2.0",
   >   "id": 15,
   >   "method": "eth_getTransactionCount",
   >   "params": [
   >     "0x15ffb213452e8e6051fcf7b6499c4132f3d2ecae",
   >     "latest"
   >   ],
   >   "internal": true
   > }
[2021/06/25 17:32:13.370] -  <   {
 <     "id": 14,
 <     "jsonrpc": "2.0",
 <     "result": "0x0"
 <   }
[2021/06/25 17:32:13.382] -  <   {
 <     "id": 15,
 <     "jsonrpc": "2.0",
 <     "result": "0x0"
 <   }
[2021/06/25 17:32:13.384] - eth_getBalance
[2021/06/25 17:32:13.384] -    > {
   >   "jsonrpc": "2.0",
   >   "id": 16,
   >   "method": "eth_getBalance",
   >   "params": [
   >     "0x016ca0fb7f715a0ef87859b3c6bbbac7e9c4a564",
   >     "latest"
   >   ],
   >   "internal": true
   > }
[2021/06/25 17:32:13.399] - eth_getTransactionCount
[2021/06/25 17:32:13.400] -    > {
   >   "jsonrpc": "2.0",
   >   "id": 17,
   >   "method": "eth_getTransactionCount",
   >   "params": [
   >     "0x016ca0fb7f715a0ef87859b3c6bbbac7e9c4a564",
   >     "latest"
   >   ],
   >   "internal": true
   > }
[2021/06/25 17:32:13.402] -  <   {
 <     "id": 16,
 <     "jsonrpc": "2.0",
 <     "result": "0x0"
 <   }
[2021/06/25 17:32:13.415] -  <   {
 <     "id": 17,
 <     "jsonrpc": "2.0",
 <     "result": "0x0"
 <   }
[2021/06/25 17:32:13.419] - eth_getBalance
[2021/06/25 17:32:13.420] -    > {
   >   "jsonrpc": "2.0",
   >   "id": 18,
   >   "method": "eth_getBalance",
   >   "params": [
   >     "0xc2eb28c3364deb7e94fdc16e91445f89f44457dd",
   >     "latest"
   >   ],
   >   "internal": true
   > }
[2021/06/25 17:32:13.431] -  <   {
 <     "id": 18,
 <     "jsonrpc": "2.0",
 <     "result": "0x0"
 <   }
[2021/06/25 17:32:13.436] - eth_getTransactionCount
[2021/06/25 17:32:13.437] -    > {
   >   "jsonrpc": "2.0",
   >   "id": 19,
   >   "method": "eth_getTransactionCount",
   >   "params": [
   >     "0xc2eb28c3364deb7e94fdc16e91445f89f44457dd",
   >     "latest"
   >   ],
   >   "internal": true
   > }
[2021/06/25 17:32:13.439] -  <   {
 <     "id": 19,
 <     "jsonrpc": "2.0",
 <     "result": "0x0"
 <   }
[2021/06/25 17:32:13.455] - eth_getBalance
[2021/06/25 17:32:13.456] -    > {
   >   "jsonrpc": "2.0",
   >   "id": 20,
   >   "method": "eth_getBalance",
   >   "params": [
   >     "0x291dbf031dacfd88b2068c1ed3acc9497489baef",
   >     "latest"
   >   ],
   >   "internal": true
   > }
[2021/06/25 17:32:13.464] -  <   {
 <     "id": 20,
 <     "jsonrpc": "2.0",
 <     "result": "0x0"
 <   }
[2021/06/25 17:32:13.470] - eth_getTransactionCount
[2021/06/25 17:32:13.471] -    > {
   >   "jsonrpc": "2.0",
   >   "id": 21,
   >   "method": "eth_getTransactionCount",
   >   "params": [
   >     "0x291dbf031dacfd88b2068c1ed3acc9497489baef",
   >     "latest"
   >   ],
   >   "internal": true
   > }
[2021/06/25 17:32:13.478] -  <   {
 <     "id": 21,
 <     "jsonrpc": "2.0",
 <     "result": "0x0"
 <   }
[2021/06/25 17:32:13.485] - eth_getBalance
[2021/06/25 17:32:13.486] -    > {
   >   "jsonrpc": "2.0",
   >   "id": 22,
   >   "method": "eth_getBalance",
   >   "params": [
   >     "0x971d8353a95d38ba480d6c839c0772f6c9b8afcf",
   >     "latest"
   >   ],
   >   "internal": true
   > }
[2021/06/25 17:32:13.495] -  <   {
 <     "id": 22,
 <     "jsonrpc": "2.0",
 <     "result": "0x0"
 <   }
[2021/06/25 17:32:13.500] - eth_getTransactionCount
[2021/06/25 17:32:13.501] -    > {
   >   "jsonrpc": "2.0",
   >   "id": 23,
   >   "method": "eth_getTransactionCount",
   >   "params": [
   >     "0x971d8353a95d38ba480d6c839c0772f6c9b8afcf",
   >     "latest"
   >   ],
   >   "internal": true
   > }
[2021/06/25 17:32:13.513] -  <   {
 <     "id": 23,
 <     "jsonrpc": "2.0",
 <     "result": "0x0"
 <   }
[2021/06/25 17:32:13.514] - eth_getBalance
[2021/06/25 17:32:13.515] -    > {
   >   "jsonrpc": "2.0",
   >   "id": 24,
   >   "method": "eth_getBalance",
   >   "params": [
   >     "0xd75ced5686ff56a1fce78b84449dce7dbbf4e618",
   >     "latest"
   >   ],
   >   "internal": true
   > }
[2021/06/25 17:32:13.527] -  <   {
 <     "id": 24,
 <     "jsonrpc": "2.0",
 <     "result": "0x0"
 <   }
[2021/06/25 17:32:13.529] - eth_getTransactionCount
[2021/06/25 17:32:13.530] -    > {
   >   "jsonrpc": "2.0",
   >   "id": 25,
   >   "method": "eth_getTransactionCount",
   >   "params": [
   >     "0xd75ced5686ff56a1fce78b84449dce7dbbf4e618",
   >     "latest"
   >   ],
   >   "internal": true
   > }
[2021/06/25 17:32:13.541] -  <   {
 <     "id": 25,
 <     "jsonrpc": "2.0",
 <     "result": "0x0"
 <   }
[2021/06/25 17:32:13.542] - eth_getBalance
[2021/06/25 17:32:13.543] -    > {
   >   "jsonrpc": "2.0",
   >   "id": 26,
   >   "method": "eth_getBalance",
   >   "params": [
   >     "0x73242b04fa08d1c2f356a4902223115077319140",
   >     "latest"
   >   ],
   >   "internal": true
   > }
[2021/06/25 17:32:13.553] - eth_getTransactionCount
[2021/06/25 17:32:13.554] -    > {
   >   "jsonrpc": "2.0",
   >   "id": 27,
   >   "method": "eth_getTransactionCount",
   >   "params": [
   >     "0x73242b04fa08d1c2f356a4902223115077319140",
   >     "latest"
   >   ],
   >   "internal": true
   > }
[2021/06/25 17:32:13.556] -  <   {
 <     "id": 26,
 <     "jsonrpc": "2.0",
 <     "result": "0x0"
 <   }
[2021/06/25 17:32:13.572] -  <   {
 <     "id": 27,
 <     "jsonrpc": "2.0",
 <     "result": "0x0"
 <   }
[2021/06/25 17:32:13.585] - eth_getBalance
[2021/06/25 17:32:13.586] -    > {
   >   "jsonrpc": "2.0",
   >   "id": 29,
   >   "method": "eth_getBalance",
   >   "params": [
   >     "0x07c5d61ec390b60f0f8fed65dc953297cd67d778",
   >     "latest"
   >   ],
   >   "internal": true
   > }
[2021/06/25 17:32:13.605] -  <   {
 <     "id": 29,
 <     "jsonrpc": "2.0",
 <     "result": "0x0"
 <   }
[2021/06/25 17:32:13.606] - eth_getTransactionCount
[2021/06/25 17:32:13.607] -    > {
   >   "jsonrpc": "2.0",
   >   "id": 30,
   >   "method": "eth_getTransactionCount",
   >   "params": [
   >     "0x07c5d61ec390b60f0f8fed65dc953297cd67d778",
   >     "latest"
   >   ],
   >   "internal": true
   > }
[2021/06/25 17:32:13.620] -  <   {
 <     "id": 30,
 <     "jsonrpc": "2.0",
 <     "result": "0x0"
 <   }
[2021/06/25 17:32:13.621] - eth_getBalance
[2021/06/25 17:32:13.622] -    > {
   >   "jsonrpc": "2.0",
   >   "id": 31,
   >   "method": "eth_getBalance",
   >   "params": [
   >     "0x15ffb213452e8e6051fcf7b6499c4132f3d2ecae",
   >     "latest"
   >   ],
   >   "internal": true
   > }
[2021/06/25 17:32:13.637] -  <   {
 <     "id": 31,
 <     "jsonrpc": "2.0",
 <     "result": "0x0"
 <   }
[2021/06/25 17:32:13.644] - eth_getTransactionCount
[2021/06/25 17:32:13.646] -    > {
   >   "jsonrpc": "2.0",
   >   "id": 32,
   >   "method": "eth_getTransactionCount",
   >   "params": [
   >     "0x15ffb213452e8e6051fcf7b6499c4132f3d2ecae",
   >     "latest"
   >   ],
   >   "internal": true
   > }
[2021/06/25 17:32:13.654] -  <   {
 <     "id": 32,
 <     "jsonrpc": "2.0",
 <     "result": "0x0"
 <   }
[2021/06/25 17:32:13.665] - eth_getBalance
[2021/06/25 17:32:13.665] -    > {
   >   "jsonrpc": "2.0",
   >   "id": 33,
   >   "method": "eth_getBalance",
   >   "params": [
   >     "0x016ca0fb7f715a0ef87859b3c6bbbac7e9c4a564",
   >     "latest"
   >   ],
   >   "internal": true
   > }
[2021/06/25 17:32:13.680] -  <   {
 <     "id": 33,
 <     "jsonrpc": "2.0",
 <     "result": "0x0"
 <   }
[2021/06/25 17:32:13.682] - eth_getTransactionCount
[2021/06/25 17:32:13.682] -    > {
   >   "jsonrpc": "2.0",
   >   "id": 34,
   >   "method": "eth_getTransactionCount",
   >   "params": [
   >     "0x016ca0fb7f715a0ef87859b3c6bbbac7e9c4a564",
   >     "latest"
   >   ],
   >   "internal": true
   > }
[2021/06/25 17:32:13.693] -  <   {
 <     "id": 34,
 <     "jsonrpc": "2.0",
 <     "result": "0x0"
 <   }
[2021/06/25 17:32:13.694] - eth_getBalance
[2021/06/25 17:32:13.695] -    > {
   >   "jsonrpc": "2.0",
   >   "id": 35,
   >   "method": "eth_getBalance",
   >   "params": [
   >     "0xc2eb28c3364deb7e94fdc16e91445f89f44457dd",
   >     "latest"
   >   ],
   >   "internal": true
   > }
[2021/06/25 17:32:13.698] -  <   {
 <     "id": 35,
 <     "jsonrpc": "2.0",
 <     "result": "0x0"
 <   }
[2021/06/25 17:32:13.705] - eth_getTransactionCount
[2021/06/25 17:32:13.706] -    > {
   >   "jsonrpc": "2.0",
   >   "id": 36,
   >   "method": "eth_getTransactionCount",
   >   "params": [
   >     "0xc2eb28c3364deb7e94fdc16e91445f89f44457dd",
   >     "latest"
   >   ],
   >   "internal": true
   > }
[2021/06/25 17:32:13.713] -  <   {
 <     "id": 36,
 <     "jsonrpc": "2.0",
 <     "result": "0x0"
 <   }
[2021/06/25 17:32:13.721] - eth_getBalance
[2021/06/25 17:32:13.722] -    > {
   >   "jsonrpc": "2.0",
   >   "id": 37,
   >   "method": "eth_getBalance",
   >   "params": [
   >     "0x291dbf031dacfd88b2068c1ed3acc9497489baef",
   >     "latest"
   >   ],
   >   "internal": true
   > }
[2021/06/25 17:32:13.729] -  <   {
 <     "id": 37,
 <     "jsonrpc": "2.0",
 <     "result": "0x0"
 <   }
[2021/06/25 17:32:13.742] - eth_getTransactionCount
[2021/06/25 17:32:13.743] -    > {
   >   "jsonrpc": "2.0",
   >   "id": 38,
   >   "method": "eth_getTransactionCount",
   >   "params": [
   >     "0x291dbf031dacfd88b2068c1ed3acc9497489baef",
   >     "latest"
   >   ],
   >   "internal": true
   > }
[2021/06/25 17:32:13.757] -  <   {
 <     "id": 38,
 <     "jsonrpc": "2.0",
 <     "result": "0x0"
 <   }
[2021/06/25 17:32:13.758] - eth_getBalance
[2021/06/25 17:32:13.759] -    > {
   >   "jsonrpc": "2.0",
   >   "id": 39,
   >   "method": "eth_getBalance",
   >   "params": [
   >     "0x971d8353a95d38ba480d6c839c0772f6c9b8afcf",
   >     "latest"
   >   ],
   >   "internal": true
   > }
[2021/06/25 17:32:13.768] -  <   {
 <     "id": 39,
 <     "jsonrpc": "2.0",
 <     "result": "0x0"
 <   }
[2021/06/25 17:32:13.769] - eth_getTransactionCount
[2021/06/25 17:32:13.770] -    > {
   >   "jsonrpc": "2.0",
   >   "id": 40,
   >   "method": "eth_getTransactionCount",
   >   "params": [
   >     "0x971d8353a95d38ba480d6c839c0772f6c9b8afcf",
   >     "latest"
   >   ],
   >   "internal": true
   > }
[2021/06/25 17:32:13.778] -  <   {
 <     "id": 40,
 <     "jsonrpc": "2.0",
 <     "result": "0x0"
 <   }
[2021/06/25 17:32:13.784] - eth_getBalance
[2021/06/25 17:32:13.784] -    > {
   >   "jsonrpc": "2.0",
   >   "id": 41,
   >   "method": "eth_getBalance",
   >   "params": [
   >     "0xd75ced5686ff56a1fce78b84449dce7dbbf4e618",
   >     "latest"
   >   ],
   >   "internal": true
   > }
[2021/06/25 17:32:13.793] -  <   {
 <     "id": 41,
 <     "jsonrpc": "2.0",
 <     "result": "0x0"
 <   }
[2021/06/25 17:32:13.800] - eth_getTransactionCount
[2021/06/25 17:32:13.801] -    > {
   >   "jsonrpc": "2.0",
   >   "id": 42,
   >   "method": "eth_getTransactionCount",
   >   "params": [
   >     "0xd75ced5686ff56a1fce78b84449dce7dbbf4e618",
   >     "latest"
   >   ],
   >   "internal": true
   > }
[2021/06/25 17:32:13.810] -  <   {
 <     "id": 42,
 <     "jsonrpc": "2.0",
 <     "result": "0x0"
 <   }
[2021/06/25 17:32:13.815] - eth_getBalance
[2021/06/25 17:32:13.816] -    > {
   >   "jsonrpc": "2.0",
   >   "id": 43,
   >   "method": "eth_getBalance",
   >   "params": [
   >     "0x73242b04fa08d1c2f356a4902223115077319140",
   >     "latest"
   >   ],
   >   "internal": true
   > }
[2021/06/25 17:32:13.825] -  <   {
 <     "id": 43,
 <     "jsonrpc": "2.0",
 <     "result": "0x0"
 <   }
[2021/06/25 17:32:13.833] - eth_getTransactionCount
[2021/06/25 17:32:13.833] -    > {
   >   "jsonrpc": "2.0",
   >   "id": 44,
   >   "method": "eth_getTransactionCount",
   >   "params": [
   >     "0x73242b04fa08d1c2f356a4902223115077319140",
   >     "latest"
   >   ],
   >   "internal": true
   > }
[2021/06/25 17:32:13.842] -  <   {
 <     "id": 44,
 <     "jsonrpc": "2.0",
 <     "result": "0x0"
 <   }
[2021/06/25 17:32:13.845] - eth_getBalance
[2021/06/25 17:32:13.846] -    > {
   >   "jsonrpc": "2.0",
   >   "id": 45,
   >   "method": "eth_getBalance",
   >   "params": [
   >     "0x07c5d61ec390b60f0f8fed65dc953297cd67d778",
   >     "latest"
   >   ],
   >   "internal": true
   > }
[2021/06/25 17:32:13.859] -  <   {
 <     "id": 45,
 <     "jsonrpc": "2.0",
 <     "result": "0x0"
 <   }
[2021/06/25 17:32:13.861] - eth_getTransactionCount
[2021/06/25 17:32:13.862] -    > {
   >   "jsonrpc": "2.0",
   >   "id": 46,
   >   "method": "eth_getTransactionCount",
   >   "params": [
   >     "0x07c5d61ec390b60f0f8fed65dc953297cd67d778",
   >     "latest"
   >   ],
   >   "internal": true
   > }
[2021/06/25 17:32:13.874] -  <   {
 <     "id": 46,
 <     "jsonrpc": "2.0",
 <     "result": "0x0"
 <   }
[2021/06/25 17:32:13.891] - eth_getBalance
[2021/06/25 17:32:13.894] -    > {
   >   "jsonrpc": "2.0",
   >   "id": 47,
   >   "method": "eth_getBalance",
   >   "params": [
   >     "0x15ffb213452e8e6051fcf7b6499c4132f3d2ecae",
   >     "latest"
   >   ],
   >   "internal": true
   > }
[2021/06/25 17:32:13.905] -  <   {
 <     "id": 47,
 <     "jsonrpc": "2.0",
 <     "result": "0x0"
 <   }
[2021/06/25 17:32:13.927] - eth_getTransactionCount
[2021/06/25 17:32:13.931] -    > {
   >   "jsonrpc": "2.0",
   >   "id": 48,
   >   "method": "eth_getTransactionCount",
   >   "params": [
   >     "0x15ffb213452e8e6051fcf7b6499c4132f3d2ecae",
   >     "latest"
   >   ],
   >   "internal": true
   > }
[2021/06/25 17:32:13.936] -  <   {
 <     "id": 48,
 <     "jsonrpc": "2.0",
 <     "result": "0x0"
 <   }
[2021/06/25 17:32:13.955] - eth_getBalance
[2021/06/25 17:32:13.956] -    > {
   >   "jsonrpc": "2.0",
   >   "id": 49,
   >   "method": "eth_getBalance",
   >   "params": [
   >     "0x016ca0fb7f715a0ef87859b3c6bbbac7e9c4a564",
   >     "latest"
   >   ],
   >   "internal": true
   > }
[2021/06/25 17:32:13.967] -  <   {
 <     "id": 49,
 <     "jsonrpc": "2.0",
 <     "result": "0x0"
 <   }
[2021/06/25 17:32:13.981] - eth_getTransactionCount
[2021/06/25 17:32:13.982] -    > {
   >   "jsonrpc": "2.0",
   >   "id": 50,
   >   "method": "eth_getTransactionCount",
   >   "params": [
   >     "0x016ca0fb7f715a0ef87859b3c6bbbac7e9c4a564",
   >     "latest"
   >   ],
   >   "internal": true
   > }
[2021/06/25 17:32:13.999] -  <   {
 <     "id": 50,
 <     "jsonrpc": "2.0",
 <     "result": "0x0"
 <   }
[2021/06/25 17:32:14.001] - eth_getBalance
[2021/06/25 17:32:14.001] -    > {
   >   "jsonrpc": "2.0",
   >   "id": 51,
   >   "method": "eth_getBalance",
   >   "params": [
   >     "0xc2eb28c3364deb7e94fdc16e91445f89f44457dd",
   >     "latest"
   >   ],
   >   "internal": true
   > }
[2021/06/25 17:32:14.016] -  <   {
 <     "id": 51,
 <     "jsonrpc": "2.0",
 <     "result": "0x0"
 <   }
[2021/06/25 17:32:14.018] - eth_getTransactionCount
[2021/06/25 17:32:14.019] -    > {
   >   "jsonrpc": "2.0",
   >   "id": 52,
   >   "method": "eth_getTransactionCount",
   >   "params": [
   >     "0xc2eb28c3364deb7e94fdc16e91445f89f44457dd",
   >     "latest"
   >   ],
   >   "internal": true
   > }
[2021/06/25 17:32:14.032] -  <   {
 <     "id": 52,
 <     "jsonrpc": "2.0",
 <     "result": "0x0"
 <   }
[2021/06/25 17:32:14.036] - eth_getBalance
[2021/06/25 17:32:14.037] -    > {
   >   "jsonrpc": "2.0",
   >   "id": 53,
   >   "method": "eth_getBalance",
   >   "params": [
   >     "0x291dbf031dacfd88b2068c1ed3acc9497489baef",
   >     "latest"
   >   ],
   >   "internal": true
   > }
[2021/06/25 17:32:14.049] -  <   {
 <     "id": 53,
 <     "jsonrpc": "2.0",
 <     "result": "0x0"
 <   }
[2021/06/25 17:32:14.053] - eth_getTransactionCount
[2021/06/25 17:32:14.055] -    > {
   >   "jsonrpc": "2.0",
   >   "id": 54,
   >   "method": "eth_getTransactionCount",
   >   "params": [
   >     "0x291dbf031dacfd88b2068c1ed3acc9497489baef",
   >     "latest"
   >   ],
   >   "internal": true
   > }
[2021/06/25 17:32:14.064] -  <   {
 <     "id": 54,
 <     "jsonrpc": "2.0",
 <     "result": "0x0"
 <   }
[2021/06/25 17:32:14.070] - eth_getBalance
[2021/06/25 17:32:14.071] -    > {
   >   "jsonrpc": "2.0",
   >   "id": 55,
   >   "method": "eth_getBalance",
   >   "params": [
   >     "0x971d8353a95d38ba480d6c839c0772f6c9b8afcf",
   >     "latest"
   >   ],
   >   "internal": true
   > }
[2021/06/25 17:32:14.080] -  <   {
 <     "id": 55,
 <     "jsonrpc": "2.0",
 <     "result": "0x0"
 <   }
[2021/06/25 17:32:14.086] - eth_getTransactionCount
[2021/06/25 17:32:14.087] -    > {
   >   "jsonrpc": "2.0",
   >   "id": 56,
   >   "method": "eth_getTransactionCount",
   >   "params": [
   >     "0x971d8353a95d38ba480d6c839c0772f6c9b8afcf",
   >     "latest"
   >   ],
   >   "internal": true
   > }
[2021/06/25 17:32:14.095] -  <   {
 <     "id": 56,
 <     "jsonrpc": "2.0",
 <     "result": "0x0"
 <   }
[2021/06/25 17:32:14.098] - eth_getBalance
[2021/06/25 17:32:14.099] -    > {
   >   "jsonrpc": "2.0",
   >   "id": 57,
   >   "method": "eth_getBalance",
   >   "params": [
   >     "0xd75ced5686ff56a1fce78b84449dce7dbbf4e618",
   >     "latest"
   >   ],
   >   "internal": true
   > }
[2021/06/25 17:32:14.101] -  <   {
 <     "id": 57,
 <     "jsonrpc": "2.0",
 <     "result": "0x0"
 <   }
[2021/06/25 17:32:14.110] - eth_getTransactionCount
[2021/06/25 17:32:14.111] -    > {
   >   "jsonrpc": "2.0",
   >   "id": 58,
   >   "method": "eth_getTransactionCount",
   >   "params": [
   >     "0xd75ced5686ff56a1fce78b84449dce7dbbf4e618",
   >     "latest"
   >   ],
   >   "internal": true
   > }
[2021/06/25 17:32:14.124] -  <   {
 <     "id": 58,
 <     "jsonrpc": "2.0",
 <     "result": "0x0"
 <   }
[2021/06/25 17:32:14.125] - eth_getBalance
[2021/06/25 17:32:14.126] -    > {
   >   "jsonrpc": "2.0",
   >   "id": 59,
   >   "method": "eth_getBalance",
   >   "params": [
   >     "0x73242b04fa08d1c2f356a4902223115077319140",
   >     "latest"
   >   ],
   >   "internal": true
   > }
[2021/06/25 17:32:14.143] -  <   {
 <     "id": 59,
 <     "jsonrpc": "2.0",
 <     "result": "0x0"
 <   }
[2021/06/25 17:32:14.145] - eth_getTransactionCount
[2021/06/25 17:32:14.145] -    > {
   >   "jsonrpc": "2.0",
   >   "id": 60,
   >   "method": "eth_getTransactionCount",
   >   "params": [
   >     "0x73242b04fa08d1c2f356a4902223115077319140",
   >     "latest"
   >   ],
   >   "internal": true
   > }
[2021/06/25 17:32:14.160] -  <   {
 <     "id": 60,
 <     "jsonrpc": "2.0",
 <     "result": "0x0"
 <   }
[2021/06/25 17:32:14.303] - eth_getBalance
[2021/06/25 17:32:14.303] -    > {
   >   "jsonrpc": "2.0",
   >   "id": 61,
   >   "method": "eth_getBalance",
   >   "params": [
   >     "0x07c5d61ec390b60f0f8fed65dc953297cd67d778",
   >     "latest"
   >   ],
   >   "internal": true
   > }
[2021/06/25 17:32:14.319] -  <   {
 <     "id": 61,
 <     "jsonrpc": "2.0",
 <     "result": "0x0"
 <   }
[2021/06/25 17:32:14.320] - eth_getTransactionCount
[2021/06/25 17:32:14.321] -    > {
   >   "jsonrpc": "2.0",
   >   "id": 62,
   >   "method": "eth_getTransactionCount",
   >   "params": [
   >     "0x07c5d61ec390b60f0f8fed65dc953297cd67d778",
   >     "latest"
   >   ],
   >   "internal": true
   > }
[2021/06/25 17:32:14.334] -  <   {
 <     "id": 62,
 <     "jsonrpc": "2.0",
 <     "result": "0x0"
 <   }
[2021/06/25 17:32:14.336] - eth_getBalance
[2021/06/25 17:32:14.337] -    > {
   >   "jsonrpc": "2.0",
   >   "id": 63,
   >   "method": "eth_getBalance",
   >   "params": [
   >     "0x15ffb213452e8e6051fcf7b6499c4132f3d2ecae",
   >     "latest"
   >   ],
   >   "internal": true
   > }
[2021/06/25 17:32:14.350] -  <   {
 <     "id": 63,
 <     "jsonrpc": "2.0",
 <     "result": "0x0"
 <   }
[2021/06/25 17:32:14.355] - eth_getTransactionCount
[2021/06/25 17:32:14.356] -    > {
   >   "jsonrpc": "2.0",
   >   "id": 64,
   >   "method": "eth_getTransactionCount",
   >   "params": [
   >     "0x15ffb213452e8e6051fcf7b6499c4132f3d2ecae",
   >     "latest"
   >   ],
   >   "internal": true
   > }
[2021/06/25 17:32:14.365] -  <   {
 <     "id": 64,
 <     "jsonrpc": "2.0",
 <     "result": "0x0"
 <   }
[2021/06/25 17:32:14.373] - eth_getBalance
[2021/06/25 17:32:14.374] -    > {
   >   "jsonrpc": "2.0",
   >   "id": 65,
   >   "method": "eth_getBalance",
   >   "params": [
   >     "0x016ca0fb7f715a0ef87859b3c6bbbac7e9c4a564",
   >     "latest"
   >   ],
   >   "internal": true
   > }
[2021/06/25 17:32:14.382] -  <   {
 <     "id": 65,
 <     "jsonrpc": "2.0",
 <     "result": "0x0"
 <   }
[2021/06/25 17:32:14.392] - eth_getTransactionCount
[2021/06/25 17:32:14.393] -    > {
   >   "jsonrpc": "2.0",
   >   "id": 66,
   >   "method": "eth_getTransactionCount",
   >   "params": [
   >     "0x016ca0fb7f715a0ef87859b3c6bbbac7e9c4a564",
   >     "latest"
   >   ],
   >   "internal": true
   > }
[2021/06/25 17:32:14.397] -  <   {
 <     "id": 66,
 <     "jsonrpc": "2.0",
 <     "result": "0x0"
 <   }
[2021/06/25 17:32:14.404] - eth_getBalance
[2021/06/25 17:32:14.405] -    > {
   >   "jsonrpc": "2.0",
   >   "id": 67,
   >   "method": "eth_getBalance",
   >   "params": [
   >     "0xc2eb28c3364deb7e94fdc16e91445f89f44457dd",
   >     "latest"
   >   ],
   >   "internal": true
   > }
[2021/06/25 17:32:14.412] -  <   {
 <     "id": 67,
 <     "jsonrpc": "2.0",
 <     "result": "0x0"
 <   }
[2021/06/25 17:32:14.420] - eth_getTransactionCount
[2021/06/25 17:32:14.421] -    > {
   >   "jsonrpc": "2.0",
   >   "id": 68,
   >   "method": "eth_getTransactionCount",
   >   "params": [
   >     "0xc2eb28c3364deb7e94fdc16e91445f89f44457dd",
   >     "latest"
   >   ],
   >   "internal": true
   > }
[2021/06/25 17:32:14.429] -  <   {
 <     "id": 68,
 <     "jsonrpc": "2.0",
 <     "result": "0x0"
 <   }
[2021/06/25 17:32:14.438] - eth_getBalance
[2021/06/25 17:32:14.439] -    > {
   >   "jsonrpc": "2.0",
   >   "id": 69,
   >   "method": "eth_getBalance",
   >   "params": [
   >     "0x291dbf031dacfd88b2068c1ed3acc9497489baef",
   >     "latest"
   >   ],
   >   "internal": true
   > }
[2021/06/25 17:32:14.445] -  <   {
 <     "id": 69,
 <     "jsonrpc": "2.0",
 <     "result": "0x0"
 <   }
[2021/06/25 17:32:14.457] - eth_getTransactionCount
[2021/06/25 17:32:14.458] -    > {
   >   "jsonrpc": "2.0",
   >   "id": 70,
   >   "method": "eth_getTransactionCount",
   >   "params": [
   >     "0x291dbf031dacfd88b2068c1ed3acc9497489baef",
   >     "latest"
   >   ],
   >   "internal": true
   > }
[2021/06/25 17:32:14.468] -  <   {
 <     "id": 70,
 <     "jsonrpc": "2.0",
 <     "result": "0x0"
 <   }
[2021/06/25 17:32:14.469] - eth_getBalance
[2021/06/25 17:32:14.470] -    > {
   >   "jsonrpc": "2.0",
   >   "id": 71,
   >   "method": "eth_getBalance",
   >   "params": [
   >     "0x971d8353a95d38ba480d6c839c0772f6c9b8afcf",
   >     "latest"
   >   ],
   >   "internal": true
   > }
[2021/06/25 17:32:14.475] -  <   {
 <     "id": 71,
 <     "jsonrpc": "2.0",
 <     "result": "0x0"
 <   }
[2021/06/25 17:32:14.479] - eth_getTransactionCount
[2021/06/25 17:32:14.480] -    > {
   >   "jsonrpc": "2.0",
   >   "id": 72,
   >   "method": "eth_getTransactionCount",
   >   "params": [
   >     "0x971d8353a95d38ba480d6c839c0772f6c9b8afcf",
   >     "latest"
   >   ],
   >   "internal": true
   > }
[2021/06/25 17:32:14.491] -  <   {
 <     "id": 72,
 <     "jsonrpc": "2.0",
 <     "result": "0x0"
 <   }
[2021/06/25 17:32:14.492] - eth_getBalance
[2021/06/25 17:32:14.493] -    > {
   >   "jsonrpc": "2.0",
   >   "id": 73,
   >   "method": "eth_getBalance",
   >   "params": [
   >     "0xd75ced5686ff56a1fce78b84449dce7dbbf4e618",
   >     "latest"
   >   ],
   >   "internal": true
   > }
[2021/06/25 17:32:14.507] -  <   {
 <     "id": 73,
 <     "jsonrpc": "2.0",
 <     "result": "0x0"
 <   }
[2021/06/25 17:32:14.509] - eth_getTransactionCount
[2021/06/25 17:32:14.510] -    > {
   >   "jsonrpc": "2.0",
   >   "id": 74,
   >   "method": "eth_getTransactionCount",
   >   "params": [
   >     "0xd75ced5686ff56a1fce78b84449dce7dbbf4e618",
   >     "latest"
   >   ],
   >   "internal": true
   > }
[2021/06/25 17:32:14.522] -  <   {
 <     "id": 74,
 <     "jsonrpc": "2.0",
 <     "result": "0x0"
 <   }
[2021/06/25 17:32:14.523] - eth_getBalance
[2021/06/25 17:32:14.524] -    > {
   >   "jsonrpc": "2.0",
   >   "id": 75,
   >   "method": "eth_getBalance",
   >   "params": [
   >     "0x73242b04fa08d1c2f356a4902223115077319140",
   >     "latest"
   >   ],
   >   "internal": true
   > }
[2021/06/25 17:32:14.536] -  <   {
 <     "id": 75,
 <     "jsonrpc": "2.0",
 <     "result": "0x0"
 <   }
[2021/06/25 17:32:14.537] - eth_getTransactionCount
[2021/06/25 17:32:14.538] -    > {
   >   "jsonrpc": "2.0",
   >   "id": 76,
   >   "method": "eth_getTransactionCount",
   >   "params": [
   >     "0x73242b04fa08d1c2f356a4902223115077319140",
   >     "latest"
   >   ],
   >   "internal": true
   > }
[2021/06/25 17:32:14.555] -  <   {
 <     "id": 76,
 <     "jsonrpc": "2.0",
 <     "result": "0x0"
 <   }
[2021/06/25 17:32:15.806] - net_version
[2021/06/25 17:32:15.807] -    > {
   >   "id": 1417597356,
   >   "jsonrpc": "2.0",
   >   "method": "net_version",
   >   "params": []
   > }
[2021/06/25 17:32:15.821] -  <   {
 <     "id": 1417597356,
 <     "jsonrpc": "2.0",
 <     "result": "5777"
 <   }
[2021/06/25 17:32:27.950] - net_version
[2021/06/25 17:32:27.951] -    > {
   >   "id": 1417597359,
   >   "jsonrpc": "2.0",
   >   "method": "net_version",
   >   "params": []
   > }
[2021/06/25 17:32:27.955] -  <   {
 <     "id": 1417597359,
 <     "jsonrpc": "2.0",
 <     "result": "5777"
 <   }
[2021/06/25 17:32:32.637] - eth_blockNumber
[2021/06/25 17:32:32.639] -    > {
   >   "id": 4636522450055192,
   >   "jsonrpc": "2.0",
   >   "method": "eth_blockNumber",
   >   "params": []
   > }
[2021/06/25 17:32:32.648] -  <   {
 <     "id": 4636522450055192,
 <     "jsonrpc": "2.0",
 <     "result": "0x0"
 <   }
[2021/06/25 17:32:43.461] - eth_sendRawTransaction
[2021/06/25 17:32:43.462] -    > {
   >   "id": 3167929103243,
   >   "jsonrpc": "2.0",
   >   "method": "eth_sendRawTransaction",
   >   "params": [
   >     "0xf8858080825208948c8a5c06f335f8d4bec7c3cabb23c8c2253a1cbd80a45d0e788300000000000000000000000007c5d61ec390b60f0f8fed65dc953297cd67d778820a95a02aa689e5a294c898fe9bc4c3c5389f3379dda9c7c09c7b8caed7ea35743a094ca063953d762123e399764e9736865f117b7efc29d0ff29045e7f64e401b25d8630"
   >   ]
   > }
[2021/06/25 17:32:43.487] -  <   {
 <     "id": 3167929103243,
 <     "jsonrpc": "2.0",
 <     "error": {
 <       "message": "Exceeds block gas limit",
 <       "code": -32000,
 <       "data": {
 <         "stack": "TXRejectedError: Exceeds block gas limit\n    at StateManager._queueTransaction (C:\\Program Files\\WindowsApps\\GanacheUI_2.5.4.0_x64__5dg5pnz03psnj\\app\\resources\\static\\node\\node_modules\\ganache-core\\lib\\statemanager.js:408:21)\n    at StateManager.queueRawTransaction (C:\\Program Files\\WindowsApps\\GanacheUI_2.5.4.0_x64__5dg5pnz03psnj\\app\\resources\\static\\node\\node_modules\\ganache-core\\lib\\statemanager.js:324:8)\n    at GethApiDouble.eth_sendRawTransaction (C:\\Program Files\\WindowsApps\\GanacheUI_2.5.4.0_x64__5dg5pnz03psnj\\app\\resources\\static\\node\\node_modules\\ganache-core\\lib\\subproviders\\geth_api_double.js:338:14)\n    at GethApiDouble.handleRequest (C:\\Program Files\\WindowsApps\\GanacheUI_2.5.4.0_x64__5dg5pnz03psnj\\app\\resources\\static\\node\\node_modules\\ganache-core\\lib\\subproviders\\geth_api_double.js:109:10)\n    at next (C:\\Program Files\\WindowsApps\\GanacheUI_2.5.4.0_x64__5dg5pnz03psnj\\app\\resources\\static\\node\\node_modules\\ganache-core\\node_modules\\web3-provider-engine\\index.js:136:18)\n    at GethDefaults.handleRequest (C:\\Program Files\\WindowsApps\\GanacheUI_2.5.4.0_x64__5dg5pnz03psnj\\app\\resources\\static\\node\\node_modules\\ganache-core\\lib\\subproviders\\gethdefaults.js:15:12)\n    at next (C:\\Program Files\\WindowsApps\\GanacheUI_2.5.4.0_x64__5dg5pnz03psnj\\app\\resources\\static\\node\\node_modules\\ganache-core\\node_modules\\web3-provider-engine\\index.js:136:18)\n    at SubscriptionSubprovider.FilterSubprovider.handleRequest (C:\\Program Files\\WindowsApps\\GanacheUI_2.5.4.0_x64__5dg5pnz03psnj\\app\\resources\\static\\node\\node_modules\\ganache-core\\node_modules\\web3-provider-engine\\subproviders\\filters.js:89:7)\n    at SubscriptionSubprovider.handleRequest (C:\\Program Files\\WindowsApps\\GanacheUI_2.5.4.0_x64__5dg5pnz03psnj\\app\\resources\\static\\node\\node_modules\\ganache-core\\node_modules\\web3-provider-engine\\subproviders\\subscriptions.js:137:49)\n    at next (C:\\Program Files\\WindowsApps\\GanacheUI_2.5.4.0_x64__5dg5pnz03psnj\\app\\resources\\static\\node\\node_modules\\ganache-core\\node_modules\\web3-provider-engine\\index.js:136:18)\n    at DelayedBlockFilter.handleRequest (C:\\Program Files\\WindowsApps\\GanacheUI_2.5.4.0_x64__5dg5pnz03psnj\\app\\resources\\static\\node\\node_modules\\ganache-core\\lib\\subproviders\\delayedblockfilter.js:31:3)\n    at next (C:\\Program Files\\WindowsApps\\GanacheUI_2.5.4.0_x64__5dg5pnz03psnj\\app\\resources\\static\\node\\node_modules\\ganache-core\\node_modules\\web3-provider-engine\\index.js:136:18)\n    at RequestFunnel.handleRequest (C:\\Program Files\\WindowsApps\\GanacheUI_2.5.4.0_x64__5dg5pnz03psnj\\app\\resources\\static\\node\\node_modules\\ganache-core\\lib\\subproviders\\requestfunnel.js:32:12)\n    at next (C:\\Program Files\\WindowsApps\\GanacheUI_2.5.4.0_x64__5dg5pnz03psnj\\app\\resources\\static\\node\\node_modules\\ganache-core\\node_modules\\web3-provider-engine\\index.js:136:18)\n    at Web3ProviderEngine._handleAsync (C:\\Program Files\\WindowsApps\\GanacheUI_2.5.4.0_x64__5dg5pnz03psnj\\app\\resources\\static\\node\\node_modules\\ganache-core\\node_modules\\web3-provider-engine\\index.js:123:3)\n    at Timeout._onTimeout (C:\\Program Files\\WindowsApps\\GanacheUI_2.5.4.0_x64__5dg5pnz03psnj\\app\\resources\\static\\node\\node_modules\\ganache-core\\node_modules\\web3-provider-engine\\index.js:107:12)",
 <         "name": "TXRejectedError"
 <       }
 <     }
 <   }
[2021/06/25 17:32:48.451] - net_version
[2021/06/25 17:32:48.452] -    > {
   >   "id": 38669302,
   >   "jsonrpc": "2.0",
   >   "method": "net_version",
   >   "params": []
   > }
[2021/06/25 17:32:48.459] -  <   {
 <     "id": 38669302,
 <     "jsonrpc": "2.0",
 <     "result": "5777"
 <   }
[2021/06/25 17:32:52.676] - eth_blockNumber
[2021/06/25 17:32:52.677] -    > {
   >   "id": 4636522450055193,
   >   "jsonrpc": "2.0",
   >   "method": "eth_blockNumber",
   >   "params": []
   > }
[2021/06/25 17:32:52.689] -  <   {
 <     "id": 4636522450055193,
 <     "jsonrpc": "2.0",
 <     "result": "0x0"
 <   }
[2021/06/25 17:33:00.230] - net_version
[2021/06/25 17:33:00.231] -    > {
   >   "id": 542580021,
   >   "jsonrpc": "2.0",
   >   "method": "net_version",
   >   "params": []
   > }
[2021/06/25 17:33:00.245] -  <   {
 <     "id": 542580021,
 <     "jsonrpc": "2.0",
 <     "result": "5777"
 <   }
[2021/06/25 17:33:01.590] - net_version
[2021/06/25 17:33:01.591] -    > {
   >   "id": 3071910941,
   >   "jsonrpc": "2.0",
   >   "method": "net_version",
   >   "params": []
   > }
[2021/06/25 17:33:01.596] -  <   {
 <     "id": 3071910941,
 <     "jsonrpc": "2.0",
 <     "result": "5777"
 <   }
[2021/06/25 17:33:05.269] - eth_blockNumber
[2021/06/25 17:33:05.270] -    > {
   >   "id": 4636522450055194,
   >   "jsonrpc": "2.0",
   >   "method": "eth_blockNumber",
   >   "params": []
   > }
[2021/06/25 17:33:05.273] -  <   {
 <     "id": 4636522450055194,
 <     "jsonrpc": "2.0",
 <     "result": "0x0"
 <   }
[2021/06/25 17:33:13.018] - eth_blockNumber
[2021/06/25 17:33:13.020] -    > {
   >   "id": 4636522450055195,
   >   "jsonrpc": "2.0",
   >   "method": "eth_blockNumber",
   >   "params": []
   > }
[2021/06/25 17:33:13.033] -  <   {
 <     "id": 4636522450055195,
 <     "jsonrpc": "2.0",
 <     "result": "0x0"
 <   }
[2021/06/25 17:33:25.285] - eth_blockNumber
[2021/06/25 17:33:25.286] -    > {
   >   "id": 4636522450055196,
   >   "jsonrpc": "2.0",
   >   "method": "eth_blockNumber",
   >   "params": []
   > }
[2021/06/25 17:33:25.293] -  <   {
 <     "id": 4636522450055196,
 <     "jsonrpc": "2.0",
 <     "result": "0x0"
 <   }
[2021/06/25 17:33:33.354] - eth_blockNumber
[2021/06/25 17:33:33.356] -    > {
   >   "id": 4636522450055197,
   >   "jsonrpc": "2.0",
   >   "method": "eth_blockNumber",
   >   "params": []
   > }
[2021/06/25 17:33:33.368] -  <   {
 <     "id": 4636522450055197,
 <     "jsonrpc": "2.0",
 <     "result": "0x0"
 <   }
[2021/06/25 17:33:45.316] - eth_blockNumber
[2021/06/25 17:33:45.317] -    > {
   >   "id": 4636522450055198,
   >   "jsonrpc": "2.0",
   >   "method": "eth_blockNumber",
   >   "params": []
   > }
[2021/06/25 17:33:45.328] -  <   {
 <     "id": 4636522450055198,
 <     "jsonrpc": "2.0",
 <     "result": "0x0"
 <   }
[2021/06/25 17:34:45.479] - eth_blockNumber
[2021/06/25 17:34:45.480] -    > {
   >   "id": 7331635068556181,
   >   "jsonrpc": "2.0",
   >   "method": "eth_blockNumber",
   >   "params": []
   > }
[2021/06/25 17:34:45.485] -  <   {
 <     "id": 7331635068556181,
 <     "jsonrpc": "2.0",
 <     "result": "0x0"
 <   }
[2021/06/25 17:34:45.489] - net_version
[2021/06/25 17:34:45.490] -    > {
   >   "id": 2505096307922049,
   >   "jsonrpc": "2.0",
   >   "method": "net_version",
   >   "params": []
   > }
[2021/06/25 17:34:45.501] -  <   {
 <     "id": 2505096307922049,
 <     "jsonrpc": "2.0",
 <     "result": "5777"
 <   }
[2021/06/25 17:34:45.517] - net_version
[2021/06/25 17:34:45.518] -    > {
   >   "id": 2505096307922050,
   >   "jsonrpc": "2.0",
   >   "method": "net_version",
   >   "params": []
   > }
[2021/06/25 17:34:45.534] -  <   {
 <     "id": 2505096307922050,
 <     "jsonrpc": "2.0",
 <     "result": "5777"
 <   }
[2021/06/25 17:41:56.035] - eth_blockNumber
[2021/06/25 17:41:56.036] -    > {
   >   "id": 2568497727269679,
   >   "jsonrpc": "2.0",
   >   "method": "eth_blockNumber",
   >   "params": []
   > }
[2021/06/25 17:41:56.042] -  <   {
 <     "id": 2568497727269679,
 <     "jsonrpc": "2.0",
 <     "result": "0x0"
 <   }
[2021/06/25 17:41:56.046] - net_version
[2021/06/25 17:41:56.047] -    > {
   >   "id": 49464404298487,
   >   "jsonrpc": "2.0",
   >   "method": "net_version",
   >   "params": []
   > }
[2021/06/25 17:41:56.057] -  <   {
 <     "id": 49464404298487,
 <     "jsonrpc": "2.0",
 <     "result": "5777"
 <   }
[2021/06/25 17:41:56.059] - net_version
[2021/06/25 17:41:56.060] -    > {
   >   "id": 49464404298488,
   >   "jsonrpc": "2.0",
   >   "method": "net_version",
   >   "params": []
   > }
[2021/06/25 17:41:56.072] -  <   {
 <     "id": 49464404298488,
 <     "jsonrpc": "2.0",
 <     "result": "5777"
 <   }
[2021/06/25 17:43:10.600] - eth_blockNumber
[2021/06/25 17:43:10.602] -    > {
   >   "id": 3753074486160435,
   >   "jsonrpc": "2.0",
   >   "method": "eth_blockNumber",
   >   "params": []
   > }
[2021/06/25 17:43:10.614] -  <   {
 <     "id": 3753074486160435,
 <     "jsonrpc": "2.0",
 <     "result": "0x0"
 <   }
[2021/06/25 17:43:10.617] - net_version
[2021/06/25 17:43:10.618] -    > {
   >   "id": 8266308786774071,
   >   "jsonrpc": "2.0",
   >   "method": "net_version",
   >   "params": []
   > }
[2021/06/25 17:43:10.620] - net_version
[2021/06/25 17:43:10.621] -    > {
   >   "id": 8266308786774072,
   >   "jsonrpc": "2.0",
   >   "method": "net_version",
   >   "params": []
   > }
[2021/06/25 17:43:10.622] -  <   {
 <     "id": 8266308786774071,
 <     "jsonrpc": "2.0",
 <     "result": "5777"
 <   }
[2021/06/25 17:43:10.630] -  <   {
 <     "id": 8266308786774072,
 <     "jsonrpc": "2.0",
 <     "result": "5777"
 <   }
[2021/06/26 13:33:57.359] - eth_unsubscribe
[2021/06/26 13:33:57.361] -    > {
   >   "jsonrpc": "2.0",
   >   "id": 8,
   >   "method": "eth_unsubscribe",
   >   "params": [
   >     "0x3"
   >   ]
   > }
[2021/06/26 13:33:57.363] - eth_unsubscribe
[2021/06/26 13:33:57.364] -    > {
   >   "jsonrpc": "2.0",
   >   "id": 9,
   >   "method": "eth_unsubscribe",
   >   "params": [
   >     "0x4"
   >   ]
   > }
[2021/06/26 13:33:57.368] -  <   {
 <     "id": 8,
 <     "jsonrpc": "2.0",
 <     "result": true
 <   }
[2021/06/26 13:33:57.410] -    > {
   >   "jsonrpc": "2.0",
   >   "method": "eth_unsubscribe",
   >   "params": [
   >     "0x5"
   >   ],
   >   "id": 1624703637410
   > }
[2021/06/26 13:33:57.412] -    > {
   >   "jsonrpc": "2.0",
   >   "method": "eth_unsubscribe",
   >   "params": [
   >     "0x6"
   >   ],
   >   "id": 1624703637411
   > }
[2021/06/26 13:33:57.413] -    > {
   >   "jsonrpc": "2.0",
   >   "method": "eth_unsubscribe",
   >   "params": [
   >     "0x4"
   >   ],
   >   "id": 1624703637413
   > }
[2021/06/26 13:33:57.415] -    > {
   >   "jsonrpc": "2.0",
   >   "method": "eth_unsubscribe",
   >   "params": [
   >     "0x1"
   >   ],
   >   "id": 1624703637415
   > }
[2021/06/26 13:33:57.417] -    > {
   >   "jsonrpc": "2.0",
   >   "method": "eth_unsubscribe",
   >   "params": [
   >     "0x2"
   >   ],
   >   "id": 1624703637416
   > }
[2021/06/26 13:33:57.418] -  <   {
 <     "id": 9,
 <     "jsonrpc": "2.0",
 <     "result": true
 <   }
[2021/06/26 13:33:57.423] -  <   {
 <     "id": 1624703637410,
 <     "jsonrpc": "2.0",
 <     "result": true
 <   }
[2021/06/26 13:33:57.431] -  <   {
 <     "id": 1624703637411,
 <     "jsonrpc": "2.0",
 <     "result": true
 <   }
[2021/06/26 13:33:57.441] -  <   {
 <     "id": 1624703637413,
 <     "jsonrpc": "2.0",
 <     "error": {
 <       "message": "Subscription ID 0x4 not found.",
 <       "code": -32000,
 <       "data": {
 <         "stack": "Error: Subscription ID 0x4 not found.\n    at SubscriptionSubprovider.eth_unsubscribe (C:\\Program Files\\WindowsApps\\GanacheUI_2.5.4.0_x64__5dg5pnz03psnj\\app\\resources\\static\\node\\node_modules\\ganache-core\\node_modules\\web3-provider-engine\\subproviders\\subscriptions.js:78:8)\n    at SubscriptionSubprovider.handleRequest (C:\\Program Files\\WindowsApps\\GanacheUI_2.5.4.0_x64__5dg5pnz03psnj\\app\\resources\\static\\node\\node_modules\\ganache-core\\node_modules\\web3-provider-engine\\subproviders\\subscriptions.js:134:12)\n    at next (C:\\Program Files\\WindowsApps\\GanacheUI_2.5.4.0_x64__5dg5pnz03psnj\\app\\resources\\static\\node\\node_modules\\ganache-core\\node_modules\\web3-provider-engine\\index.js:136:18)\n    at DelayedBlockFilter.handleRequest (C:\\Program Files\\WindowsApps\\GanacheUI_2.5.4.0_x64__5dg5pnz03psnj\\app\\resources\\static\\node\\node_modules\\ganache-core\\lib\\subproviders\\delayedblockfilter.js:31:3)\n    at next (C:\\Program Files\\WindowsApps\\GanacheUI_2.5.4.0_x64__5dg5pnz03psnj\\app\\resources\\static\\node\\node_modules\\ganache-core\\node_modules\\web3-provider-engine\\index.js:136:18)\n    at RequestFunnel.handleRequest (C:\\Program Files\\WindowsApps\\GanacheUI_2.5.4.0_x64__5dg5pnz03psnj\\app\\resources\\static\\node\\node_modules\\ganache-core\\lib\\subproviders\\requestfunnel.js:32:12)\n    at next (C:\\Program Files\\WindowsApps\\GanacheUI_2.5.4.0_x64__5dg5pnz03psnj\\app\\resources\\static\\node\\node_modules\\ganache-core\\node_modules\\web3-provider-engine\\index.js:136:18)\n    at Web3ProviderEngine._handleAsync (C:\\Program Files\\WindowsApps\\GanacheUI_2.5.4.0_x64__5dg5pnz03psnj\\app\\resources\\static\\node\\node_modules\\ganache-core\\node_modules\\web3-provider-engine\\index.js:123:3)\n    at Timeout._onTimeout (C:\\Program Files\\WindowsApps\\GanacheUI_2.5.4.0_x64__5dg5pnz03psnj\\app\\resources\\static\\node\\node_modules\\ganache-core\\node_modules\\web3-provider-engine\\index.js:107:12)\n    at listOnTimeout (internal/timers.js:531:17)\n    at processTimers (internal/timers.js:475:7)",
 <         "name": "Error"
 <       }
 <     }
 <   }
[2021/06/26 13:33:57.471] -  <   {
 <     "id": 1624703637415,
 <     "jsonrpc": "2.0",
 <     "result": true
 <   }
[2021/06/26 13:33:57.479] -  <   {
 <     "id": 1624703637416,
 <     "jsonrpc": "2.0",
 <     "result": true
 <   }
