[2021/06/25 16:09:12.945] - Starting server with initial configuration: {"gasLimit":1,"gasPrice":0,"hardfork":"muirGlacier","hostname":"127.0.0.1","port":8545,"network_id":5777,"default_balance_ether":0,"total_accounts":8,"unlocked_accounts":[],"locked":false,"vmErrorsOnRPCResponse":true,"verbose":true,"db_path":"C:\\Users\\shaii\\AppData\\Roaming\\Ganache\\workspaces\\bright-pie\\chaindata","logDirectory":"C:\\Users\\shaii\\Desktop\\projects\\MrC\\network"}
[2021/06/25 16:09:13.312] - eth_getCode
[2021/06/25 16:09:13.313] -    > {
   >   "jsonrpc": "2.0",
   >   "id": 12,
   >   "method": "eth_getCode",
   >   "params": [
   >     "0x8c8a5c06f335f8d4bec7c3cabb23c8c2253a1cbd",
   >     "latest"
   >   ]
   > }
[2021/06/25 16:09:13.316] - eth_subscribe
[2021/06/25 16:09:13.317] -    > {
   >   "jsonrpc": "2.0",
   >   "id": 9,
   >   "method": "eth_subscribe",
   >   "params": [
   >     "newHeads"
   >   ]
   > }
[2021/06/25 16:09:13.318] - eth_getLogs
[2021/06/25 16:09:13.319] -    > {
   >   "jsonrpc": "2.0",
   >   "id": 10,
   >   "method": "eth_getLogs",
   >   "params": [
   >     {
   >       "topics": []
   >     }
   >   ]
   > }
[2021/06/25 16:09:13.322] -  <   {
 <     "id": 12,
 <     "jsonrpc": "2.0",
 <     "result": "0x"
 <   }
[2021/06/25 16:09:13.323] - eth_subscribe
[2021/06/25 16:09:13.324] -    > {
   >   "jsonrpc": "2.0",
   >   "id": 11,
   >   "method": "eth_subscribe",
   >   "params": [
   >     "logs",
   >     {
   >       "topics": []
   >     }
   >   ]
   > }
[2021/06/25 16:09:13.326] -  <   {
 <     "id": 9,
 <     "jsonrpc": "2.0",
 <     "result": "0x1"
 <   }
[2021/06/25 16:09:13.337] -  <   {
 <     "id": 10,
 <     "jsonrpc": "2.0",
 <     "result": []
 <   }
[2021/06/25 16:09:13.342] -  <   {
 <     "id": 11,
 <     "jsonrpc": "2.0",
 <     "result": "0x2"
 <   }
[2021/06/25 16:09:13.444] - eth_subscribe
[2021/06/25 16:09:13.445] -    > {
   >   "jsonrpc": "2.0",
   >   "id": 13,
   >   "method": "eth_subscribe",
   >   "params": [
   >     "newHeads"
   >   ]
   > }
[2021/06/25 16:09:13.446] - eth_getLogs
[2021/06/25 16:09:13.447] -    > {
   >   "jsonrpc": "2.0",
   >   "id": 14,
   >   "method": "eth_getLogs",
   >   "params": [
   >     {
   >       "topics": []
   >     }
   >   ]
   > }
[2021/06/25 16:09:13.448] - eth_subscribe
[2021/06/25 16:09:13.448] -    > {
   >   "jsonrpc": "2.0",
   >   "id": 15,
   >   "method": "eth_subscribe",
   >   "params": [
   >     "logs",
   >     {
   >       "topics": []
   >     }
   >   ]
   > }
[2021/06/25 16:09:13.449] -  <   {
 <     "id": 13,
 <     "jsonrpc": "2.0",
 <     "result": "0x3"
 <   }
[2021/06/25 16:09:13.456] -  <   {
 <     "id": 14,
 <     "jsonrpc": "2.0",
 <     "result": []
 <   }
[2021/06/25 16:09:13.462] -  <   {
 <     "id": 15,
 <     "jsonrpc": "2.0",
 <     "result": "0x4"
 <   }
[2021/06/25 16:09:13.575] - eth_blockNumber
[2021/06/25 16:09:13.576] -    > {
   >   "jsonrpc": "2.0",
   >   "id": 98,
   >   "method": "eth_blockNumber",
   >   "params": [],
   >   "internal": true
   > }
[2021/06/25 16:09:13.577] - eth_accounts
[2021/06/25 16:09:13.578] -    > {
   >   "jsonrpc": "2.0",
   >   "id": 99,
   >   "method": "eth_accounts",
   >   "params": [],
   >   "internal": true
   > }
[2021/06/25 16:09:13.579] - eth_blockNumber
[2021/06/25 16:09:13.580] -    > {
   >   "jsonrpc": "2.0",
   >   "id": 93,
   >   "method": "eth_blockNumber",
   >   "params": [],
   >   "internal": true
   > }
[2021/06/25 16:09:13.581] - eth_gasPrice
[2021/06/25 16:09:13.582] -    > {
   >   "jsonrpc": "2.0",
   >   "id": 100,
   >   "method": "eth_gasPrice",
   >   "params": [],
   >   "internal": true
   > }
[2021/06/25 16:09:13.583] - eth_accounts
[2021/06/25 16:09:13.584] -    > {
   >   "jsonrpc": "2.0",
   >   "id": 94,
   >   "method": "eth_accounts",
   >   "params": [],
   >   "internal": true
   > }
[2021/06/25 16:09:13.585] -  <   {
 <     "id": 98,
 <     "jsonrpc": "2.0",
 <     "result": "0x0"
 <   }
[2021/06/25 16:09:13.586] - eth_getBlockByNumber
[2021/06/25 16:09:13.587] -    > {
   >   "jsonrpc": "2.0",
   >   "id": 101,
   >   "method": "eth_getBlockByNumber",
   >   "params": [
   >     "latest",
   >     false
   >   ],
   >   "internal": true
   > }
[2021/06/25 16:09:13.588] - eth_gasPrice
[2021/06/25 16:09:13.589] -    > {
   >   "jsonrpc": "2.0",
   >   "id": 95,
   >   "method": "eth_gasPrice",
   >   "params": [],
   >   "internal": true
   > }
[2021/06/25 16:09:13.590] -  <   {
 <     "id": 99,
 <     "jsonrpc": "2.0",
 <     "result": [
 <       "0x07c5d61ec390b60f0f8fed65dc953297cd67d778",
 <       "0x15ffb213452e8e6051fcf7b6499c4132f3d2ecae",
 <       "0x016ca0fb7f715a0ef87859b3c6bbbac7e9c4a564",
 <       "0xc2eb28c3364deb7e94fdc16e91445f89f44457dd",
 <       "0x291dbf031dacfd88b2068c1ed3acc9497489baef",
 <       "0x971d8353a95d38ba480d6c839c0772f6c9b8afcf",
 <       "0xd75ced5686ff56a1fce78b84449dce7dbbf4e618",
 <       "0x73242b04fa08d1c2f356a4902223115077319140"
 <     ]
 <   }
[2021/06/25 16:09:13.591] - eth_subscribe
[2021/06/25 16:09:13.592] -    > {
   >   "jsonrpc": "2.0",
   >   "id": 102,
   >   "method": "eth_subscribe",
   >   "params": [
   >     "newHeads"
   >   ],
   >   "internal": true
   > }
[2021/06/25 16:09:13.593] - eth_getBlockByNumber
[2021/06/25 16:09:13.594] -    > {
   >   "jsonrpc": "2.0",
   >   "id": 96,
   >   "method": "eth_getBlockByNumber",
   >   "params": [
   >     "latest",
   >     false
   >   ],
   >   "internal": true
   > }
[2021/06/25 16:09:13.596] -  <   {
 <     "id": 93,
 <     "jsonrpc": "2.0",
 <     "result": "0x0"
 <   }
[2021/06/25 16:09:13.597] - eth_subscribe
[2021/06/25 16:09:13.598] -    > {
   >   "jsonrpc": "2.0",
   >   "id": 97,
   >   "method": "eth_subscribe",
   >   "params": [
   >     "newHeads"
   >   ],
   >   "internal": true
   > }
[2021/06/25 16:09:13.599] -  <   {
 <     "id": 100,
 <     "jsonrpc": "2.0",
 <     "result": "0x0"
 <   }
[2021/06/25 16:09:13.612] -  <   {
 <     "id": 94,
 <     "jsonrpc": "2.0",
 <     "result": [
 <       "0x07c5d61ec390b60f0f8fed65dc953297cd67d778",
 <       "0x15ffb213452e8e6051fcf7b6499c4132f3d2ecae",
 <       "0x016ca0fb7f715a0ef87859b3c6bbbac7e9c4a564",
 <       "0xc2eb28c3364deb7e94fdc16e91445f89f44457dd",
 <       "0x291dbf031dacfd88b2068c1ed3acc9497489baef",
 <       "0x971d8353a95d38ba480d6c839c0772f6c9b8afcf",
 <       "0xd75ced5686ff56a1fce78b84449dce7dbbf4e618",
 <       "0x73242b04fa08d1c2f356a4902223115077319140"
 <     ]
 <   }
[2021/06/25 16:09:13.627] -  <   {
 <     "id": 101,
 <     "jsonrpc": "2.0",
 <     "result": {
 <       "number": "0x0",
 <       "hash": "0x2104914efb5486e45fb3142cb6c3c08883b761b6ee3d55fb6bfaa2494e16024e",
 <       "parentHash": "0x0000000000000000000000000000000000000000000000000000000000000000",
 <       "mixHash": "0x0000000000000000000000000000000000000000000000000000000000000000",
 <       "nonce": "0x0000000000000000",
 <       "sha3Uncles": "0x1dcc4de8dec75d7aab85b567b6ccd41ad312451b948a7413f0a142fd40d49347",
 <       "logsBloom": "0x00000000000000000000000000000000000000000000000000000000000000000000000000000000000000000000000000000000000000000000000000000000000000000000000000000000000000000000000000000000000000000000000000000000000000000000000000000000000000000000000000000000000000000000000000000000000000000000000000000000000000000000000000000000000000000000000000000000000000000000000000000000000000000000000000000000000000000000000000000000000000000000000000000000000000000000000000000000000000000000000000000000000000000000000000000000",
 <       "transactionsRoot": "0x56e81f171bcc55a6ff8345e692c0f86e5b48e01b996cadc001622fb5e363b421",
 <       "stateRoot": "0xea59925e89d4eebe290b842c3f08a711adeab7951cc472346ea77665a0eed224",
 <       "receiptsRoot": "0x56e81f171bcc55a6ff8345e692c0f86e5b48e01b996cadc001622fb5e363b421",
 <       "miner": "0x0000000000000000000000000000000000000000",
 <       "difficulty": "0x0",
 <       "totalDifficulty": "0x0",
 <       "extraData": "0x",
 <       "size": "0x3e8",
 <       "gasLimit": "0x1",
 <       "gasUsed": "0x0",
 <       "timestamp": "0x60d5d578",
 <       "transactions": [],
 <       "uncles": []
 <     }
 <   }
[2021/06/25 16:09:13.631] -  <   {
 <     "id": 95,
 <     "jsonrpc": "2.0",
 <     "result": "0x0"
 <   }
[2021/06/25 16:09:13.632] - eth_accounts
[2021/06/25 16:09:13.633] -    > {
   >   "jsonrpc": "2.0",
   >   "id": 103,
   >   "method": "eth_accounts",
   >   "params": [],
   >   "internal": true
   > }
[2021/06/25 16:09:13.641] -  <   {
 <     "id": 102,
 <     "jsonrpc": "2.0",
 <     "result": "0x5"
 <   }
[2021/06/25 16:09:13.658] -  <   {
 <     "id": 96,
 <     "jsonrpc": "2.0",
 <     "result": {
 <       "number": "0x0",
 <       "hash": "0x2104914efb5486e45fb3142cb6c3c08883b761b6ee3d55fb6bfaa2494e16024e",
 <       "parentHash": "0x0000000000000000000000000000000000000000000000000000000000000000",
 <       "mixHash": "0x0000000000000000000000000000000000000000000000000000000000000000",
 <       "nonce": "0x0000000000000000",
 <       "sha3Uncles": "0x1dcc4de8dec75d7aab85b567b6ccd41ad312451b948a7413f0a142fd40d49347",
 <       "logsBloom": "0x00000000000000000000000000000000000000000000000000000000000000000000000000000000000000000000000000000000000000000000000000000000000000000000000000000000000000000000000000000000000000000000000000000000000000000000000000000000000000000000000000000000000000000000000000000000000000000000000000000000000000000000000000000000000000000000000000000000000000000000000000000000000000000000000000000000000000000000000000000000000000000000000000000000000000000000000000000000000000000000000000000000000000000000000000000000",
 <       "transactionsRoot": "0x56e81f171bcc55a6ff8345e692c0f86e5b48e01b996cadc001622fb5e363b421",
 <       "stateRoot": "0xea59925e89d4eebe290b842c3f08a711adeab7951cc472346ea77665a0eed224",
 <       "receiptsRoot": "0x56e81f171bcc55a6ff8345e692c0f86e5b48e01b996cadc001622fb5e363b421",
 <       "miner": "0x0000000000000000000000000000000000000000",
 <       "difficulty": "0x0",
 <       "totalDifficulty": "0x0",
 <       "extraData": "0x",
 <       "size": "0x3e8",
 <       "gasLimit": "0x1",
 <       "gasUsed": "0x0",
 <       "timestamp": "0x60d5d578",
 <       "transactions": [],
 <       "uncles": []
 <     }
 <   }
[2021/06/25 16:09:13.673] -  <   {
 <     "id": 97,
 <     "jsonrpc": "2.0",
 <     "result": "0x6"
 <   }
[2021/06/25 16:09:13.689] -  <   {
 <     "id": 103,
 <     "jsonrpc": "2.0",
 <     "result": [
 <       "0x07c5d61ec390b60f0f8fed65dc953297cd67d778",
 <       "0x15ffb213452e8e6051fcf7b6499c4132f3d2ecae",
 <       "0x016ca0fb7f715a0ef87859b3c6bbbac7e9c4a564",
 <       "0xc2eb28c3364deb7e94fdc16e91445f89f44457dd",
 <       "0x291dbf031dacfd88b2068c1ed3acc9497489baef",
 <       "0x971d8353a95d38ba480d6c839c0772f6c9b8afcf",
 <       "0xd75ced5686ff56a1fce78b84449dce7dbbf4e618",
 <       "0x73242b04fa08d1c2f356a4902223115077319140"
 <     ]
 <   }
[2021/06/25 16:09:13.747] - eth_getBalance
[2021/06/25 16:09:13.747] -    > {
   >   "jsonrpc": "2.0",
   >   "id": 104,
   >   "method": "eth_getBalance",
   >   "params": [
   >     "0x07c5d61ec390b60f0f8fed65dc953297cd67d778",
   >     "latest"
   >   ],
   >   "internal": true
   > }
[2021/06/25 16:09:13.758] -  <   {
 <     "id": 104,
 <     "jsonrpc": "2.0",
 <     "result": "0x0"
 <   }
[2021/06/25 16:09:13.766] - eth_getTransactionCount
[2021/06/25 16:09:13.767] -    > {
   >   "jsonrpc": "2.0",
   >   "id": 105,
   >   "method": "eth_getTransactionCount",
   >   "params": [
   >     "0x07c5d61ec390b60f0f8fed65dc953297cd67d778",
   >     "latest"
   >   ],
   >   "internal": true
   > }
[2021/06/25 16:09:13.768] - eth_getBalance
[2021/06/25 16:09:13.768] -    > {
   >   "jsonrpc": "2.0",
   >   "id": 106,
   >   "method": "eth_getBalance",
   >   "params": [
   >     "0x15ffb213452e8e6051fcf7b6499c4132f3d2ecae",
   >     "latest"
   >   ],
   >   "internal": true
   > }
[2021/06/25 16:09:13.774] -  <   {
 <     "id": 105,
 <     "jsonrpc": "2.0",
 <     "result": "0x0"
 <   }
[2021/06/25 16:09:13.775] - eth_getTransactionCount
[2021/06/25 16:09:13.775] -    > {
   >   "jsonrpc": "2.0",
   >   "id": 107,
   >   "method": "eth_getTransactionCount",
   >   "params": [
   >     "0x15ffb213452e8e6051fcf7b6499c4132f3d2ecae",
   >     "latest"
   >   ],
   >   "internal": true
   > }
[2021/06/25 16:09:13.777] -  <   {
 <     "id": 106,
 <     "jsonrpc": "2.0",
 <     "result": "0x0"
 <   }
[2021/06/25 16:09:13.787] -  <   {
 <     "id": 107,
 <     "jsonrpc": "2.0",
 <     "result": "0x0"
 <   }
[2021/06/25 16:09:13.788] - eth_getBalance
[2021/06/25 16:09:13.789] -    > {
   >   "jsonrpc": "2.0",
   >   "id": 108,
   >   "method": "eth_getBalance",
   >   "params": [
   >     "0x016ca0fb7f715a0ef87859b3c6bbbac7e9c4a564",
   >     "latest"
   >   ],
   >   "internal": true
   > }
[2021/06/25 16:09:13.798] -  <   {
 <     "id": 108,
 <     "jsonrpc": "2.0",
 <     "result": "0x0"
 <   }
[2021/06/25 16:09:13.799] - eth_getTransactionCount
[2021/06/25 16:09:13.799] -    > {
   >   "jsonrpc": "2.0",
   >   "id": 109,
   >   "method": "eth_getTransactionCount",
   >   "params": [
   >     "0x016ca0fb7f715a0ef87859b3c6bbbac7e9c4a564",
   >     "latest"
   >   ],
   >   "internal": true
   > }
[2021/06/25 16:09:13.806] -  <   {
 <     "id": 109,
 <     "jsonrpc": "2.0",
 <     "result": "0x0"
 <   }
[2021/06/25 16:09:13.807] - eth_getBalance
[2021/06/25 16:09:13.808] -    > {
   >   "jsonrpc": "2.0",
   >   "id": 110,
   >   "method": "eth_getBalance",
   >   "params": [
   >     "0xc2eb28c3364deb7e94fdc16e91445f89f44457dd",
   >     "latest"
   >   ],
   >   "internal": true
   > }
[2021/06/25 16:09:13.816] -  <   {
 <     "id": 110,
 <     "jsonrpc": "2.0",
 <     "result": "0x0"
 <   }
[2021/06/25 16:09:13.817] - eth_getTransactionCount
[2021/06/25 16:09:13.817] -    > {
   >   "jsonrpc": "2.0",
   >   "id": 111,
   >   "method": "eth_getTransactionCount",
   >   "params": [
   >     "0xc2eb28c3364deb7e94fdc16e91445f89f44457dd",
   >     "latest"
   >   ],
   >   "internal": true
   > }
[2021/06/25 16:09:13.821] -  <   {
 <     "id": 111,
 <     "jsonrpc": "2.0",
 <     "result": "0x0"
 <   }
[2021/06/25 16:09:13.824] - eth_getBalance
[2021/06/25 16:09:13.825] -    > {
   >   "jsonrpc": "2.0",
   >   "id": 112,
   >   "method": "eth_getBalance",
   >   "params": [
   >     "0x291dbf031dacfd88b2068c1ed3acc9497489baef",
   >     "latest"
   >   ],
   >   "internal": true
   > }
[2021/06/25 16:09:13.836] -  <   {
 <     "id": 112,
 <     "jsonrpc": "2.0",
 <     "result": "0x0"
 <   }
[2021/06/25 16:09:13.837] - eth_getTransactionCount
[2021/06/25 16:09:13.838] -    > {
   >   "jsonrpc": "2.0",
   >   "id": 113,
   >   "method": "eth_getTransactionCount",
   >   "params": [
   >     "0x291dbf031dacfd88b2068c1ed3acc9497489baef",
   >     "latest"
   >   ],
   >   "internal": true
   > }
[2021/06/25 16:09:13.845] -  <   {
 <     "id": 113,
 <     "jsonrpc": "2.0",
 <     "result": "0x0"
 <   }
[2021/06/25 16:09:13.846] - eth_getBalance
[2021/06/25 16:09:13.847] -    > {
   >   "jsonrpc": "2.0",
   >   "id": 114,
   >   "method": "eth_getBalance",
   >   "params": [
   >     "0x971d8353a95d38ba480d6c839c0772f6c9b8afcf",
   >     "latest"
   >   ],
   >   "internal": true
   > }
[2021/06/25 16:09:13.854] -  <   {
 <     "id": 114,
 <     "jsonrpc": "2.0",
 <     "result": "0x0"
 <   }
[2021/06/25 16:09:13.855] - eth_getTransactionCount
[2021/06/25 16:09:13.855] -    > {
   >   "jsonrpc": "2.0",
   >   "id": 115,
   >   "method": "eth_getTransactionCount",
   >   "params": [
   >     "0x971d8353a95d38ba480d6c839c0772f6c9b8afcf",
   >     "latest"
   >   ],
   >   "internal": true
   > }
[2021/06/25 16:09:13.863] -  <   {
 <     "id": 115,
 <     "jsonrpc": "2.0",
 <     "result": "0x0"
 <   }
[2021/06/25 16:09:13.864] - eth_getBalance
[2021/06/25 16:09:13.865] -    > {
   >   "jsonrpc": "2.0",
   >   "id": 116,
   >   "method": "eth_getBalance",
   >   "params": [
   >     "0xd75ced5686ff56a1fce78b84449dce7dbbf4e618",
   >     "latest"
   >   ],
   >   "internal": true
   > }
[2021/06/25 16:09:13.870] -  <   {
 <     "id": 116,
 <     "jsonrpc": "2.0",
 <     "result": "0x0"
 <   }
[2021/06/25 16:09:13.877] - eth_getTransactionCount
[2021/06/25 16:09:13.877] -    > {
   >   "jsonrpc": "2.0",
   >   "id": 117,
   >   "method": "eth_getTransactionCount",
   >   "params": [
   >     "0xd75ced5686ff56a1fce78b84449dce7dbbf4e618",
   >     "latest"
   >   ],
   >   "internal": true
   > }
[2021/06/25 16:09:13.886] -  <   {
 <     "id": 117,
 <     "jsonrpc": "2.0",
 <     "result": "0x0"
 <   }
[2021/06/25 16:09:13.887] - eth_getBalance
[2021/06/25 16:09:13.888] -    > {
   >   "jsonrpc": "2.0",
   >   "id": 118,
   >   "method": "eth_getBalance",
   >   "params": [
   >     "0x73242b04fa08d1c2f356a4902223115077319140",
   >     "latest"
   >   ],
   >   "internal": true
   > }
[2021/06/25 16:09:13.891] -  <   {
 <     "id": 118,
 <     "jsonrpc": "2.0",
 <     "result": "0x0"
 <   }
[2021/06/25 16:09:13.894] - eth_getTransactionCount
[2021/06/25 16:09:13.894] -    > {
   >   "jsonrpc": "2.0",
   >   "id": 119,
   >   "method": "eth_getTransactionCount",
   >   "params": [
   >     "0x73242b04fa08d1c2f356a4902223115077319140",
   >     "latest"
   >   ],
   >   "internal": true
   > }
[2021/06/25 16:09:13.903] -  <   {
 <     "id": 119,
 <     "jsonrpc": "2.0",
 <     "result": "0x0"
 <   }
[2021/06/25 16:09:13.913] - eth_getBalance
[2021/06/25 16:09:13.913] -    > {
   >   "jsonrpc": "2.0",
   >   "id": 121,
   >   "method": "eth_getBalance",
   >   "params": [
   >     "0x07c5d61ec390b60f0f8fed65dc953297cd67d778",
   >     "latest"
   >   ],
   >   "internal": true
   > }
[2021/06/25 16:09:13.918] -  <   {
 <     "id": 121,
 <     "jsonrpc": "2.0",
 <     "result": "0x0"
 <   }
[2021/06/25 16:09:13.924] - eth_getTransactionCount
[2021/06/25 16:09:13.925] -    > {
   >   "jsonrpc": "2.0",
   >   "id": 122,
   >   "method": "eth_getTransactionCount",
   >   "params": [
   >     "0x07c5d61ec390b60f0f8fed65dc953297cd67d778",
   >     "latest"
   >   ],
   >   "internal": true
   > }
[2021/06/25 16:09:13.934] -  <   {
 <     "id": 122,
 <     "jsonrpc": "2.0",
 <     "result": "0x0"
 <   }
[2021/06/25 16:09:13.935] - eth_getBalance
[2021/06/25 16:09:13.935] -    > {
   >   "jsonrpc": "2.0",
   >   "id": 123,
   >   "method": "eth_getBalance",
   >   "params": [
   >     "0x15ffb213452e8e6051fcf7b6499c4132f3d2ecae",
   >     "latest"
   >   ],
   >   "internal": true
   > }
[2021/06/25 16:09:13.943] -  <   {
 <     "id": 123,
 <     "jsonrpc": "2.0",
 <     "result": "0x0"
 <   }
[2021/06/25 16:09:13.944] - eth_getTransactionCount
[2021/06/25 16:09:13.944] -    > {
   >   "jsonrpc": "2.0",
   >   "id": 124,
   >   "method": "eth_getTransactionCount",
   >   "params": [
   >     "0x15ffb213452e8e6051fcf7b6499c4132f3d2ecae",
   >     "latest"
   >   ],
   >   "internal": true
   > }
[2021/06/25 16:09:13.950] -  <   {
 <     "id": 124,
 <     "jsonrpc": "2.0",
 <     "result": "0x0"
 <   }
[2021/06/25 16:09:13.952] - eth_getBalance
[2021/06/25 16:09:13.952] -    > {
   >   "jsonrpc": "2.0",
   >   "id": 125,
   >   "method": "eth_getBalance",
   >   "params": [
   >     "0x016ca0fb7f715a0ef87859b3c6bbbac7e9c4a564",
   >     "latest"
   >   ],
   >   "internal": true
   > }
[2021/06/25 16:09:13.964] -  <   {
 <     "id": 125,
 <     "jsonrpc": "2.0",
 <     "result": "0x0"
 <   }
[2021/06/25 16:09:13.966] - eth_getTransactionCount
[2021/06/25 16:09:13.966] -    > {
   >   "jsonrpc": "2.0",
   >   "id": 126,
   >   "method": "eth_getTransactionCount",
   >   "params": [
   >     "0x016ca0fb7f715a0ef87859b3c6bbbac7e9c4a564",
   >     "latest"
   >   ],
   >   "internal": true
   > }
[2021/06/25 16:09:13.975] -  <   {
 <     "id": 126,
 <     "jsonrpc": "2.0",
 <     "result": "0x0"
 <   }
[2021/06/25 16:09:13.976] - eth_getBalance
[2021/06/25 16:09:13.976] -    > {
   >   "jsonrpc": "2.0",
   >   "id": 127,
   >   "method": "eth_getBalance",
   >   "params": [
   >     "0xc2eb28c3364deb7e94fdc16e91445f89f44457dd",
   >     "latest"
   >   ],
   >   "internal": true
   > }
[2021/06/25 16:09:13.983] -  <   {
 <     "id": 127,
 <     "jsonrpc": "2.0",
 <     "result": "0x0"
 <   }
[2021/06/25 16:09:13.984] - eth_getTransactionCount
[2021/06/25 16:09:13.984] -    > {
   >   "jsonrpc": "2.0",
   >   "id": 128,
   >   "method": "eth_getTransactionCount",
   >   "params": [
   >     "0xc2eb28c3364deb7e94fdc16e91445f89f44457dd",
   >     "latest"
   >   ],
   >   "internal": true
   > }
[2021/06/25 16:09:13.992] -  <   {
 <     "id": 128,
 <     "jsonrpc": "2.0",
 <     "result": "0x0"
 <   }
[2021/06/25 16:09:13.992] - eth_getBalance
[2021/06/25 16:09:13.993] -    > {
   >   "jsonrpc": "2.0",
   >   "id": 129,
   >   "method": "eth_getBalance",
   >   "params": [
   >     "0x291dbf031dacfd88b2068c1ed3acc9497489baef",
   >     "latest"
   >   ],
   >   "internal": true
   > }
[2021/06/25 16:09:14.001] -  <   {
 <     "id": 129,
 <     "jsonrpc": "2.0",
 <     "result": "0x0"
 <   }
[2021/06/25 16:09:14.002] - eth_getTransactionCount
[2021/06/25 16:09:14.003] -    > {
   >   "jsonrpc": "2.0",
   >   "id": 130,
   >   "method": "eth_getTransactionCount",
   >   "params": [
   >     "0x291dbf031dacfd88b2068c1ed3acc9497489baef",
   >     "latest"
   >   ],
   >   "internal": true
   > }
[2021/06/25 16:09:14.009] -  <   {
 <     "id": 130,
 <     "jsonrpc": "2.0",
 <     "result": "0x0"
 <   }
[2021/06/25 16:09:14.013] - eth_getBalance
[2021/06/25 16:09:14.013] -    > {
   >   "jsonrpc": "2.0",
   >   "id": 131,
   >   "method": "eth_getBalance",
   >   "params": [
   >     "0x971d8353a95d38ba480d6c839c0772f6c9b8afcf",
   >     "latest"
   >   ],
   >   "internal": true
   > }
[2021/06/25 16:09:14.022] -  <   {
 <     "id": 131,
 <     "jsonrpc": "2.0",
 <     "result": "0x0"
 <   }
[2021/06/25 16:09:14.023] - eth_getTransactionCount
[2021/06/25 16:09:14.024] -    > {
   >   "jsonrpc": "2.0",
   >   "id": 132,
   >   "method": "eth_getTransactionCount",
   >   "params": [
   >     "0x971d8353a95d38ba480d6c839c0772f6c9b8afcf",
   >     "latest"
   >   ],
   >   "internal": true
   > }
[2021/06/25 16:09:14.026] -  <   {
 <     "id": 132,
 <     "jsonrpc": "2.0",
 <     "result": "0x0"
 <   }
[2021/06/25 16:09:14.032] - eth_getBalance
[2021/06/25 16:09:14.033] -    > {
   >   "jsonrpc": "2.0",
   >   "id": 133,
   >   "method": "eth_getBalance",
   >   "params": [
   >     "0xd75ced5686ff56a1fce78b84449dce7dbbf4e618",
   >     "latest"
   >   ],
   >   "internal": true
   > }
[2021/06/25 16:09:14.036] -  <   {
 <     "id": 133,
 <     "jsonrpc": "2.0",
 <     "result": "0x0"
 <   }
[2021/06/25 16:09:14.042] - eth_getTransactionCount
[2021/06/25 16:09:14.043] -    > {
   >   "jsonrpc": "2.0",
   >   "id": 134,
   >   "method": "eth_getTransactionCount",
   >   "params": [
   >     "0xd75ced5686ff56a1fce78b84449dce7dbbf4e618",
   >     "latest"
   >   ],
   >   "internal": true
   > }
[2021/06/25 16:09:14.054] -  <   {
 <     "id": 134,
 <     "jsonrpc": "2.0",
 <     "result": "0x0"
 <   }
[2021/06/25 16:09:14.055] - eth_getBalance
[2021/06/25 16:09:14.055] -    > {
   >   "jsonrpc": "2.0",
   >   "id": 135,
   >   "method": "eth_getBalance",
   >   "params": [
   >     "0x73242b04fa08d1c2f356a4902223115077319140",
   >     "latest"
   >   ],
   >   "internal": true
   > }
[2021/06/25 16:09:14.063] -  <   {
 <     "id": 135,
 <     "jsonrpc": "2.0",
 <     "result": "0x0"
 <   }
[2021/06/25 16:09:14.064] - eth_getTransactionCount
[2021/06/25 16:09:14.065] -    > {
   >   "jsonrpc": "2.0",
   >   "id": 136,
   >   "method": "eth_getTransactionCount",
   >   "params": [
   >     "0x73242b04fa08d1c2f356a4902223115077319140",
   >     "latest"
   >   ],
   >   "internal": true
   > }
[2021/06/25 16:09:14.070] -  <   {
 <     "id": 136,
 <     "jsonrpc": "2.0",
 <     "result": "0x0"
 <   }
[2021/06/25 16:09:14.071] - eth_getBalance
[2021/06/25 16:09:14.072] -    > {
   >   "jsonrpc": "2.0",
   >   "id": 137,
   >   "method": "eth_getBalance",
   >   "params": [
   >     "0x07c5d61ec390b60f0f8fed65dc953297cd67d778",
   >     "latest"
   >   ],
   >   "internal": true
   > }
[2021/06/25 16:09:14.082] -  <   {
 <     "id": 137,
 <     "jsonrpc": "2.0",
 <     "result": "0x0"
 <   }
[2021/06/25 16:09:14.089] - eth_getTransactionCount
[2021/06/25 16:09:14.090] -    > {
   >   "jsonrpc": "2.0",
   >   "id": 138,
   >   "method": "eth_getTransactionCount",
   >   "params": [
   >     "0x07c5d61ec390b60f0f8fed65dc953297cd67d778",
   >     "latest"
   >   ],
   >   "internal": true
   > }
[2021/06/25 16:09:14.091] - eth_getBalance
[2021/06/25 16:09:14.092] -    > {
   >   "jsonrpc": "2.0",
   >   "id": 139,
   >   "method": "eth_getBalance",
   >   "params": [
   >     "0x15ffb213452e8e6051fcf7b6499c4132f3d2ecae",
   >     "latest"
   >   ],
   >   "internal": true
   > }
[2021/06/25 16:09:14.102] -  <   {
 <     "id": 138,
 <     "jsonrpc": "2.0",
 <     "result": "0x0"
 <   }
[2021/06/25 16:09:14.103] - eth_getTransactionCount
[2021/06/25 16:09:14.104] -    > {
   >   "jsonrpc": "2.0",
   >   "id": 140,
   >   "method": "eth_getTransactionCount",
   >   "params": [
   >     "0x15ffb213452e8e6051fcf7b6499c4132f3d2ecae",
   >     "latest"
   >   ],
   >   "internal": true
   > }
[2021/06/25 16:09:14.106] -  <   {
 <     "id": 139,
 <     "jsonrpc": "2.0",
 <     "result": "0x0"
 <   }
[2021/06/25 16:09:14.111] -  <   {
 <     "id": 140,
 <     "jsonrpc": "2.0",
 <     "result": "0x0"
 <   }
[2021/06/25 16:09:14.112] - eth_getBalance
[2021/06/25 16:09:14.113] -    > {
   >   "jsonrpc": "2.0",
   >   "id": 141,
   >   "method": "eth_getBalance",
   >   "params": [
   >     "0x016ca0fb7f715a0ef87859b3c6bbbac7e9c4a564",
   >     "latest"
   >   ],
   >   "internal": true
   > }
[2021/06/25 16:09:14.123] -  <   {
 <     "id": 141,
 <     "jsonrpc": "2.0",
 <     "result": "0x0"
 <   }
[2021/06/25 16:09:14.124] - eth_getTransactionCount
[2021/06/25 16:09:14.125] -    > {
   >   "jsonrpc": "2.0",
   >   "id": 142,
   >   "method": "eth_getTransactionCount",
   >   "params": [
   >     "0x016ca0fb7f715a0ef87859b3c6bbbac7e9c4a564",
   >     "latest"
   >   ],
   >   "internal": true
   > }
[2021/06/25 16:09:14.130] -  <   {
 <     "id": 142,
 <     "jsonrpc": "2.0",
 <     "result": "0x0"
 <   }
[2021/06/25 16:09:14.133] - eth_getBalance
[2021/06/25 16:09:14.133] -    > {
   >   "jsonrpc": "2.0",
   >   "id": 143,
   >   "method": "eth_getBalance",
   >   "params": [
   >     "0xc2eb28c3364deb7e94fdc16e91445f89f44457dd",
   >     "latest"
   >   ],
   >   "internal": true
   > }
[2021/06/25 16:09:14.144] -  <   {
 <     "id": 143,
 <     "jsonrpc": "2.0",
 <     "result": "0x0"
 <   }
[2021/06/25 16:09:14.145] - eth_getTransactionCount
[2021/06/25 16:09:14.146] -    > {
   >   "jsonrpc": "2.0",
   >   "id": 144,
   >   "method": "eth_getTransactionCount",
   >   "params": [
   >     "0xc2eb28c3364deb7e94fdc16e91445f89f44457dd",
   >     "latest"
   >   ],
   >   "internal": true
   > }
[2021/06/25 16:09:14.153] -  <   {
 <     "id": 144,
 <     "jsonrpc": "2.0",
 <     "result": "0x0"
 <   }
[2021/06/25 16:09:14.154] - eth_getBalance
[2021/06/25 16:09:14.155] -    > {
   >   "jsonrpc": "2.0",
   >   "id": 145,
   >   "method": "eth_getBalance",
   >   "params": [
   >     "0x291dbf031dacfd88b2068c1ed3acc9497489baef",
   >     "latest"
   >   ],
   >   "internal": true
   > }
[2021/06/25 16:09:14.162] -  <   {
 <     "id": 145,
 <     "jsonrpc": "2.0",
 <     "result": "0x0"
 <   }
[2021/06/25 16:09:14.163] - eth_getTransactionCount
[2021/06/25 16:09:14.164] -    > {
   >   "jsonrpc": "2.0",
   >   "id": 146,
   >   "method": "eth_getTransactionCount",
   >   "params": [
   >     "0x291dbf031dacfd88b2068c1ed3acc9497489baef",
   >     "latest"
   >   ],
   >   "internal": true
   > }
[2021/06/25 16:09:14.174] -  <   {
 <     "id": 146,
 <     "jsonrpc": "2.0",
 <     "result": "0x0"
 <   }
[2021/06/25 16:09:14.175] - eth_getBalance
[2021/06/25 16:09:14.175] -    > {
   >   "jsonrpc": "2.0",
   >   "id": 147,
   >   "method": "eth_getBalance",
   >   "params": [
   >     "0x971d8353a95d38ba480d6c839c0772f6c9b8afcf",
   >     "latest"
   >   ],
   >   "internal": true
   > }
[2021/06/25 16:09:14.178] -  <   {
 <     "id": 147,
 <     "jsonrpc": "2.0",
 <     "result": "0x0"
 <   }
[2021/06/25 16:09:14.183] - eth_getTransactionCount
[2021/06/25 16:09:14.184] -    > {
   >   "jsonrpc": "2.0",
   >   "id": 148,
   >   "method": "eth_getTransactionCount",
   >   "params": [
   >     "0x971d8353a95d38ba480d6c839c0772f6c9b8afcf",
   >     "latest"
   >   ],
   >   "internal": true
   > }
[2021/06/25 16:09:14.194] -  <   {
 <     "id": 148,
 <     "jsonrpc": "2.0",
 <     "result": "0x0"
 <   }
[2021/06/25 16:09:14.195] - eth_getBalance
[2021/06/25 16:09:14.196] -    > {
   >   "jsonrpc": "2.0",
   >   "id": 149,
   >   "method": "eth_getBalance",
   >   "params": [
   >     "0xd75ced5686ff56a1fce78b84449dce7dbbf4e618",
   >     "latest"
   >   ],
   >   "internal": true
   > }
[2021/06/25 16:09:14.206] -  <   {
 <     "id": 149,
 <     "jsonrpc": "2.0",
 <     "result": "0x0"
 <   }
[2021/06/25 16:09:14.207] - eth_getTransactionCount
[2021/06/25 16:09:14.207] -    > {
   >   "jsonrpc": "2.0",
   >   "id": 150,
   >   "method": "eth_getTransactionCount",
   >   "params": [
   >     "0xd75ced5686ff56a1fce78b84449dce7dbbf4e618",
   >     "latest"
   >   ],
   >   "internal": true
   > }
[2021/06/25 16:09:14.210] -  <   {
 <     "id": 150,
 <     "jsonrpc": "2.0",
 <     "result": "0x0"
 <   }
[2021/06/25 16:09:14.216] - eth_getBalance
[2021/06/25 16:09:14.216] -    > {
   >   "jsonrpc": "2.0",
   >   "id": 151,
   >   "method": "eth_getBalance",
   >   "params": [
   >     "0x73242b04fa08d1c2f356a4902223115077319140",
   >     "latest"
   >   ],
   >   "internal": true
   > }
[2021/06/25 16:09:14.226] -  <   {
 <     "id": 151,
 <     "jsonrpc": "2.0",
 <     "result": "0x0"
 <   }
[2021/06/25 16:09:14.227] - eth_getTransactionCount
[2021/06/25 16:09:14.228] -    > {
   >   "jsonrpc": "2.0",
   >   "id": 152,
   >   "method": "eth_getTransactionCount",
   >   "params": [
   >     "0x73242b04fa08d1c2f356a4902223115077319140",
   >     "latest"
   >   ],
   >   "internal": true
   > }
[2021/06/25 16:09:14.242] -  <   {
 <     "id": 152,
 <     "jsonrpc": "2.0",
 <     "result": "0x0"
 <   }
[2021/06/25 16:09:14.379] - eth_getBalance
[2021/06/25 16:09:14.380] -    > {
   >   "jsonrpc": "2.0",
   >   "id": 153,
   >   "method": "eth_getBalance",
   >   "params": [
   >     "0x07c5d61ec390b60f0f8fed65dc953297cd67d778",
   >     "latest"
   >   ],
   >   "internal": true
   > }
[2021/06/25 16:09:14.392] -  <   {
 <     "id": 153,
 <     "jsonrpc": "2.0",
 <     "result": "0x0"
 <   }
[2021/06/25 16:09:14.393] - eth_getTransactionCount
[2021/06/25 16:09:14.393] -    > {
   >   "jsonrpc": "2.0",
   >   "id": 154,
   >   "method": "eth_getTransactionCount",
   >   "params": [
   >     "0x07c5d61ec390b60f0f8fed65dc953297cd67d778",
   >     "latest"
   >   ],
   >   "internal": true
   > }
[2021/06/25 16:09:14.401] -  <   {
 <     "id": 154,
 <     "jsonrpc": "2.0",
 <     "result": "0x0"
 <   }
[2021/06/25 16:09:14.402] - eth_getBalance
[2021/06/25 16:09:14.402] -    > {
   >   "jsonrpc": "2.0",
   >   "id": 155,
   >   "method": "eth_getBalance",
   >   "params": [
   >     "0x15ffb213452e8e6051fcf7b6499c4132f3d2ecae",
   >     "latest"
   >   ],
   >   "internal": true
   > }
[2021/06/25 16:09:14.411] -  <   {
 <     "id": 155,
 <     "jsonrpc": "2.0",
 <     "result": "0x0"
 <   }
[2021/06/25 16:09:14.412] - eth_getTransactionCount
[2021/06/25 16:09:14.413] -    > {
   >   "jsonrpc": "2.0",
   >   "id": 156,
   >   "method": "eth_getTransactionCount",
   >   "params": [
   >     "0x15ffb213452e8e6051fcf7b6499c4132f3d2ecae",
   >     "latest"
   >   ],
   >   "internal": true
   > }
[2021/06/25 16:09:14.421] -  <   {
 <     "id": 156,
 <     "jsonrpc": "2.0",
 <     "result": "0x0"
 <   }
[2021/06/25 16:09:14.422] - eth_getBalance
[2021/06/25 16:09:14.423] -    > {
   >   "jsonrpc": "2.0",
   >   "id": 157,
   >   "method": "eth_getBalance",
   >   "params": [
   >     "0x016ca0fb7f715a0ef87859b3c6bbbac7e9c4a564",
   >     "latest"
   >   ],
   >   "internal": true
   > }
[2021/06/25 16:09:14.429] -  <   {
 <     "id": 157,
 <     "jsonrpc": "2.0",
 <     "result": "0x0"
 <   }
[2021/06/25 16:09:14.432] - eth_getTransactionCount
[2021/06/25 16:09:14.433] -    > {
   >   "jsonrpc": "2.0",
   >   "id": 158,
   >   "method": "eth_getTransactionCount",
   >   "params": [
   >     "0x016ca0fb7f715a0ef87859b3c6bbbac7e9c4a564",
   >     "latest"
   >   ],
   >   "internal": true
   > }
[2021/06/25 16:09:14.441] -  <   {
 <     "id": 158,
 <     "jsonrpc": "2.0",
 <     "result": "0x0"
 <   }
[2021/06/25 16:09:14.447] - eth_getBalance
[2021/06/25 16:09:14.448] -    > {
   >   "jsonrpc": "2.0",
   >   "id": 159,
   >   "method": "eth_getBalance",
   >   "params": [
   >     "0xc2eb28c3364deb7e94fdc16e91445f89f44457dd",
   >     "latest"
   >   ],
   >   "internal": true
   > }
[2021/06/25 16:09:14.451] -  <   {
 <     "id": 159,
 <     "jsonrpc": "2.0",
 <     "result": "0x0"
 <   }
[2021/06/25 16:09:14.452] - eth_getTransactionCount
[2021/06/25 16:09:14.453] -    > {
   >   "jsonrpc": "2.0",
   >   "id": 160,
   >   "method": "eth_getTransactionCount",
   >   "params": [
   >     "0xc2eb28c3364deb7e94fdc16e91445f89f44457dd",
   >     "latest"
   >   ],
   >   "internal": true
   > }
[2021/06/25 16:09:14.454] -  <   {
 <     "id": 160,
 <     "jsonrpc": "2.0",
 <     "result": "0x0"
 <   }
[2021/06/25 16:09:14.460] - eth_getBalance
[2021/06/25 16:09:14.462] -    > {
   >   "jsonrpc": "2.0",
   >   "id": 161,
   >   "method": "eth_getBalance",
   >   "params": [
   >     "0x291dbf031dacfd88b2068c1ed3acc9497489baef",
   >     "latest"
   >   ],
   >   "internal": true
   > }
[2021/06/25 16:09:14.466] -  <   {
 <     "id": 161,
 <     "jsonrpc": "2.0",
 <     "result": "0x0"
 <   }
[2021/06/25 16:09:14.470] - eth_getTransactionCount
[2021/06/25 16:09:14.470] -    > {
   >   "jsonrpc": "2.0",
   >   "id": 162,
   >   "method": "eth_getTransactionCount",
   >   "params": [
   >     "0x291dbf031dacfd88b2068c1ed3acc9497489baef",
   >     "latest"
   >   ],
   >   "internal": true
   > }
[2021/06/25 16:09:14.476] -  <   {
 <     "id": 162,
 <     "jsonrpc": "2.0",
 <     "result": "0x0"
 <   }
[2021/06/25 16:09:14.480] - eth_getBalance
[2021/06/25 16:09:14.481] -    > {
   >   "jsonrpc": "2.0",
   >   "id": 163,
   >   "method": "eth_getBalance",
   >   "params": [
   >     "0x971d8353a95d38ba480d6c839c0772f6c9b8afcf",
   >     "latest"
   >   ],
   >   "internal": true
   > }
[2021/06/25 16:09:14.490] -  <   {
 <     "id": 163,
 <     "jsonrpc": "2.0",
 <     "result": "0x0"
 <   }
[2021/06/25 16:09:14.490] - eth_getTransactionCount
[2021/06/25 16:09:14.491] -    > {
   >   "jsonrpc": "2.0",
   >   "id": 164,
   >   "method": "eth_getTransactionCount",
   >   "params": [
   >     "0x971d8353a95d38ba480d6c839c0772f6c9b8afcf",
   >     "latest"
   >   ],
   >   "internal": true
   > }
[2021/06/25 16:09:14.499] -  <   {
 <     "id": 164,
 <     "jsonrpc": "2.0",
 <     "result": "0x0"
 <   }
[2021/06/25 16:09:14.500] - eth_getBalance
[2021/06/25 16:09:14.500] -    > {
   >   "jsonrpc": "2.0",
   >   "id": 165,
   >   "method": "eth_getBalance",
   >   "params": [
   >     "0xd75ced5686ff56a1fce78b84449dce7dbbf4e618",
   >     "latest"
   >   ],
   >   "internal": true
   > }
[2021/06/25 16:09:14.508] -  <   {
 <     "id": 165,
 <     "jsonrpc": "2.0",
 <     "result": "0x0"
 <   }
[2021/06/25 16:09:14.509] - eth_getTransactionCount
[2021/06/25 16:09:14.510] -    > {
   >   "jsonrpc": "2.0",
   >   "id": 166,
   >   "method": "eth_getTransactionCount",
   >   "params": [
   >     "0xd75ced5686ff56a1fce78b84449dce7dbbf4e618",
   >     "latest"
   >   ],
   >   "internal": true
   > }
[2021/06/25 16:09:14.521] -  <   {
 <     "id": 166,
 <     "jsonrpc": "2.0",
 <     "result": "0x0"
 <   }
[2021/06/25 16:09:14.525] - eth_getBalance
[2021/06/25 16:09:14.525] -    > {
   >   "jsonrpc": "2.0",
   >   "id": 167,
   >   "method": "eth_getBalance",
   >   "params": [
   >     "0x73242b04fa08d1c2f356a4902223115077319140",
   >     "latest"
   >   ],
   >   "internal": true
   > }
[2021/06/25 16:09:14.534] -  <   {
 <     "id": 167,
 <     "jsonrpc": "2.0",
 <     "result": "0x0"
 <   }
[2021/06/25 16:09:14.535] - eth_getTransactionCount
[2021/06/25 16:09:14.536] -    > {
   >   "jsonrpc": "2.0",
   >   "id": 168,
   >   "method": "eth_getTransactionCount",
   >   "params": [
   >     "0x73242b04fa08d1c2f356a4902223115077319140",
   >     "latest"
   >   ],
   >   "internal": true
   > }
[2021/06/25 16:09:14.554] -  <   {
 <     "id": 168,
 <     "jsonrpc": "2.0",
 <     "result": "0x0"
 <   }
[2021/06/25 16:09:53.717] - eth_unsubscribe
[2021/06/25 16:09:53.719] -    > {
   >   "jsonrpc": "2.0",
   >   "id": 16,
   >   "method": "eth_unsubscribe",
   >   "params": [
   >     "0x3"
   >   ]
   > }
[2021/06/25 16:09:53.720] - eth_unsubscribe
[2021/06/25 16:09:53.721] -    > {
   >   "jsonrpc": "2.0",
   >   "id": 17,
   >   "method": "eth_unsubscribe",
   >   "params": [
   >     "0x4"
   >   ]
   > }
[2021/06/25 16:09:53.722] -  <   {
 <     "id": 16,
 <     "jsonrpc": "2.0",
 <     "result": true
 <   }
[2021/06/25 16:09:53.725] -  <   {
 <     "id": 17,
 <     "jsonrpc": "2.0",
 <     "result": true
 <   }
[2021/06/25 16:09:53.728] -    > {
   >   "jsonrpc": "2.0",
   >   "method": "eth_unsubscribe",
   >   "params": [
   >     "0x5"
   >   ],
   >   "id": 1624626593727
   > }
[2021/06/25 16:09:53.729] -    > {
   >   "jsonrpc": "2.0",
   >   "method": "eth_unsubscribe",
   >   "params": [
   >     "0x6"
   >   ],
   >   "id": 1624626593728
   > }
[2021/06/25 16:09:53.730] -    > {
   >   "jsonrpc": "2.0",
   >   "method": "eth_unsubscribe",
   >   "params": [
   >     "0x1"
   >   ],
   >   "id": 1624626593730
   > }
[2021/06/25 16:09:53.732] -    > {
   >   "jsonrpc": "2.0",
   >   "method": "eth_unsubscribe",
   >   "params": [
   >     "0x2"
   >   ],
   >   "id": 1624626593731
   > }
