[2021/06/26 13:36:05.061] - Starting server with initial configuration: {"gasLimit":1,"gasPrice":0,"hardfork":"muirGlacier","hostname":"127.0.0.1","port":8545,"network_id":5777,"default_balance_ether":0,"total_accounts":8,"unlocked_accounts":[],"locked":false,"vmErrorsOnRPCResponse":true,"verbose":true,"db_path":"C:\\Users\\shaii\\AppData\\Roaming\\Ganache\\workspaces\\MrC_final\\chaindata","logDirectory":"C:\\Users\\shaii\\Desktop\\projects\\MrC\\network"}
[2021/06/26 13:36:05.231] - eth_getCode
[2021/06/26 13:36:05.233] -    > {
   >   "jsonrpc": "2.0",
   >   "id": 23,
   >   "method": "eth_getCode",
   >   "params": [
   >     "0x8c8a5c06f335f8d4bec7c3cabb23c8c2253a1cbd",
   >     "latest"
   >   ]
   > }
[2021/06/26 13:36:05.235] - eth_subscribe
[2021/06/26 13:36:05.236] -    > {
   >   "jsonrpc": "2.0",
   >   "id": 20,
   >   "method": "eth_subscribe",
   >   "params": [
   >     "newHeads"
   >   ]
   > }
[2021/06/26 13:36:05.237] - eth_getLogs
[2021/06/26 13:36:05.238] -    > {
   >   "jsonrpc": "2.0",
   >   "id": 21,
   >   "method": "eth_getLogs",
   >   "params": [
   >     {
   >       "topics": []
   >     }
   >   ]
   > }
[2021/06/26 13:36:05.240] -  <   {
 <     "id": 23,
 <     "jsonrpc": "2.0",
 <     "result": "0x"
 <   }
[2021/06/26 13:36:05.243] - eth_subscribe
[2021/06/26 13:36:05.245] -    > {
   >   "jsonrpc": "2.0",
   >   "id": 22,
   >   "method": "eth_subscribe",
   >   "params": [
   >     "logs",
   >     {
   >       "topics": []
   >     }
   >   ]
   > }
[2021/06/26 13:36:05.253] -  <   {
 <     "id": 20,
 <     "jsonrpc": "2.0",
 <     "result": "0x1"
 <   }
[2021/06/26 13:36:05.269] - eth_blockNumber
[2021/06/26 13:36:05.270] -    > {
   >   "id": 726001684049561,
   >   "jsonrpc": "2.0",
   >   "method": "eth_blockNumber",
   >   "params": []
   > }
[2021/06/26 13:36:05.281] -  <   {
 <     "id": 21,
 <     "jsonrpc": "2.0",
 <     "result": []
 <   }
[2021/06/26 13:36:05.293] -  <   {
 <     "id": 22,
 <     "jsonrpc": "2.0",
 <     "result": "0x2"
 <   }
[2021/06/26 13:36:05.295] -  <   {
 <     "id": 726001684049561,
 <     "jsonrpc": "2.0",
 <     "result": "0x0"
 <   }
[2021/06/26 13:36:05.380] - eth_subscribe
[2021/06/26 13:36:05.381] -    > {
   >   "jsonrpc": "2.0",
   >   "id": 24,
   >   "method": "eth_subscribe",
   >   "params": [
   >     "newHeads"
   >   ]
   > }
[2021/06/26 13:36:05.382] - eth_getLogs
[2021/06/26 13:36:05.383] -    > {
   >   "jsonrpc": "2.0",
   >   "id": 25,
   >   "method": "eth_getLogs",
   >   "params": [
   >     {
   >       "topics": []
   >     }
   >   ]
   > }
[2021/06/26 13:36:05.384] - eth_subscribe
[2021/06/26 13:36:05.384] -    > {
   >   "jsonrpc": "2.0",
   >   "id": 26,
   >   "method": "eth_subscribe",
   >   "params": [
   >     "logs",
   >     {
   >       "topics": []
   >     }
   >   ]
   > }
[2021/06/26 13:36:05.385] -  <   {
 <     "id": 24,
 <     "jsonrpc": "2.0",
 <     "result": "0x3"
 <   }
[2021/06/26 13:36:05.394] -  <   {
 <     "id": 25,
 <     "jsonrpc": "2.0",
 <     "result": []
 <   }
[2021/06/26 13:36:05.397] -  <   {
 <     "id": 26,
 <     "jsonrpc": "2.0",
 <     "result": "0x4"
 <   }
[2021/06/26 13:36:05.539] - eth_blockNumber
[2021/06/26 13:36:05.540] -    > {
   >   "jsonrpc": "2.0",
   >   "id": 270,
   >   "method": "eth_blockNumber",
   >   "params": [],
   >   "internal": true
   > }
[2021/06/26 13:36:05.541] - eth_accounts
[2021/06/26 13:36:05.542] -    > {
   >   "jsonrpc": "2.0",
   >   "id": 271,
   >   "method": "eth_accounts",
   >   "params": [],
   >   "internal": true
   > }
[2021/06/26 13:36:05.543] - eth_blockNumber
[2021/06/26 13:36:05.543] -    > {
   >   "jsonrpc": "2.0",
   >   "id": 265,
   >   "method": "eth_blockNumber",
   >   "params": [],
   >   "internal": true
   > }
[2021/06/26 13:36:05.544] - eth_gasPrice
[2021/06/26 13:36:05.545] -    > {
   >   "jsonrpc": "2.0",
   >   "id": 272,
   >   "method": "eth_gasPrice",
   >   "params": [],
   >   "internal": true
   > }
[2021/06/26 13:36:05.545] - eth_accounts
[2021/06/26 13:36:05.546] -    > {
   >   "jsonrpc": "2.0",
   >   "id": 266,
   >   "method": "eth_accounts",
   >   "params": [],
   >   "internal": true
   > }
[2021/06/26 13:36:05.546] -  <   {
 <     "id": 270,
 <     "jsonrpc": "2.0",
 <     "result": "0x0"
 <   }
[2021/06/26 13:36:05.547] - eth_getBlockByNumber
[2021/06/26 13:36:05.547] -    > {
   >   "jsonrpc": "2.0",
   >   "id": 273,
   >   "method": "eth_getBlockByNumber",
   >   "params": [
   >     "latest",
   >     false
   >   ],
   >   "internal": true
   > }
[2021/06/26 13:36:05.548] - eth_gasPrice
[2021/06/26 13:36:05.549] -    > {
   >   "jsonrpc": "2.0",
   >   "id": 267,
   >   "method": "eth_gasPrice",
   >   "params": [],
   >   "internal": true
   > }
[2021/06/26 13:36:05.549] -  <   {
 <     "id": 271,
 <     "jsonrpc": "2.0",
 <     "result": [
 <       "0x07c5d61ec390b60f0f8fed65dc953297cd67d778",
 <       "0x15ffb213452e8e6051fcf7b6499c4132f3d2ecae",
 <       "0x016ca0fb7f715a0ef87859b3c6bbbac7e9c4a564",
 <       "0xc2eb28c3364deb7e94fdc16e91445f89f44457dd",
 <       "0x291dbf031dacfd88b2068c1ed3acc9497489baef",
 <       "0x971d8353a95d38ba480d6c839c0772f6c9b8afcf",
 <       "0xd75ced5686ff56a1fce78b84449dce7dbbf4e618",
 <       "0x73242b04fa08d1c2f356a4902223115077319140"
 <     ]
 <   }
[2021/06/26 13:36:05.550] - eth_subscribe
[2021/06/26 13:36:05.551] -    > {
   >   "jsonrpc": "2.0",
   >   "id": 274,
   >   "method": "eth_subscribe",
   >   "params": [
   >     "newHeads"
   >   ],
   >   "internal": true
   > }
[2021/06/26 13:36:05.551] - eth_getBlockByNumber
[2021/06/26 13:36:05.552] -    > {
   >   "jsonrpc": "2.0",
   >   "id": 268,
   >   "method": "eth_getBlockByNumber",
   >   "params": [
   >     "latest",
   >     false
   >   ],
   >   "internal": true
   > }
[2021/06/26 13:36:05.553] -  <   {
 <     "id": 265,
 <     "jsonrpc": "2.0",
 <     "result": "0x0"
 <   }
[2021/06/26 13:36:05.553] - eth_subscribe
[2021/06/26 13:36:05.554] -    > {
   >   "jsonrpc": "2.0",
   >   "id": 269,
   >   "method": "eth_subscribe",
   >   "params": [
   >     "newHeads"
   >   ],
   >   "internal": true
   > }
[2021/06/26 13:36:05.555] -  <   {
 <     "id": 272,
 <     "jsonrpc": "2.0",
 <     "result": "0x0"
 <   }
[2021/06/26 13:36:05.570] -  <   {
 <     "id": 266,
 <     "jsonrpc": "2.0",
 <     "result": [
 <       "0x07c5d61ec390b60f0f8fed65dc953297cd67d778",
 <       "0x15ffb213452e8e6051fcf7b6499c4132f3d2ecae",
 <       "0x016ca0fb7f715a0ef87859b3c6bbbac7e9c4a564",
 <       "0xc2eb28c3364deb7e94fdc16e91445f89f44457dd",
 <       "0x291dbf031dacfd88b2068c1ed3acc9497489baef",
 <       "0x971d8353a95d38ba480d6c839c0772f6c9b8afcf",
 <       "0xd75ced5686ff56a1fce78b84449dce7dbbf4e618",
 <       "0x73242b04fa08d1c2f356a4902223115077319140"
 <     ]
 <   }
[2021/06/26 13:36:05.585] -  <   {
 <     "id": 273,
 <     "jsonrpc": "2.0",
 <     "result": {
 <       "number": "0x0",
 <       "hash": "0x2104914efb5486e45fb3142cb6c3c08883b761b6ee3d55fb6bfaa2494e16024e",
 <       "parentHash": "0x0000000000000000000000000000000000000000000000000000000000000000",
 <       "mixHash": "0x0000000000000000000000000000000000000000000000000000000000000000",
 <       "nonce": "0x0000000000000000",
 <       "sha3Uncles": "0x1dcc4de8dec75d7aab85b567b6ccd41ad312451b948a7413f0a142fd40d49347",
 <       "logsBloom": "0x00000000000000000000000000000000000000000000000000000000000000000000000000000000000000000000000000000000000000000000000000000000000000000000000000000000000000000000000000000000000000000000000000000000000000000000000000000000000000000000000000000000000000000000000000000000000000000000000000000000000000000000000000000000000000000000000000000000000000000000000000000000000000000000000000000000000000000000000000000000000000000000000000000000000000000000000000000000000000000000000000000000000000000000000000000000",
 <       "transactionsRoot": "0x56e81f171bcc55a6ff8345e692c0f86e5b48e01b996cadc001622fb5e363b421",
 <       "stateRoot": "0xea59925e89d4eebe290b842c3f08a711adeab7951cc472346ea77665a0eed224",
 <       "receiptsRoot": "0x56e81f171bcc55a6ff8345e692c0f86e5b48e01b996cadc001622fb5e363b421",
 <       "miner": "0x0000000000000000000000000000000000000000",
 <       "difficulty": "0x0",
 <       "totalDifficulty": "0x0",
 <       "extraData": "0x",
 <       "size": "0x3e8",
 <       "gasLimit": "0x1",
 <       "gasUsed": "0x0",
 <       "timestamp": "0x60d5d578",
 <       "transactions": [],
 <       "uncles": []
 <     }
 <   }
[2021/06/26 13:36:05.590] -  <   {
 <     "id": 267,
 <     "jsonrpc": "2.0",
 <     "result": "0x0"
 <   }
[2021/06/26 13:36:05.591] - eth_accounts
[2021/06/26 13:36:05.591] -    > {
   >   "jsonrpc": "2.0",
   >   "id": 275,
   >   "method": "eth_accounts",
   >   "params": [],
   >   "internal": true
   > }
[2021/06/26 13:36:05.595] -  <   {
 <     "id": 274,
 <     "jsonrpc": "2.0",
 <     "result": "0x5"
 <   }
[2021/06/26 13:36:05.601] -  <   {
 <     "id": 268,
 <     "jsonrpc": "2.0",
 <     "result": {
 <       "number": "0x0",
 <       "hash": "0x2104914efb5486e45fb3142cb6c3c08883b761b6ee3d55fb6bfaa2494e16024e",
 <       "parentHash": "0x0000000000000000000000000000000000000000000000000000000000000000",
 <       "mixHash": "0x0000000000000000000000000000000000000000000000000000000000000000",
 <       "nonce": "0x0000000000000000",
 <       "sha3Uncles": "0x1dcc4de8dec75d7aab85b567b6ccd41ad312451b948a7413f0a142fd40d49347",
 <       "logsBloom": "0x00000000000000000000000000000000000000000000000000000000000000000000000000000000000000000000000000000000000000000000000000000000000000000000000000000000000000000000000000000000000000000000000000000000000000000000000000000000000000000000000000000000000000000000000000000000000000000000000000000000000000000000000000000000000000000000000000000000000000000000000000000000000000000000000000000000000000000000000000000000000000000000000000000000000000000000000000000000000000000000000000000000000000000000000000000000",
 <       "transactionsRoot": "0x56e81f171bcc55a6ff8345e692c0f86e5b48e01b996cadc001622fb5e363b421",
 <       "stateRoot": "0xea59925e89d4eebe290b842c3f08a711adeab7951cc472346ea77665a0eed224",
 <       "receiptsRoot": "0x56e81f171bcc55a6ff8345e692c0f86e5b48e01b996cadc001622fb5e363b421",
 <       "miner": "0x0000000000000000000000000000000000000000",
 <       "difficulty": "0x0",
 <       "totalDifficulty": "0x0",
 <       "extraData": "0x",
 <       "size": "0x3e8",
 <       "gasLimit": "0x1",
 <       "gasUsed": "0x0",
 <       "timestamp": "0x60d5d578",
 <       "transactions": [],
 <       "uncles": []
 <     }
 <   }
[2021/06/26 13:36:05.616] -  <   {
 <     "id": 269,
 <     "jsonrpc": "2.0",
 <     "result": "0x6"
 <   }
[2021/06/26 13:36:05.617] -  <   {
 <     "id": 275,
 <     "jsonrpc": "2.0",
 <     "result": [
 <       "0x07c5d61ec390b60f0f8fed65dc953297cd67d778",
 <       "0x15ffb213452e8e6051fcf7b6499c4132f3d2ecae",
 <       "0x016ca0fb7f715a0ef87859b3c6bbbac7e9c4a564",
 <       "0xc2eb28c3364deb7e94fdc16e91445f89f44457dd",
 <       "0x291dbf031dacfd88b2068c1ed3acc9497489baef",
 <       "0x971d8353a95d38ba480d6c839c0772f6c9b8afcf",
 <       "0xd75ced5686ff56a1fce78b84449dce7dbbf4e618",
 <       "0x73242b04fa08d1c2f356a4902223115077319140"
 <     ]
 <   }
[2021/06/26 13:36:05.692] - eth_getBalance
[2021/06/26 13:36:05.693] -    > {
   >   "jsonrpc": "2.0",
   >   "id": 276,
   >   "method": "eth_getBalance",
   >   "params": [
   >     "0x07c5d61ec390b60f0f8fed65dc953297cd67d778",
   >     "latest"
   >   ],
   >   "internal": true
   > }
[2021/06/26 13:36:05.699] -  <   {
 <     "id": 276,
 <     "jsonrpc": "2.0",
 <     "result": "0x0"
 <   }
[2021/06/26 13:36:05.702] - eth_getTransactionCount
[2021/06/26 13:36:05.703] -    > {
   >   "jsonrpc": "2.0",
   >   "id": 277,
   >   "method": "eth_getTransactionCount",
   >   "params": [
   >     "0x07c5d61ec390b60f0f8fed65dc953297cd67d778",
   >     "latest"
   >   ],
   >   "internal": true
   > }
[2021/06/26 13:36:05.711] -  <   {
 <     "id": 277,
 <     "jsonrpc": "2.0",
 <     "result": "0x0"
 <   }
[2021/06/26 13:36:05.715] - eth_getBalance
[2021/06/26 13:36:05.716] -    > {
   >   "jsonrpc": "2.0",
   >   "id": 278,
   >   "method": "eth_getBalance",
   >   "params": [
   >     "0x15ffb213452e8e6051fcf7b6499c4132f3d2ecae",
   >     "latest"
   >   ],
   >   "internal": true
   > }
[2021/06/26 13:36:05.727] -  <   {
 <     "id": 278,
 <     "jsonrpc": "2.0",
 <     "result": "0x0"
 <   }
[2021/06/26 13:36:05.728] - eth_getTransactionCount
[2021/06/26 13:36:05.729] -    > {
   >   "jsonrpc": "2.0",
   >   "id": 279,
   >   "method": "eth_getTransactionCount",
   >   "params": [
   >     "0x15ffb213452e8e6051fcf7b6499c4132f3d2ecae",
   >     "latest"
   >   ],
   >   "internal": true
   > }
[2021/06/26 13:36:05.741] -  <   {
 <     "id": 279,
 <     "jsonrpc": "2.0",
 <     "result": "0x0"
 <   }
[2021/06/26 13:36:05.742] - eth_getBalance
[2021/06/26 13:36:05.743] -    > {
   >   "jsonrpc": "2.0",
   >   "id": 280,
   >   "method": "eth_getBalance",
   >   "params": [
   >     "0x016ca0fb7f715a0ef87859b3c6bbbac7e9c4a564",
   >     "latest"
   >   ],
   >   "internal": true
   > }
[2021/06/26 13:36:05.755] - eth_getTransactionCount
[2021/06/26 13:36:05.756] -    > {
   >   "jsonrpc": "2.0",
   >   "id": 281,
   >   "method": "eth_getTransactionCount",
   >   "params": [
   >     "0x016ca0fb7f715a0ef87859b3c6bbbac7e9c4a564",
   >     "latest"
   >   ],
   >   "internal": true
   > }
[2021/06/26 13:36:05.758] -  <   {
 <     "id": 280,
 <     "jsonrpc": "2.0",
 <     "result": "0x0"
 <   }
[2021/06/26 13:36:05.767] -  <   {
 <     "id": 281,
 <     "jsonrpc": "2.0",
 <     "result": "0x0"
 <   }
[2021/06/26 13:36:05.768] - eth_getBalance
[2021/06/26 13:36:05.769] -    > {
   >   "jsonrpc": "2.0",
   >   "id": 282,
   >   "method": "eth_getBalance",
   >   "params": [
   >     "0xc2eb28c3364deb7e94fdc16e91445f89f44457dd",
   >     "latest"
   >   ],
   >   "internal": true
   > }
[2021/06/26 13:36:05.774] -  <   {
 <     "id": 282,
 <     "jsonrpc": "2.0",
 <     "result": "0x0"
 <   }
[2021/06/26 13:36:05.779] - eth_getTransactionCount
[2021/06/26 13:36:05.780] -    > {
   >   "jsonrpc": "2.0",
   >   "id": 283,
   >   "method": "eth_getTransactionCount",
   >   "params": [
   >     "0xc2eb28c3364deb7e94fdc16e91445f89f44457dd",
   >     "latest"
   >   ],
   >   "internal": true
   > }
[2021/06/26 13:36:05.786] -  <   {
 <     "id": 283,
 <     "jsonrpc": "2.0",
 <     "result": "0x0"
 <   }
[2021/06/26 13:36:05.792] - eth_getBalance
[2021/06/26 13:36:05.793] -    > {
   >   "jsonrpc": "2.0",
   >   "id": 284,
   >   "method": "eth_getBalance",
   >   "params": [
   >     "0x291dbf031dacfd88b2068c1ed3acc9497489baef",
   >     "latest"
   >   ],
   >   "internal": true
   > }
[2021/06/26 13:36:05.802] -  <   {
 <     "id": 284,
 <     "jsonrpc": "2.0",
 <     "result": "0x0"
 <   }
[2021/06/26 13:36:05.804] - eth_getTransactionCount
[2021/06/26 13:36:05.805] -    > {
   >   "jsonrpc": "2.0",
   >   "id": 285,
   >   "method": "eth_getTransactionCount",
   >   "params": [
   >     "0x291dbf031dacfd88b2068c1ed3acc9497489baef",
   >     "latest"
   >   ],
   >   "internal": true
   > }
[2021/06/26 13:36:05.814] -  <   {
 <     "id": 285,
 <     "jsonrpc": "2.0",
 <     "result": "0x0"
 <   }
[2021/06/26 13:36:05.819] - eth_getBalance
[2021/06/26 13:36:05.819] -    > {
   >   "jsonrpc": "2.0",
   >   "id": 286,
   >   "method": "eth_getBalance",
   >   "params": [
   >     "0x971d8353a95d38ba480d6c839c0772f6c9b8afcf",
   >     "latest"
   >   ],
   >   "internal": true
   > }
[2021/06/26 13:36:05.830] - eth_getTransactionCount
[2021/06/26 13:36:05.831] -    > {
   >   "jsonrpc": "2.0",
   >   "id": 287,
   >   "method": "eth_getTransactionCount",
   >   "params": [
   >     "0x971d8353a95d38ba480d6c839c0772f6c9b8afcf",
   >     "latest"
   >   ],
   >   "internal": true
   > }
[2021/06/26 13:36:05.832] -  <   {
 <     "id": 286,
 <     "jsonrpc": "2.0",
 <     "result": "0x0"
 <   }
[2021/06/26 13:36:05.842] -  <   {
 <     "id": 287,
 <     "jsonrpc": "2.0",
 <     "result": "0x0"
 <   }
[2021/06/26 13:36:05.843] - eth_getBalance
[2021/06/26 13:36:05.844] -    > {
   >   "jsonrpc": "2.0",
   >   "id": 288,
   >   "method": "eth_getBalance",
   >   "params": [
   >     "0xd75ced5686ff56a1fce78b84449dce7dbbf4e618",
   >     "latest"
   >   ],
   >   "internal": true
   > }
[2021/06/26 13:36:05.853] - eth_getTransactionCount
[2021/06/26 13:36:05.854] -    > {
   >   "jsonrpc": "2.0",
   >   "id": 289,
   >   "method": "eth_getTransactionCount",
   >   "params": [
   >     "0xd75ced5686ff56a1fce78b84449dce7dbbf4e618",
   >     "latest"
   >   ],
   >   "internal": true
   > }
[2021/06/26 13:36:05.857] -  <   {
 <     "id": 288,
 <     "jsonrpc": "2.0",
 <     "result": "0x0"
 <   }
[2021/06/26 13:36:05.865] -  <   {
 <     "id": 289,
 <     "jsonrpc": "2.0",
 <     "result": "0x0"
 <   }
[2021/06/26 13:36:05.866] - eth_getBalance
[2021/06/26 13:36:05.866] -    > {
   >   "jsonrpc": "2.0",
   >   "id": 290,
   >   "method": "eth_getBalance",
   >   "params": [
   >     "0x73242b04fa08d1c2f356a4902223115077319140",
   >     "latest"
   >   ],
   >   "internal": true
   > }
[2021/06/26 13:36:05.877] - eth_getTransactionCount
[2021/06/26 13:36:05.878] -    > {
   >   "jsonrpc": "2.0",
   >   "id": 291,
   >   "method": "eth_getTransactionCount",
   >   "params": [
   >     "0x73242b04fa08d1c2f356a4902223115077319140",
   >     "latest"
   >   ],
   >   "internal": true
   > }
[2021/06/26 13:36:05.880] -  <   {
 <     "id": 290,
 <     "jsonrpc": "2.0",
 <     "result": "0x0"
 <   }
[2021/06/26 13:36:05.894] -  <   {
 <     "id": 291,
 <     "jsonrpc": "2.0",
 <     "result": "0x0"
 <   }
[2021/06/26 13:36:05.904] - eth_getBalance
[2021/06/26 13:36:05.905] -    > {
   >   "jsonrpc": "2.0",
   >   "id": 293,
   >   "method": "eth_getBalance",
   >   "params": [
   >     "0x07c5d61ec390b60f0f8fed65dc953297cd67d778",
   >     "latest"
   >   ],
   >   "internal": true
   > }
[2021/06/26 13:36:05.910] -  <   {
 <     "id": 293,
 <     "jsonrpc": "2.0",
 <     "result": "0x0"
 <   }
[2021/06/26 13:36:05.917] - eth_getTransactionCount
[2021/06/26 13:36:05.918] -    > {
   >   "jsonrpc": "2.0",
   >   "id": 294,
   >   "method": "eth_getTransactionCount",
   >   "params": [
   >     "0x07c5d61ec390b60f0f8fed65dc953297cd67d778",
   >     "latest"
   >   ],
   >   "internal": true
   > }
[2021/06/26 13:36:05.924] -  <   {
 <     "id": 294,
 <     "jsonrpc": "2.0",
 <     "result": "0x0"
 <   }
[2021/06/26 13:36:05.930] - eth_getBalance
[2021/06/26 13:36:05.931] -    > {
   >   "jsonrpc": "2.0",
   >   "id": 295,
   >   "method": "eth_getBalance",
   >   "params": [
   >     "0x15ffb213452e8e6051fcf7b6499c4132f3d2ecae",
   >     "latest"
   >   ],
   >   "internal": true
   > }
[2021/06/26 13:36:05.936] -  <   {
 <     "id": 295,
 <     "jsonrpc": "2.0",
 <     "result": "0x0"
 <   }
[2021/06/26 13:36:05.943] - eth_getTransactionCount
[2021/06/26 13:36:05.944] -    > {
   >   "jsonrpc": "2.0",
   >   "id": 296,
   >   "method": "eth_getTransactionCount",
   >   "params": [
   >     "0x15ffb213452e8e6051fcf7b6499c4132f3d2ecae",
   >     "latest"
   >   ],
   >   "internal": true
   > }
[2021/06/26 13:36:05.952] -  <   {
 <     "id": 296,
 <     "jsonrpc": "2.0",
 <     "result": "0x0"
 <   }
[2021/06/26 13:36:05.954] - eth_getBalance
[2021/06/26 13:36:05.955] -    > {
   >   "jsonrpc": "2.0",
   >   "id": 297,
   >   "method": "eth_getBalance",
   >   "params": [
   >     "0x016ca0fb7f715a0ef87859b3c6bbbac7e9c4a564",
   >     "latest"
   >   ],
   >   "internal": true
   > }
[2021/06/26 13:36:05.967] -  <   {
 <     "id": 297,
 <     "jsonrpc": "2.0",
 <     "result": "0x0"
 <   }
[2021/06/26 13:36:05.969] - eth_getTransactionCount
[2021/06/26 13:36:05.969] -    > {
   >   "jsonrpc": "2.0",
   >   "id": 298,
   >   "method": "eth_getTransactionCount",
   >   "params": [
   >     "0x016ca0fb7f715a0ef87859b3c6bbbac7e9c4a564",
   >     "latest"
   >   ],
   >   "internal": true
   > }
[2021/06/26 13:36:05.980] -  <   {
 <     "id": 298,
 <     "jsonrpc": "2.0",
 <     "result": "0x0"
 <   }
[2021/06/26 13:36:05.981] - eth_getBalance
[2021/06/26 13:36:05.982] -    > {
   >   "jsonrpc": "2.0",
   >   "id": 299,
   >   "method": "eth_getBalance",
   >   "params": [
   >     "0xc2eb28c3364deb7e94fdc16e91445f89f44457dd",
   >     "latest"
   >   ],
   >   "internal": true
   > }
[2021/06/26 13:36:05.994] -  <   {
 <     "id": 299,
 <     "jsonrpc": "2.0",
 <     "result": "0x0"
 <   }
[2021/06/26 13:36:05.995] - eth_getTransactionCount
[2021/06/26 13:36:05.996] -    > {
   >   "jsonrpc": "2.0",
   >   "id": 300,
   >   "method": "eth_getTransactionCount",
   >   "params": [
   >     "0xc2eb28c3364deb7e94fdc16e91445f89f44457dd",
   >     "latest"
   >   ],
   >   "internal": true
   > }
[2021/06/26 13:36:06.007] -  <   {
 <     "id": 300,
 <     "jsonrpc": "2.0",
 <     "result": "0x0"
 <   }
[2021/06/26 13:36:06.008] - eth_getBalance
[2021/06/26 13:36:06.009] -    > {
   >   "jsonrpc": "2.0",
   >   "id": 301,
   >   "method": "eth_getBalance",
   >   "params": [
   >     "0x291dbf031dacfd88b2068c1ed3acc9497489baef",
   >     "latest"
   >   ],
   >   "internal": true
   > }
[2021/06/26 13:36:06.020] -  <   {
 <     "id": 301,
 <     "jsonrpc": "2.0",
 <     "result": "0x0"
 <   }
[2021/06/26 13:36:06.022] - eth_getTransactionCount
[2021/06/26 13:36:06.023] -    > {
   >   "jsonrpc": "2.0",
   >   "id": 302,
   >   "method": "eth_getTransactionCount",
   >   "params": [
   >     "0x291dbf031dacfd88b2068c1ed3acc9497489baef",
   >     "latest"
   >   ],
   >   "internal": true
   > }
[2021/06/26 13:36:06.035] -  <   {
 <     "id": 302,
 <     "jsonrpc": "2.0",
 <     "result": "0x0"
 <   }
[2021/06/26 13:36:06.036] - eth_getBalance
[2021/06/26 13:36:06.037] -    > {
   >   "jsonrpc": "2.0",
   >   "id": 303,
   >   "method": "eth_getBalance",
   >   "params": [
   >     "0x971d8353a95d38ba480d6c839c0772f6c9b8afcf",
   >     "latest"
   >   ],
   >   "internal": true
   > }
[2021/06/26 13:36:06.047] -  <   {
 <     "id": 303,
 <     "jsonrpc": "2.0",
 <     "result": "0x0"
 <   }
[2021/06/26 13:36:06.048] - eth_getTransactionCount
[2021/06/26 13:36:06.049] -    > {
   >   "jsonrpc": "2.0",
   >   "id": 304,
   >   "method": "eth_getTransactionCount",
   >   "params": [
   >     "0x971d8353a95d38ba480d6c839c0772f6c9b8afcf",
   >     "latest"
   >   ],
   >   "internal": true
   > }
[2021/06/26 13:36:06.058] -  <   {
 <     "id": 304,
 <     "jsonrpc": "2.0",
 <     "result": "0x0"
 <   }
[2021/06/26 13:36:06.059] - eth_getBalance
[2021/06/26 13:36:06.060] -    > {
   >   "jsonrpc": "2.0",
   >   "id": 305,
   >   "method": "eth_getBalance",
   >   "params": [
   >     "0xd75ced5686ff56a1fce78b84449dce7dbbf4e618",
   >     "latest"
   >   ],
   >   "internal": true
   > }
[2021/06/26 13:36:06.064] -  <   {
 <     "id": 305,
 <     "jsonrpc": "2.0",
 <     "result": "0x0"
 <   }
[2021/06/26 13:36:06.073] - eth_getTransactionCount
[2021/06/26 13:36:06.074] -    > {
   >   "jsonrpc": "2.0",
   >   "id": 306,
   >   "method": "eth_getTransactionCount",
   >   "params": [
   >     "0xd75ced5686ff56a1fce78b84449dce7dbbf4e618",
   >     "latest"
   >   ],
   >   "internal": true
   > }
[2021/06/26 13:36:06.081] -  <   {
 <     "id": 306,
 <     "jsonrpc": "2.0",
 <     "result": "0x0"
 <   }
[2021/06/26 13:36:06.087] - eth_getBalance
[2021/06/26 13:36:06.088] -    > {
   >   "jsonrpc": "2.0",
   >   "id": 307,
   >   "method": "eth_getBalance",
   >   "params": [
   >     "0x73242b04fa08d1c2f356a4902223115077319140",
   >     "latest"
   >   ],
   >   "internal": true
   > }
[2021/06/26 13:36:06.096] -  <   {
 <     "id": 307,
 <     "jsonrpc": "2.0",
 <     "result": "0x0"
 <   }
[2021/06/26 13:36:06.099] - eth_getTransactionCount
[2021/06/26 13:36:06.100] -    > {
   >   "jsonrpc": "2.0",
   >   "id": 308,
   >   "method": "eth_getTransactionCount",
   >   "params": [
   >     "0x73242b04fa08d1c2f356a4902223115077319140",
   >     "latest"
   >   ],
   >   "internal": true
   > }
[2021/06/26 13:36:06.110] -  <   {
 <     "id": 308,
 <     "jsonrpc": "2.0",
 <     "result": "0x0"
 <   }
[2021/06/26 13:36:06.112] - eth_getBalance
[2021/06/26 13:36:06.112] -    > {
   >   "jsonrpc": "2.0",
   >   "id": 309,
   >   "method": "eth_getBalance",
   >   "params": [
   >     "0x07c5d61ec390b60f0f8fed65dc953297cd67d778",
   >     "latest"
   >   ],
   >   "internal": true
   > }
[2021/06/26 13:36:06.120] -  <   {
 <     "id": 309,
 <     "jsonrpc": "2.0",
 <     "result": "0x0"
 <   }
[2021/06/26 13:36:06.121] - eth_getTransactionCount
[2021/06/26 13:36:06.122] -    > {
   >   "jsonrpc": "2.0",
   >   "id": 310,
   >   "method": "eth_getTransactionCount",
   >   "params": [
   >     "0x07c5d61ec390b60f0f8fed65dc953297cd67d778",
   >     "latest"
   >   ],
   >   "internal": true
   > }
[2021/06/26 13:36:06.127] -  <   {
 <     "id": 310,
 <     "jsonrpc": "2.0",
 <     "result": "0x0"
 <   }
[2021/06/26 13:36:06.132] - eth_getBalance
[2021/06/26 13:36:06.132] -    > {
   >   "jsonrpc": "2.0",
   >   "id": 311,
   >   "method": "eth_getBalance",
   >   "params": [
   >     "0x15ffb213452e8e6051fcf7b6499c4132f3d2ecae",
   >     "latest"
   >   ],
   >   "internal": true
   > }
[2021/06/26 13:36:06.142] -  <   {
 <     "id": 311,
 <     "jsonrpc": "2.0",
 <     "result": "0x0"
 <   }
[2021/06/26 13:36:06.143] - eth_getTransactionCount
[2021/06/26 13:36:06.143] -    > {
   >   "jsonrpc": "2.0",
   >   "id": 312,
   >   "method": "eth_getTransactionCount",
   >   "params": [
   >     "0x15ffb213452e8e6051fcf7b6499c4132f3d2ecae",
   >     "latest"
   >   ],
   >   "internal": true
   > }
[2021/06/26 13:36:06.151] -  <   {
 <     "id": 312,
 <     "jsonrpc": "2.0",
 <     "result": "0x0"
 <   }
[2021/06/26 13:36:06.152] - eth_getBalance
[2021/06/26 13:36:06.153] -    > {
   >   "jsonrpc": "2.0",
   >   "id": 313,
   >   "method": "eth_getBalance",
   >   "params": [
   >     "0x016ca0fb7f715a0ef87859b3c6bbbac7e9c4a564",
   >     "latest"
   >   ],
   >   "internal": true
   > }
[2021/06/26 13:36:06.162] -  <   {
 <     "id": 313,
 <     "jsonrpc": "2.0",
 <     "result": "0x0"
 <   }
[2021/06/26 13:36:06.164] - eth_getTransactionCount
[2021/06/26 13:36:06.164] -    > {
   >   "jsonrpc": "2.0",
   >   "id": 314,
   >   "method": "eth_getTransactionCount",
   >   "params": [
   >     "0x016ca0fb7f715a0ef87859b3c6bbbac7e9c4a564",
   >     "latest"
   >   ],
   >   "internal": true
   > }
[2021/06/26 13:36:06.168] -  <   {
 <     "id": 314,
 <     "jsonrpc": "2.0",
 <     "result": "0x0"
 <   }
[2021/06/26 13:36:06.171] - eth_getBalance
[2021/06/26 13:36:06.173] -    > {
   >   "jsonrpc": "2.0",
   >   "id": 315,
   >   "method": "eth_getBalance",
   >   "params": [
   >     "0xc2eb28c3364deb7e94fdc16e91445f89f44457dd",
   >     "latest"
   >   ],
   >   "internal": true
   > }
[2021/06/26 13:36:06.182] -  <   {
 <     "id": 315,
 <     "jsonrpc": "2.0",
 <     "result": "0x0"
 <   }
[2021/06/26 13:36:06.183] - eth_getTransactionCount
[2021/06/26 13:36:06.184] -    > {
   >   "jsonrpc": "2.0",
   >   "id": 316,
   >   "method": "eth_getTransactionCount",
   >   "params": [
   >     "0xc2eb28c3364deb7e94fdc16e91445f89f44457dd",
   >     "latest"
   >   ],
   >   "internal": true
   > }
[2021/06/26 13:36:06.196] -  <   {
 <     "id": 316,
 <     "jsonrpc": "2.0",
 <     "result": "0x0"
 <   }
[2021/06/26 13:36:06.197] - eth_getBalance
[2021/06/26 13:36:06.198] -    > {
   >   "jsonrpc": "2.0",
   >   "id": 317,
   >   "method": "eth_getBalance",
   >   "params": [
   >     "0x291dbf031dacfd88b2068c1ed3acc9497489baef",
   >     "latest"
   >   ],
   >   "internal": true
   > }
[2021/06/26 13:36:06.207] -  <   {
 <     "id": 317,
 <     "jsonrpc": "2.0",
 <     "result": "0x0"
 <   }
[2021/06/26 13:36:06.208] - eth_getTransactionCount
[2021/06/26 13:36:06.209] -    > {
   >   "jsonrpc": "2.0",
   >   "id": 318,
   >   "method": "eth_getTransactionCount",
   >   "params": [
   >     "0x291dbf031dacfd88b2068c1ed3acc9497489baef",
   >     "latest"
   >   ],
   >   "internal": true
   > }
[2021/06/26 13:36:06.215] -  <   {
 <     "id": 318,
 <     "jsonrpc": "2.0",
 <     "result": "0x0"
 <   }
[2021/06/26 13:36:06.217] - eth_getBalance
[2021/06/26 13:36:06.218] -    > {
   >   "jsonrpc": "2.0",
   >   "id": 319,
   >   "method": "eth_getBalance",
   >   "params": [
   >     "0x971d8353a95d38ba480d6c839c0772f6c9b8afcf",
   >     "latest"
   >   ],
   >   "internal": true
   > }
[2021/06/26 13:36:06.230] -  <   {
 <     "id": 319,
 <     "jsonrpc": "2.0",
 <     "result": "0x0"
 <   }
[2021/06/26 13:36:06.231] - eth_getTransactionCount
[2021/06/26 13:36:06.231] -    > {
   >   "jsonrpc": "2.0",
   >   "id": 320,
   >   "method": "eth_getTransactionCount",
   >   "params": [
   >     "0x971d8353a95d38ba480d6c839c0772f6c9b8afcf",
   >     "latest"
   >   ],
   >   "internal": true
   > }
[2021/06/26 13:36:06.241] -  <   {
 <     "id": 320,
 <     "jsonrpc": "2.0",
 <     "result": "0x0"
 <   }
[2021/06/26 13:36:06.241] - eth_getBalance
[2021/06/26 13:36:06.242] -    > {
   >   "jsonrpc": "2.0",
   >   "id": 321,
   >   "method": "eth_getBalance",
   >   "params": [
   >     "0xd75ced5686ff56a1fce78b84449dce7dbbf4e618",
   >     "latest"
   >   ],
   >   "internal": true
   > }
[2021/06/26 13:36:06.245] -  <   {
 <     "id": 321,
 <     "jsonrpc": "2.0",
 <     "result": "0x0"
 <   }
[2021/06/26 13:36:06.249] - eth_getTransactionCount
[2021/06/26 13:36:06.250] -    > {
   >   "jsonrpc": "2.0",
   >   "id": 322,
   >   "method": "eth_getTransactionCount",
   >   "params": [
   >     "0xd75ced5686ff56a1fce78b84449dce7dbbf4e618",
   >     "latest"
   >   ],
   >   "internal": true
   > }
[2021/06/26 13:36:06.261] -  <   {
 <     "id": 322,
 <     "jsonrpc": "2.0",
 <     "result": "0x0"
 <   }
[2021/06/26 13:36:06.262] - eth_getBalance
[2021/06/26 13:36:06.263] -    > {
   >   "jsonrpc": "2.0",
   >   "id": 323,
   >   "method": "eth_getBalance",
   >   "params": [
   >     "0x73242b04fa08d1c2f356a4902223115077319140",
   >     "latest"
   >   ],
   >   "internal": true
   > }
[2021/06/26 13:36:06.272] -  <   {
 <     "id": 323,
 <     "jsonrpc": "2.0",
 <     "result": "0x0"
 <   }
[2021/06/26 13:36:06.273] - eth_getTransactionCount
[2021/06/26 13:36:06.275] -    > {
   >   "jsonrpc": "2.0",
   >   "id": 324,
   >   "method": "eth_getTransactionCount",
   >   "params": [
   >     "0x73242b04fa08d1c2f356a4902223115077319140",
   >     "latest"
   >   ],
   >   "internal": true
   > }
[2021/06/26 13:36:06.293] -  <   {
 <     "id": 324,
 <     "jsonrpc": "2.0",
 <     "result": "0x0"
 <   }
[2021/06/26 13:36:06.519] - eth_getBalance
[2021/06/26 13:36:06.521] -    > {
   >   "jsonrpc": "2.0",
   >   "id": 325,
   >   "method": "eth_getBalance",
   >   "params": [
   >     "0x07c5d61ec390b60f0f8fed65dc953297cd67d778",
   >     "latest"
   >   ],
   >   "internal": true
   > }
[2021/06/26 13:36:06.535] -  <   {
 <     "id": 325,
 <     "jsonrpc": "2.0",
 <     "result": "0x0"
 <   }
[2021/06/26 13:36:06.545] - eth_getTransactionCount
[2021/06/26 13:36:06.546] -    > {
   >   "jsonrpc": "2.0",
   >   "id": 326,
   >   "method": "eth_getTransactionCount",
   >   "params": [
   >     "0x07c5d61ec390b60f0f8fed65dc953297cd67d778",
   >     "latest"
   >   ],
   >   "internal": true
   > }
[2021/06/26 13:36:06.561] -  <   {
 <     "id": 326,
 <     "jsonrpc": "2.0",
 <     "result": "0x0"
 <   }
[2021/06/26 13:36:06.565] - eth_getBalance
[2021/06/26 13:36:06.566] -    > {
   >   "jsonrpc": "2.0",
   >   "id": 327,
   >   "method": "eth_getBalance",
   >   "params": [
   >     "0x15ffb213452e8e6051fcf7b6499c4132f3d2ecae",
   >     "latest"
   >   ],
   >   "internal": true
   > }
[2021/06/26 13:36:06.578] -  <   {
 <     "id": 327,
 <     "jsonrpc": "2.0",
 <     "result": "0x0"
 <   }
[2021/06/26 13:36:06.587] - eth_getTransactionCount
[2021/06/26 13:36:06.589] -    > {
   >   "jsonrpc": "2.0",
   >   "id": 328,
   >   "method": "eth_getTransactionCount",
   >   "params": [
   >     "0x15ffb213452e8e6051fcf7b6499c4132f3d2ecae",
   >     "latest"
   >   ],
   >   "internal": true
   > }
[2021/06/26 13:36:06.594] -  <   {
 <     "id": 328,
 <     "jsonrpc": "2.0",
 <     "result": "0x0"
 <   }
[2021/06/26 13:36:06.618] - eth_getBalance
[2021/06/26 13:36:06.619] -    > {
   >   "jsonrpc": "2.0",
   >   "id": 329,
   >   "method": "eth_getBalance",
   >   "params": [
   >     "0x016ca0fb7f715a0ef87859b3c6bbbac7e9c4a564",
   >     "latest"
   >   ],
   >   "internal": true
   > }
[2021/06/26 13:36:06.623] -  <   {
 <     "id": 329,
 <     "jsonrpc": "2.0",
 <     "result": "0x0"
 <   }
[2021/06/26 13:36:06.647] - eth_getTransactionCount
[2021/06/26 13:36:06.648] -    > {
   >   "jsonrpc": "2.0",
   >   "id": 330,
   >   "method": "eth_getTransactionCount",
   >   "params": [
   >     "0x016ca0fb7f715a0ef87859b3c6bbbac7e9c4a564",
   >     "latest"
   >   ],
   >   "internal": true
   > }
[2021/06/26 13:36:06.664] -  <   {
 <     "id": 330,
 <     "jsonrpc": "2.0",
 <     "result": "0x0"
 <   }
[2021/06/26 13:36:06.665] - eth_getBalance
[2021/06/26 13:36:06.666] -    > {
   >   "jsonrpc": "2.0",
   >   "id": 331,
   >   "method": "eth_getBalance",
   >   "params": [
   >     "0xc2eb28c3364deb7e94fdc16e91445f89f44457dd",
   >     "latest"
   >   ],
   >   "internal": true
   > }
[2021/06/26 13:36:06.679] -  <   {
 <     "id": 331,
 <     "jsonrpc": "2.0",
 <     "result": "0x0"
 <   }
[2021/06/26 13:36:06.684] - eth_getTransactionCount
[2021/06/26 13:36:06.685] -    > {
   >   "jsonrpc": "2.0",
   >   "id": 332,
   >   "method": "eth_getTransactionCount",
   >   "params": [
   >     "0xc2eb28c3364deb7e94fdc16e91445f89f44457dd",
   >     "latest"
   >   ],
   >   "internal": true
   > }
[2021/06/26 13:36:06.695] -  <   {
 <     "id": 332,
 <     "jsonrpc": "2.0",
 <     "result": "0x0"
 <   }
[2021/06/26 13:36:06.732] - eth_getBalance
[2021/06/26 13:36:06.733] -    > {
   >   "jsonrpc": "2.0",
   >   "id": 333,
   >   "method": "eth_getBalance",
   >   "params": [
   >     "0x291dbf031dacfd88b2068c1ed3acc9497489baef",
   >     "latest"
   >   ],
   >   "internal": true
   > }
[2021/06/26 13:36:06.744] -  <   {
 <     "id": 333,
 <     "jsonrpc": "2.0",
 <     "result": "0x0"
 <   }
[2021/06/26 13:36:06.746] - eth_getTransactionCount
[2021/06/26 13:36:06.747] -    > {
   >   "jsonrpc": "2.0",
   >   "id": 334,
   >   "method": "eth_getTransactionCount",
   >   "params": [
   >     "0x291dbf031dacfd88b2068c1ed3acc9497489baef",
   >     "latest"
   >   ],
   >   "internal": true
   > }
[2021/06/26 13:36:06.758] -  <   {
 <     "id": 334,
 <     "jsonrpc": "2.0",
 <     "result": "0x0"
 <   }
[2021/06/26 13:36:06.761] - eth_getBalance
[2021/06/26 13:36:06.762] -    > {
   >   "jsonrpc": "2.0",
   >   "id": 335,
   >   "method": "eth_getBalance",
   >   "params": [
   >     "0x971d8353a95d38ba480d6c839c0772f6c9b8afcf",
   >     "latest"
   >   ],
   >   "internal": true
   > }
[2021/06/26 13:36:06.775] -  <   {
 <     "id": 335,
 <     "jsonrpc": "2.0",
 <     "result": "0x0"
 <   }
[2021/06/26 13:36:06.779] - eth_getTransactionCount
[2021/06/26 13:36:06.780] -    > {
   >   "jsonrpc": "2.0",
   >   "id": 336,
   >   "method": "eth_getTransactionCount",
   >   "params": [
   >     "0x971d8353a95d38ba480d6c839c0772f6c9b8afcf",
   >     "latest"
   >   ],
   >   "internal": true
   > }
[2021/06/26 13:36:06.791] -  <   {
 <     "id": 336,
 <     "jsonrpc": "2.0",
 <     "result": "0x0"
 <   }
[2021/06/26 13:36:06.794] - eth_getBalance
[2021/06/26 13:36:06.795] -    > {
   >   "jsonrpc": "2.0",
   >   "id": 337,
   >   "method": "eth_getBalance",
   >   "params": [
   >     "0xd75ced5686ff56a1fce78b84449dce7dbbf4e618",
   >     "latest"
   >   ],
   >   "internal": true
   > }
[2021/06/26 13:36:06.807] -  <   {
 <     "id": 337,
 <     "jsonrpc": "2.0",
 <     "result": "0x0"
 <   }
[2021/06/26 13:36:06.812] - eth_getTransactionCount
[2021/06/26 13:36:06.813] -    > {
   >   "jsonrpc": "2.0",
   >   "id": 338,
   >   "method": "eth_getTransactionCount",
   >   "params": [
   >     "0xd75ced5686ff56a1fce78b84449dce7dbbf4e618",
   >     "latest"
   >   ],
   >   "internal": true
   > }
[2021/06/26 13:36:06.820] -  <   {
 <     "id": 338,
 <     "jsonrpc": "2.0",
 <     "result": "0x0"
 <   }
[2021/06/26 13:36:06.831] - eth_getBalance
[2021/06/26 13:36:06.832] -    > {
   >   "jsonrpc": "2.0",
   >   "id": 339,
   >   "method": "eth_getBalance",
   >   "params": [
   >     "0x73242b04fa08d1c2f356a4902223115077319140",
   >     "latest"
   >   ],
   >   "internal": true
   > }
[2021/06/26 13:36:06.844] -  <   {
 <     "id": 339,
 <     "jsonrpc": "2.0",
 <     "result": "0x0"
 <   }
[2021/06/26 13:36:06.845] - eth_getTransactionCount
[2021/06/26 13:36:06.846] -    > {
   >   "jsonrpc": "2.0",
   >   "id": 340,
   >   "method": "eth_getTransactionCount",
   >   "params": [
   >     "0x73242b04fa08d1c2f356a4902223115077319140",
   >     "latest"
   >   ],
   >   "internal": true
   > }
[2021/06/26 13:36:06.861] -  <   {
 <     "id": 340,
 <     "jsonrpc": "2.0",
 <     "result": "0x0"
 <   }
[2021/06/26 13:44:42.563] - eth_unsubscribe
[2021/06/26 13:44:42.566] -    > {
   >   "jsonrpc": "2.0",
   >   "id": 27,
   >   "method": "eth_unsubscribe",
   >   "params": [
   >     "0x3"
   >   ]
   > }
[2021/06/26 13:44:42.570] - eth_unsubscribe
[2021/06/26 13:44:42.572] -    > {
   >   "jsonrpc": "2.0",
   >   "id": 28,
   >   "method": "eth_unsubscribe",
   >   "params": [
   >     "0x4"
   >   ]
   > }
[2021/06/26 13:44:42.574] -  <   {
 <     "id": 27,
 <     "jsonrpc": "2.0",
 <     "result": true
 <   }
[2021/06/26 13:44:42.579] -  <   {
 <     "id": 28,
 <     "jsonrpc": "2.0",
 <     "result": true
 <   }
[2021/06/26 13:44:42.585] -    > {
   >   "jsonrpc": "2.0",
   >   "method": "eth_unsubscribe",
   >   "params": [
   >     "0x1"
   >   ],
   >   "id": 1624704282584
   > }
[2021/06/26 13:44:42.586] -    > {
   >   "jsonrpc": "2.0",
   >   "method": "eth_unsubscribe",
   >   "params": [
   >     "0x2"
   >   ],
   >   "id": 1624704282586
   > }
[2021/06/26 13:44:42.588] -    > {
   >   "jsonrpc": "2.0",
   >   "method": "eth_unsubscribe",
   >   "params": [
   >     "0x5"
   >   ],
   >   "id": 1624704282588
   > }
[2021/06/26 13:44:42.590] -    > {
   >   "jsonrpc": "2.0",
   >   "method": "eth_unsubscribe",
   >   "params": [
   >     "0x6"
   >   ],
   >   "id": 1624704282589
   > }
